    ----------------------------------------------------
	Your MATLAB license will expire in 01 days.
	Please contact your system administrator or
	MathWorks to renew this license.
    ----------------------------------------------------

	Academic License

>> setPath()
Warning: Function cummax has the same name as a MATLAB builtin. We suggest you rename the function to avoid a potential name conflict.
> In path (line 109)
  In addpath (line 86)
  In setPathHsetPathHelper (line 68)
  In setPath (line 27)
Warning: Function ismatrix has the same name as a MATLAB builtin. We suggest you rename the function to avoid a potential name conflict.
> In path (line 109)
  In addpath (line 86)
  In setPathHsetPathHelper (line 68)
  In setPath (line 27)
Warning: Function issymmetric has the same name as a MATLAB builtin. We suggest you rename the function to avoid a potential name conflict.
> In path (line 109)
  In addpath (line 86)
  In setPathHsetPathHelper (line 68)
  In setPath (line 27)
>> runSmallTests()
Warning: MATLAB has disabled some advanced graphics rendering features by switching to software OpenGL. For more information, click here.



   edu.stanford.covert.cell.sim.constant

      edu.stanford.covert.cell.sim.constant.ChromosomeSequence_Test
         testDisplay ........................................ ChromosomeSequence of 2 chromosomes (mother and daughter), of 2 strands each, each of length 500
ChromosomeSequence of 2 chromosomes (mother and daughter), of 2 strands each, each of length 500
passed in     0.530377 seconds
         testIsEqual ........................................ passed in     0.023710 seconds
         testTypeCasting .................................... passed in     2.713638 seconds
         testSubsequenceBaseCounts .......................... passed in     0.300670 seconds
         testSubsequence .................................... passed in     0.063430 seconds
         testLocateFeatures ................................. passed in     0.551302 seconds
         testFindSubsequence ................................ passed in     0.619283 seconds
         testFind ........................................... passed in     0.072442 seconds
         testEquality ....................................... passed in     0.114787 seconds
         testConcatenation .................................. passed in     0.196522 seconds
         testEnd ............................................ passed in     0.018237 seconds
         testSubscriptReferenceAssignment ................... passed in     0.969426 seconds
         testResize ......................................... passed in     0.464076 seconds
         testSize ........................................... passed in     0.019860 seconds
         testConstructor .................................... passed in     0.007766 seconds
      edu.stanford.covert.cell.sim.constant.ChromosomeSequence_Test  passed in     7.136765 seconds


      edu.stanford.covert.cell.sim.constant.Gene_Test
         testGetIndexsByPosition ............................ passed in    32.807441 seconds
      edu.stanford.covert.cell.sim.constant.Gene_Test ....... passed in    32.929347 seconds

   edu.stanford.covert.cell.sim.constant .................... passed in    40.241934 seconds


   edu.stanford.covert.cell.sim.process

      edu.stanford.covert.cell.sim.process.ChromosomeCondensation_Test
         testGeneEssentiality ............................... passed in     6.576045 seconds
         testFreeSMCADPDissociation ......................... passed in     0.895213 seconds
         testBindSMCs_NoEnzyme .............................. passed in     0.765491 seconds
         testBindSMCs_NoWater ............................... passed in     0.878945 seconds
         testBindSMCs_NoATP ................................. passed in     1.037332 seconds
         testBindSMCs_RoomForOneMoreSMC ..................... passed in     1.988552 seconds
         testBindSMCs_NoRoomForMoreSMCs ..................... passed in     7.341841 seconds
         testInitializeStateConverges ....................... passed in     7.213044 seconds
         testBindSeveralSMCs ................................ passed in     1.231087 seconds
         testConstants ...................................... passed in     1.343217 seconds
         testEvolveState .................................... passed in     2.211640 seconds
         testInitializeState ................................ passed in     1.235509 seconds
         testCalcResourceRequirements_Current ............... passed in     0.803052 seconds
         testCalcResourceRequirements_LifeCycle ............. passed in     6.898491 seconds
         testAllocateMemoryForState ......................... passed in     0.972855 seconds
         testRandStreamUsage ................................ passed in     3.301174 seconds
         testMassBalance .................................... passed in     1.228969 seconds
      edu.stanford.covert.cell.sim.process.ChromosomeCondensation_Test  passed in    46.245567 seconds


      edu.stanford.covert.cell.sim.process.ChromosomeSegregation_Test
         testGeneEssentiality ............................... passed in     2.480630 seconds
         testNoGtp .......................................... passed in     1.109372 seconds
         testNoWater ........................................ passed in     0.924380 seconds
         testNoEra .......................................... passed in     0.945535 seconds
         testNoObg .......................................... passed in     0.860984 seconds
         testNoMraZ ......................................... passed in     1.019750 seconds
         testNoCobQ ......................................... passed in     0.910120 seconds
         testSuccessfulSegregration ......................... passed in     0.978445 seconds
         testEvolveState .................................... passed in     1.112988 seconds
         testInitializeState ................................ passed in     0.924896 seconds
         testCalcResourceRequirements_Current ............... passed in     1.148997 seconds
         testCalcResourceRequirements_LifeCycle ............. passed in     6.508655 seconds
         testAllocateMemoryForState ......................... passed in     1.683141 seconds
         testRandStreamUsage ................................ passed in     2.976824 seconds
         testMassBalance .................................... passed in     0.750706 seconds
      edu.stanford.covert.cell.sim.process.ChromosomeSegregation_Test  passed in    24.662097 seconds


      edu.stanford.covert.cell.sim.process.Cytokinesis_Test
         testGeneEssentiality ............................... passed in     2.031418 seconds
         testNoWater ........................................ passed in     0.684309 seconds
         testNoEnzymes ...................................... passed in     0.663246 seconds
         testPinchCell ...................................... passed in     1.458039 seconds
         testSecondRingFallingOffRateLimited ................ passed in     0.747055 seconds
         testSecondRingFallingOffUnlimited .................. passed in     0.682631 seconds
         testFirstRingFallingOffRateLimited ................. passed in     0.746127 seconds
         testFirstRingFallingOffUnlimited ................... passed in     1.114727 seconds
         testBendingRateLimited ............................. passed in     0.840369 seconds
         testBendingUnlimited ............................... passed in     1.019924 seconds
         testBindingPolymerLimited .......................... passed in     0.814507 seconds
         testBindingUnlimited ............................... passed in     1.207852 seconds
         testNumEdges ....................................... passed in     1.018422 seconds
         testEvolveState .................................... passed in     1.186948 seconds
         testInitializeState ................................ passed in     0.794702 seconds
         testCalcResourceRequirements_Current ............... passed in     0.697931 seconds
         testCalcResourceRequirements_LifeCycle ............. passed in     5.150670 seconds
         testAllocateMemoryForState ......................... passed in     0.740293 seconds
         testRandStreamUsage ................................ passed in     2.606136 seconds
         testMassBalance .................................... passed in     0.756371 seconds
      edu.stanford.covert.cell.sim.process.Cytokinesis_Test . passed in    25.316222 seconds


      edu.stanford.covert.cell.sim.process.DNADamage_Test
         testGeneEssentiality ............................... passed in     4.066559 seconds
         testFairness ....................................... passed in     7.772191 seconds
         testMultipleReactions .............................. passed in     1.566621 seconds
         testUVBDimerization ................................ passed in     1.654027 seconds
         testStrandBreak .................................... passed in     0.795843 seconds
         testSpontaneousBaseLoss ............................ passed in     0.877610 seconds
         testSpontaneousBaseDeamination ..................... passed in     1.222930 seconds
         testGammaRayBaseOxidation .......................... passed in     0.920615 seconds
         testPhotooxidation ................................. passed in     0.832151 seconds
         testBaseReduction .................................. passed in     0.881557 seconds
         testBaseMethylation ................................ passed in     0.950015 seconds
         testBaseGlucosylTransfer ........................... passed in     0.955879 seconds
         testBaseEthylation ................................. passed in     0.973913 seconds
         testBaseAmination .................................. passed in     0.845505 seconds
         testBaseAlkylation ................................. passed in     0.896297 seconds
         testReactionStoichiometryMatrixFactorization ....... passed in     0.748999 seconds
         testConstants ...................................... passed in     1.202897 seconds
         testEvolveState .................................... passed in     0.711782 seconds
         testInitializeState ................................ passed in     0.697057 seconds
         testCalcResourceRequirements_Current ............... passed in     0.829029 seconds
         testCalcResourceRequirements_LifeCycle ............. passed in     4.600931 seconds
         testAllocateMemoryForState ......................... passed in     0.824051 seconds
         testRandStreamUsage ................................ passed in     2.733052 seconds
         testMassBalance .................................... passed in     0.809759 seconds
      edu.stanford.covert.cell.sim.process.DNADamage_Test ... passed in    39.092245 seconds


      edu.stanford.covert.cell.sim.process.DNARepair_Test
         testGeneEssentiality ............................... passed in  1681.016041 seconds
         testAllRepair ...................................... passed in  2327.360832 seconds
         testRestrictionModification ........................ passed in     0.837213 seconds
         testDisA ........................................... passed in     5.891632 seconds
         testRMSiteStrandBreakRepair ........................ passed in     0.679099 seconds
         testPolymerizeLigate ............................... passed in    19.924386 seconds
         testHR ............................................. passed in   147.113327 seconds
         testNER ............................................ passed in    14.165818 seconds
         testBER ............................................ passed in     8.547794 seconds
         testReactionPropertiesLoadedCorrectly .............. passed in    24.772885 seconds
         testConstants ...................................... passed in     0.453242 seconds
         testEvolveState .................................... passed in     0.454432 seconds
         testInitializeState ................................ passed in     0.466853 seconds
         testCalcResourceRequirements_Current ............... passed in     0.477370 seconds
         testCalcResourceRequirements_LifeCycle ............. passed in     2.451414 seconds
         testAllocateMemoryForState ......................... passed in     0.480970 seconds
         testRandStreamUsage ................................ passed in     1.409046 seconds
         testMassBalance .................................... passed in     0.477968 seconds
      edu.stanford.covert.cell.sim.process.DNARepair_Test ... passed in  4237.324757 seconds


      edu.stanford.covert.cell.sim.process.DNASupercoiling_Test
         testGeneEssentiality_NegativelySupercoiled ......... passed in     1.335900 seconds
         testGeneEssentiality_PositivelySupercoiled ......... passed in     0.989286 seconds
         testFoldChange3SigmasOutOfLimits ................... passed in     0.705593 seconds
         testFoldChange3Sigmas .............................. passed in     0.647218 seconds
         testOneRegionFoldChange ............................ passed in     0.593884 seconds
         testSingleStrandedRegions .......................... passed in     0.573315 seconds
         testTwoRegionsOneSigma ............................. passed in     0.553873 seconds
         testTwoRegionsTwoSigmas ............................ passed in     0.691735 seconds
         testThreeRegionsTwoSigmas .......................... passed in     0.646564 seconds
         testThreeRegionsThreeSigmas ........................ passed in     0.654004 seconds
         testGyraseProcessivity ............................. passed in     2.680220 seconds
         testTopoIVUnbinding ................................ passed in     0.575307 seconds
         testNoEnzyme2 ...................................... passed in     0.531393 seconds
         testNoEnzyme1 ...................................... passed in     0.531045 seconds
         testLimitingATP2 ................................... passed in     0.572318 seconds
         testLimitingATP1 ................................... passed in     0.629849 seconds
         testNoATP .......................................... passed in     0.605397 seconds
         testNoWater ........................................ passed in     0.617576 seconds
         testSigmaGreaterThanTopoILimit ..................... passed in     0.560938 seconds
         testSigmaLessThanTopoIVLimit ....................... passed in     0.563280 seconds
         testSigmaLessThanGyraseLimit ....................... passed in     0.529243 seconds
         testSigmaEqualsZero ................................ passed in     0.566626 seconds
         testEnzymeProperties ............................... passed in     0.486955 seconds
         testEvolveState .................................... passed in     0.512247 seconds
         testInitializeState ................................ passed in     0.566753 seconds
         testCalcResourceRequirements_Current ............... passed in     0.600296 seconds
         testCalcResourceRequirements_LifeCycle ............. passed in     2.254850 seconds
         testAllocateMemoryForState ......................... passed in     0.496246 seconds
         testRandStreamUsage ................................ passed in     1.559291 seconds
         testMassBalance .................................... passed in     0.574609 seconds
      edu.stanford.covert.cell.sim.process.DNASupercoiling_Test  passed in    23.961891 seconds


      edu.stanford.covert.cell.sim.process.FtsZPolymerization_Test
         testGeneEssentiality ............................... passed in     1.820224 seconds
         testApplySubstrateLimits ........................... passed in     0.535933 seconds
         testReverseElongationOnly .......................... passed in     0.528718 seconds
         testForwardElongationOnly .......................... passed in     0.511702 seconds
         testReverseNucleationOnly .......................... passed in     0.519577 seconds
         testForwardNucleationOnly .......................... passed in     0.525751 seconds
         testReverseExchangeOnly ............................ passed in     0.580899 seconds
         testForwardExchangeOnly ............................ passed in     0.555744 seconds
         testReverseActivationOnly .......................... passed in     0.517218 seconds
         testForwardActivationOnly .......................... passed in     0.571332 seconds
         testNoWater ........................................ passed in     0.498034 seconds
         testNoGdp .......................................... passed in     0.513323 seconds
         testNoGtp .......................................... passed in     0.511528 seconds
         testNoFtsZ ......................................... passed in     0.477804 seconds
         testFtsZAndGtpBalance .............................. passed in     0.835428 seconds
         testInitializedToSteadyState ....................... passed in     0.824117 seconds
         testEvolveState .................................... passed in     0.491458 seconds
         testInitializeState ................................ passed in     1.153837 seconds
         testCalcResourceRequirements_Current ............... passed in     0.463211 seconds
         testCalcResourceRequirements_LifeCycle ............. passed in     2.214415 seconds
         testAllocateMemoryForState ......................... passed in     0.470925 seconds
         testRandStreamUsage ................................ passed in     1.435796 seconds
         testMassBalance .................................... passed in     0.488196 seconds
      edu.stanford.covert.cell.sim.process.FtsZPolymerization_Test  passed in    17.543181 seconds


      edu.stanford.covert.cell.sim.process.HostInteraction_Test
         testGeneEssentiality ............................... passed in     1.059134 seconds
         testNoTLR26Activation .............................. passed in     0.502953 seconds
         testTLR26Activation ................................ passed in     0.475490 seconds
         testNotAdherent .................................... passed in     0.495342 seconds
         testAdherent ....................................... passed in     0.467850 seconds
         testProteinComparatments ........................... passed in     0.463814 seconds
         testEvolveState .................................... passed in     0.452949 seconds
         testInitializeState ................................ passed in     0.454813 seconds
         testCalcResourceRequirements_Current ............... passed in     0.455936 seconds
         testCalcResourceRequirements_LifeCycle ............. passed in     2.197617 seconds
         testAllocateMemoryForState ......................... passed in     0.467820 seconds
         testRandStreamUsage ................................ passed in     1.374153 seconds
         testMassBalance .................................... passed in     0.463953 seconds
      edu.stanford.covert.cell.sim.process.HostInteraction_Test  passed in     9.620289 seconds


      edu.stanford.covert.cell.sim.process.MacromolecularComplexation_Test
         testGeneEssentiality ............................... passed in     0.883817 seconds
         testSubunitInCorrectCompartment .................... passed in     0.502575 seconds
         testComplexRequiresEachSubunit ..................... passed in     0.594316 seconds
         testMultipleComplexsRequiringTheSameSubunit ........ passed in     0.575529 seconds
         testSubunitAndComplexQuantitiesIntegerValued ....... passed in     0.464963 seconds
         testNoComplexationWithoutAnySubunits ............... passed in     0.462650 seconds
         testEvolveState .................................... passed in     0.463258 seconds
         testInitializeState ................................ passed in     0.452553 seconds
         testCalcResourceRequirements_Current ............... passed in     0.456884 seconds
         testCalcResourceRequirements_LifeCycle ............. passed in     2.220034 seconds
         testAllocateMemoryForState ......................... passed in     0.474557 seconds
         testRandStreamUsage ................................ passed in     1.405547 seconds
         testMassBalance .................................... passed in     0.464974 seconds
      edu.stanford.covert.cell.sim.process.MacromolecularComplexation_Test  passed in     9.690593 seconds


      edu.stanford.covert.cell.sim.process.Metabolism_Test
         testSimpleFixture .................................. passed in     1.755944 seconds
         testGeneEssentiality ............................... passed in     6.383726 seconds
         testNTPRecycling ................................... passed in  1090.731438 seconds
         testInternalExchangeBounds ......................... passed in     0.742785 seconds
         testMetaboliteUptake ............................... passed in     0.658211 seconds
         testObjectiveMetabolitesCanBeIndividuallyProduced .. passed in     1.388738 seconds
         testNoChemicalReactions ............................ passed in     0.621801 seconds
         testNoTransportReactions ........................... passed in     0.630868 seconds
         testNoExternalExchangeReactions .................... passed in     0.620586 seconds
         testNoReactions .................................... passed in     0.622677 seconds
         testNoCatalysis .................................... passed in     0.624833 seconds
         testNoEnzymes ...................................... passed in     0.615392 seconds
         testNoProteinSubstrates ............................ passed in     0.632172 seconds
         testNoMedia ........................................ passed in     0.627096 seconds
         testNoSubstrates ................................... passed in     0.621755 seconds
         testWildTypeGrowth ................................. passed in     0.747818 seconds
         testConstants ...................................... passed in     0.655218 seconds
         testEvolveState .................................... passed in     0.636337 seconds
         testInitializeState ................................ passed in     0.638452 seconds
         testCalcResourceRequirements_Current ............... passed in     0.593774 seconds
         testCalcResourceRequirements_LifeCycle ............. passed in     3.803236 seconds
         testAllocateMemoryForState ......................... passed in     0.605017 seconds
         testRandStreamUsage ................................ passed in     1.815761 seconds
         testMassBalance .................................... passed in     0.616808 seconds
      edu.stanford.covert.cell.sim.process.Metabolism_Test .. passed in  1117.825142 seconds


      edu.stanford.covert.cell.sim.process.ProteinActivation_Test
         testGeneEssentiality ............................... passed in     3.918585 seconds
         testProteinRegulation .............................. passed in     0.603542 seconds
         testActivationRuleEvaluation ....................... passed in     0.569803 seconds
         testScaleState ..................................... passed in     0.642729 seconds
         testActivationRuleTranscoding ...................... passed in     0.456757 seconds
         testEvolveState .................................... passed in     0.486135 seconds
         testInitializeState ................................ passed in     0.467408 seconds
         testCalcResourceRequirements_Current ............... passed in     0.453107 seconds
         testCalcResourceRequirements_LifeCycle ............. passed in     2.164209 seconds
         testAllocateMemoryForState ......................... passed in     0.492698 seconds
         testRandStreamUsage ................................ passed in     1.416755 seconds
         testMassBalance .................................... passed in     0.465230 seconds
      edu.stanford.covert.cell.sim.process.ProteinActivation_Test  passed in    12.384060 seconds


      edu.stanford.covert.cell.sim.process.ProteinDecay_Test
         testConstants ...................................... passed in     0.766145 seconds
         testMisfoldingAndRepairFairness .................... passed in     1.211053 seconds
         testMisfoldingAndRepairOfAllProteins ............... passed in     1.298148 seconds
         testMisfoldingAndRepairOfOneInactiveComplexMonomer . passed in     0.580481 seconds
         testMisfoldingAndRepairOfOneMatureMonomer_InTermOrgMembrane  passed in     0.536154 seconds
         testMisfoldingAndRepairOfOneMatureMonomer_InTermOrgCytosol  passed in     0.541884 seconds
         testMisfoldingAndRepairOfOneMatureMonomer_InMembrane  passed in     0.537976 seconds
         testMisfoldingAndRepairOfOneMatureMonomer_NoEnzyme . passed in     0.576710 seconds
         testMisfoldingAndRepairOfOneMatureMonomer_NoATP .... passed in     0.547465 seconds
         testMisfoldingAndRepairOfOneMatureMonomer .......... passed in     0.550506 seconds
         testMisfoldingAllProteins .......................... passed in     0.834090 seconds
         testMisfoldingOfOneInactivatedComplex .............. passed in     0.583673 seconds
         testDecayofMatureComplex_InMembrane ................ passed in     0.558281 seconds
         testDecayofInactivatedComplex_InMembrane ........... passed in     0.548960 seconds
         testDecayofMatureComplex_InTerminalOrganelleMembrane  passed in     0.567691 seconds
         testDecayofMatureComplex_InTerminalOrganelleCytosol  passed in     0.581514 seconds
         testDecayofMisfoldedComplex_InMembrane ............. passed in     0.546168 seconds
         testDecayofComplexWithRNASubunits .................. passed in     0.603617 seconds
         testDecayofMatureComplexWithRNASubunits ............ passed in     0.551965 seconds
         testDecayofMatureComplex ........................... passed in     0.598722 seconds
         testDecayOfTaggedMonomer_NoPeptidase ............... passed in     0.541030 seconds
         testDecayOfTaggedMonomer_NoProteaseFtsH ............ passed in     0.535336 seconds
         testDecayOfTaggedMonomer_NoATP ..................... passed in     0.523588 seconds
         testDecayOfTaggedMonomer_LimitedWater .............. passed in     0.531184 seconds
         testDecayOfMultipleTaggedMonomers .................. passed in     0.599266 seconds
         testDecayOfTaggedMonomer ........................... passed in     0.529145 seconds
         testMonomerDecayFairness ........................... passed in     3.299811 seconds
         testDecayAllMonomersAndATaggedMonomer .............. passed in    14.013158 seconds
         testDecayMonomerAndTaggedMonomer ................... passed in     0.541122 seconds
         testDecayOfMonomer_InTerminalOrganelleMembrane ..... passed in     0.528674 seconds
         testDecayOfMonomer_InMembrane ...................... passed in     0.521833 seconds
         testDecayOfMonomer_InTerminalOrganelleCytosol ...... passed in     0.529606 seconds
         testDecayOfMonomer_NoPeptidase ..................... passed in     0.564877 seconds
         testDecayOfMonomer_NoLonProtease ................... passed in     0.534979 seconds
         testDecayOfMonomer_NoATP ........................... passed in     0.591127 seconds
         testDecayOfMonomer_InCytosol ....................... passed in     0.551734 seconds
         testGeneEssentiality ............................... passed in     1.057025 seconds
         testSynthesisDecayBalance .......................... passed in   137.767655 seconds
         testExpectations ................................... passed in  1067.987293 seconds
         testComplexMisfoldingAndCompleteDegradation ........ passed in     0.571217 seconds
         testMonomerMisfoldingAndDegradation ................ passed in     0.554756 seconds
         testEvolveState .................................... passed in     0.503436 seconds
         testInitializeState ................................ passed in     0.487344 seconds
         testCalcResourceRequirements_Current ............... passed in     0.506763 seconds
         testCalcResourceRequirements_LifeCycle ............. passed in     2.151147 seconds
         testAllocateMemoryForState ......................... passed in     0.511176 seconds
         testRandStreamUsage ................................ passed in     1.535744 seconds
         testMassBalance .................................... passed in     0.521305 seconds
      edu.stanford.covert.cell.sim.process.ProteinDecay_Test  passed in  1253.053064 seconds


      edu.stanford.covert.cell.sim.process.ProteinFolding_Test
         testGeneEssentiality ............................... passed in    20.261084 seconds
         testFoldEveryKindOfProtein ......................... passed in     4.017605 seconds
         testComplexFoldingWithMissingChaperone ............. passed in     0.510607 seconds
         testOneComplexRequiringMultipleChaperones .......... passed in     0.493780 seconds
         testSelfFoldingComplex ............................. passed in     0.490775 seconds
         testOneMonomerWithProstheticGroup_noIon ............ passed in     0.492347 seconds
         testOneMonomerWithProstheticGroup .................. passed in     0.508251 seconds
         testNoMonomersFoldWithoutTriggerFactor ............. passed in     0.494019 seconds
         testOneMonomerWithoutProstheticGroup ............... passed in     0.504361 seconds
         testConstants ...................................... passed in     0.471679 seconds
         testEvolveState .................................... passed in     0.479817 seconds
         testInitializeState ................................ passed in     0.469669 seconds
         testCalcResourceRequirements_Current ............... passed in     0.497645 seconds
         testCalcResourceRequirements_LifeCycle ............. passed in     2.131795 seconds
         testAllocateMemoryForState ......................... passed in     0.480472 seconds
         testRandStreamUsage ................................ passed in     1.418144 seconds
         testMassBalance .................................... passed in     0.494966 seconds
      edu.stanford.covert.cell.sim.process.ProteinFolding_Test  passed in    34.537167 seconds


      edu.stanford.covert.cell.sim.process.ProteinModification_Test
         testGeneEssentiality ............................... passed in     0.965490 seconds
         testFairAllocationOfResources ...................... passed in     0.838442 seconds
         testOneOfEveryMonomer .............................. passed in     0.653589 seconds
         testLipoateLigation_insufficientEnzyme ............. passed in     0.474343 seconds
         testLipoateLigation_noLipoylAMP .................... passed in     0.467842 seconds
         testLipoateLigation ................................ passed in     0.478936 seconds
         testGlutamateAdduction_insufficientEnzyme .......... passed in     0.471675 seconds
         testGlutamateAdduction_oneTooFewSubstrate .......... passed in     0.515441 seconds
         testGlutamateAdduction ............................. passed in     0.527698 seconds
         testMonomerRequiringMultiplePhosphorylations_oneTooFewATP  passed in     0.473953 seconds
         testMonomerRequiringMultiplePhosphorylations ....... passed in     0.470563 seconds
         testOnePhosphorylation_noATP ....................... passed in     0.548814 seconds
         testOnePhosphorylation_noEnyzme .................... passed in     0.470532 seconds
         testOnePhosphorylation ............................. passed in     0.471668 seconds
         testMonomerWithNoModifications ..................... passed in     0.468763 seconds
         testConstants ...................................... passed in     0.461510 seconds
         testEvolveState .................................... passed in     0.454670 seconds
         testInitializeState ................................ passed in     0.453339 seconds
         testCalcResourceRequirements_Current ............... passed in     0.456442 seconds
         testCalcResourceRequirements_LifeCycle ............. passed in     2.204469 seconds
         testAllocateMemoryForState ......................... passed in     0.501968 seconds
         testRandStreamUsage ................................ passed in     1.361251 seconds
         testMassBalance .................................... passed in     0.468066 seconds
      edu.stanford.covert.cell.sim.process.ProteinModification_Test  passed in    15.095509 seconds


      edu.stanford.covert.cell.sim.process.ProteinProcessingII_Test
         testGeneEssentiality ............................... passed in     0.778638 seconds
         testLotsOfEverything ............................... passed in     0.532001 seconds
         testLimitedPG160 ................................... passed in     0.702313 seconds
         testLimitedDiacylglycerylTransferase ............... passed in     0.518142 seconds
         testLimitedSignalPeptidase_lipoproteinsAndSecretedProteins  passed in     0.610563 seconds
         testLimitedSignalPeptidase_secretedProteinsOnly .... passed in     0.476153 seconds
         testNoLipoproteinProcessingWithoutDiacylglycerylTransferase  passed in     0.485744 seconds
         testNoProcessingWithoutSignalPeptidase ............. passed in     0.474602 seconds
         testNoProcessingWithoutWater ....................... passed in     0.492472 seconds
         testOneLipoprotein ................................. passed in     0.478003 seconds
         testOneSecretedMonomer ............................. passed in     0.502684 seconds
         testOneMonomerRequiringNoProcessing ................ passed in     0.474679 seconds
         testEvolveState .................................... passed in     0.516690 seconds
         testInitializeState ................................ passed in     0.453004 seconds
         testCalcResourceRequirements_Current ............... passed in     0.459826 seconds
         testCalcResourceRequirements_LifeCycle ............. passed in     2.165962 seconds
         testAllocateMemoryForState ......................... passed in     0.462006 seconds
         testRandStreamUsage ................................ passed in     1.540321 seconds
         testMassBalance .................................... passed in     0.476228 seconds
      edu.stanford.covert.cell.sim.process.ProteinProcessingII_Test  passed in    12.945099 seconds


      edu.stanford.covert.cell.sim.process.ProteinProcessingI_Test
         testGeneEssentiality ............................... passed in     0.824014 seconds
         testLittleWater .................................... passed in     0.508664 seconds
         testLotsOfEverything ............................... passed in     0.479473 seconds
         testLimitedMethionineAminoPeptidase ................ passed in     0.479029 seconds
         testLimitedDeformylase_withCleaving ................ passed in     0.481843 seconds
         testLimitedDeformylase_moreMonomerKindsThanEnzymeBandwidth  passed in     0.471961 seconds
         testLimitedDeformylase ............................. passed in     0.478428 seconds
         testNoCleavageWithoutMethionineAminoPeptidase ...... passed in     0.470928 seconds
         testNoDeformylationWithoutDeformylase .............. passed in     0.474947 seconds
         testOneDeformylationAndCleavage .................... passed in     0.478495 seconds
         testOneDeformylation ............................... passed in     0.520185 seconds
         testEvolveState .................................... passed in     0.471226 seconds
         testInitializeState ................................ passed in     0.448264 seconds
         testCalcResourceRequirements_Current ............... passed in     0.469917 seconds
         testCalcResourceRequirements_LifeCycle ............. passed in     2.188121 seconds
         testAllocateMemoryForState ......................... passed in     0.458745 seconds
         testRandStreamUsage ................................ passed in     1.438643 seconds
         testMassBalance .................................... passed in     0.461657 seconds
      edu.stanford.covert.cell.sim.process.ProteinProcessingI_Test  passed in    11.960954 seconds


      edu.stanford.covert.cell.sim.process.ProteinTranslocation_Test
         testGeneEssentiality ............................... passed in     0.894469 seconds
         testAllProteinsCanBeProcessed ...................... passed in     0.613099 seconds
         testFairness ....................................... passed in     1.847026 seconds
         testOneTranslocationToExterior ..................... passed in     0.561193 seconds
         testOneTranslocationToMembrane_Lipoprotein ......... passed in     0.529116 seconds
         testOneTranslocationToMembrane_IntegralMembrane .... passed in     0.564299 seconds
         testOneProteinThatDoesNotRequireTranslocation ...... passed in     0.476738 seconds
         testEvolveState .................................... passed in     0.614433 seconds
         testInitializeState ................................ passed in     0.474886 seconds
         testCalcResourceRequirements_Current ............... passed in     0.480993 seconds
         testCalcResourceRequirements_LifeCycle ............. passed in     2.160733 seconds
         testAllocateMemoryForState ......................... passed in     0.468408 seconds
         testRandStreamUsage ................................ passed in     1.416164 seconds
         testMassBalance .................................... passed in     0.456935 seconds
      edu.stanford.covert.cell.sim.process.ProteinTranslocation_Test  passed in    11.824614 seconds


      edu.stanford.covert.cell.sim.process.RNADecay_Test
         testGeneEssentiality ............................... passed in     3.702984 seconds
         testExpectations ................................... passed in   159.372922 seconds
         testDecayAbortedTranscripts ........................ passed in     0.463724 seconds
         testDecayAminoacylatedRNAs ......................... passed in     1.574178 seconds
         testDecayRatesHigh ................................. passed in     1.631146 seconds
         testDecayRatesZero ................................. passed in     0.507991 seconds
         testNoRNAs ......................................... passed in     0.463593 seconds
         testHydrolaseRateZero .............................. passed in     0.617920 seconds
         testNoHydrolase .................................... passed in     0.619674 seconds
         testNoRibonuclease ................................. passed in     0.461108 seconds
         testNoWater ........................................ passed in     0.468766 seconds
         testImpartialityRegardingKindsOfRNA ................ passed in     1.066834 seconds
         testGlutamineDecay ................................. passed in     0.481808 seconds
         testFMethionineDecay ............................... passed in     0.519738 seconds
         testConstants ...................................... passed in     0.459052 seconds
         testEvolveState .................................... passed in     0.462122 seconds
         testInitializeState ................................ passed in     0.454154 seconds
         testCalcResourceRequirements_Current ............... passed in     0.458161 seconds
         testCalcResourceRequirements_LifeCycle ............. passed in     2.434016 seconds
         testAllocateMemoryForState ......................... passed in     0.465857 seconds
         testRandStreamUsage ................................ passed in     1.444346 seconds
         testMassBalance .................................... passed in     0.479375 seconds
      edu.stanford.covert.cell.sim.process.RNADecay_Test .... passed in   179.038907 seconds


      edu.stanford.covert.cell.sim.process.RNAModification_Test
         testGeneEssentiality ............................... passed in     1.177946 seconds
         testFairAllocationOfResources ...................... passed in     1.215300 seconds
         testOneOfEveryRNA .................................. passed in     0.490607 seconds
         testTRNAPseudouridineSynthaseA_insufficientEnzyme .. passed in     0.481986 seconds
         testTRNAPseudouridineSynthaseA ..................... passed in     0.482611 seconds
         testTRNAGuanineN7MethylTransferase_insufficientEnzyme  passed in     0.599426 seconds
         testTRNAGuanineN7MethylTransferase_oneTooFewSubstrate  passed in     0.572257 seconds
         testTRNAGuanineN7MethylTransferase ................. passed in     0.485710 seconds
         testRNARequiringMultipleModifications_oneTooFewATP . passed in     0.475271 seconds
         testRNARequiringMultipleModifications .............. passed in     0.480457 seconds
         testOneTRNAU8SulfurTransferase_noATP ............... passed in     0.472372 seconds
         testOneTRNAU8SulfurTransferase_noEnyzme ............ passed in     0.523460 seconds
         testOneTRNAU8SulfurTransferase ..................... passed in     0.477012 seconds
         testRNAWithNoModifications ......................... passed in     0.466888 seconds
         testEvolveState .................................... passed in     0.446994 seconds
         testInitializeState ................................ passed in     0.453776 seconds
         testCalcResourceRequirements_Current ............... passed in     0.452330 seconds
         testCalcResourceRequirements_LifeCycle ............. passed in     2.157365 seconds
         testAllocateMemoryForState ......................... passed in     0.464104 seconds
         testRandStreamUsage ................................ passed in     1.351004 seconds
         testMassBalance .................................... passed in     0.465014 seconds
      edu.stanford.covert.cell.sim.process.RNAModification_Test  passed in    14.547476 seconds


      edu.stanford.covert.cell.sim.process.RNAProcessing_Test
         testGeneEssentiality ............................... passed in     0.717405 seconds
         testFairTRNAProcessing ............................. passed in     0.503428 seconds
         testAllRNAProcessing ............................... passed in     0.467510 seconds
         testTRNAProcessingWaterLimits ...................... passed in     0.477769 seconds
         testTRNAProcessing ................................. passed in     0.503610 seconds
         testSRNAProcessing ................................. passed in     0.491874 seconds
         testRRNAProcessing ................................. passed in     0.501534 seconds
         testMRNAProcessing ................................. passed in     0.472105 seconds
         testConstants ...................................... passed in     1.077614 seconds
         testEvolveState .................................... passed in     0.403217 seconds
         testInitializeState ................................ passed in     0.451319 seconds
         testCalcResourceRequirements_Current ............... passed in     0.450730 seconds
         testCalcResourceRequirements_LifeCycle ............. passed in     2.146306 seconds
         testAllocateMemoryForState ......................... passed in     0.460006 seconds
         testRandStreamUsage ................................ passed in     1.388342 seconds
         testMassBalance .................................... passed in     0.457289 seconds
      edu.stanford.covert.cell.sim.process.RNAProcessing_Test  passed in    11.268400 seconds


      edu.stanford.covert.cell.sim.process.ReplicationInitiation_Test
         testGeneEssentiality ............................... passed in     1.130128 seconds
         testDuration ....................................... FAILED in     5.710369 seconds
         testInactivateFreeDnaAATP_LimitedWater ............. passed in     0.470779 seconds
         testInactivateFreeDnaAATP .......................... passed in     0.467045 seconds
         testDnaAADPRegenerationFollowReplicationInitiation . passed in   484.128933 seconds
         testComplexFormation ............................... passed in     6.052496 seconds
         testNoEnzymes ...................................... passed in     0.491786 seconds
         testDnaAComplexDissociation_NoWater ................ passed in     0.516394 seconds
         testDnaAComplexDissociation ........................ passed in     0.541450 seconds
         testDnaAComplexCompletion .......................... passed in     0.532607 seconds
         testNoDnaAComplexGrowthWithDnaAAdpBoundToRSite ..... passed in     1.548557 seconds
         testDnaAComplexGrowth .............................. passed in     1.609030 seconds
         testDnaARegeneration ............................... passed in     0.513865 seconds
         testDnaAAdpUnbinding ............................... passed in     0.603966 seconds
         testDnaAAdpBindingInOriCRegion ..................... passed in     0.815933 seconds
         testDnaAAdpBindingTo8mer ........................... passed in     0.526476 seconds
         testDnaAAdpBindingTo9mer ........................... passed in     0.535666 seconds
         testDnaAAtpUnbindingInOriCRegion ................... passed in     0.523857 seconds
         testDnaAAtpCompletedComplexNotUnbinding ............ passed in     0.729061 seconds
         testDnaAAtpComplexNotUnbinding ..................... passed in     0.732389 seconds
         testDnaAAtpPolymerUnbinding ........................ passed in     0.803834 seconds
         testDnaAAtpUnbinding ............................... passed in     0.591460 seconds
         testDnaAAtpBindingInOriCRegion ..................... passed in     0.619530 seconds
         testDnaAAtpBindingTo8mer ........................... passed in     0.527547 seconds
         testDnaAAtpBindingTo9mer_LimitedByATP .............. passed in     0.521042 seconds
         testDnaAAtpBindingTo9mer_LimitedByDnaA ............. passed in     0.522652 seconds
         testDnaAAtpBindingTo9mer ........................... passed in     0.536449 seconds
         testInitializedToSteadyState ....................... passed in     1.267220 seconds
         testConstants ...................................... passed in     0.897446 seconds
         testCalculateDnaAAxPBPolymerizationRates_chromosome2  passed in     0.684336 seconds
         testCalculateDnaAAxPBindingRates_chromosome2 ....... passed in     0.550192 seconds
         testCalculateDnaAAxPBindingRates_nothingBound ...... passed in     0.524349 seconds
         testcalculateDnaAR1234ATPPolymerizationRates_R4Bound  passed in     0.534786 seconds
         testcalculateDnaAR1234ATPPolymerizationRates_complexEffects  passed in     0.521875 seconds
         testcalculateDnaAR1234ATPPolymerizationRates_nothingBound  passed in     0.526456 seconds
         testGetDnaABoxStatus ............................... passed in     0.511080 seconds
         testIsDnaAR5Occupied ............................... passed in     0.518164 seconds
         testCalculateDnaAR12345Polymerization .............. passed in     0.520578 seconds
         testIsDnaAORIComplexAssembled ...................... passed in     0.546207 seconds
         testCalculateDnaAR1234ATPPolymerization ............ passed in     1.144034 seconds
         testEvolveState .................................... passed in     0.498889 seconds
         testInitializeState ................................ passed in     0.513826 seconds
         testCalcResourceRequirements_Current ............... passed in     0.479375 seconds
         testCalcResourceRequirements_LifeCycle ............. passed in     2.251222 seconds
         testAllocateMemoryForState ......................... passed in     0.474152 seconds
         testRandStreamUsage ................................ passed in     1.556133 seconds
         testMassBalance .................................... passed in     0.543116 seconds
      edu.stanford.covert.cell.sim.process.ReplicationInitiation_Test  FAILED in   528.083135 seconds


      edu.stanford.covert.cell.sim.process.Replication_Test
         testReplicationWithFewSSBs ......................... passed in   173.835060 seconds
         testReplicationDuration ............................ passed in     1.351792 seconds
         testCompleteReplicationInSteps ..................... passed in    30.033326 seconds
         testCompleteReplication_SmallChromosome ............ passed in    26.993350 seconds
         testConstants ...................................... passed in     1.433532 seconds
         testInitiateReplication_NoHelicase ................. passed in     0.520277 seconds
         testInitiateReplication_NoWater .................... passed in     0.532249 seconds
         testInitiateReplication_NoATP ...................... passed in     0.520847 seconds
         testInitiateReplication ............................ passed in     0.687664 seconds
         testUnwindAndPolymerizeDNA_ProteinDisplacement ..... passed in     1.255098 seconds
         testUnwindAndPolymerizeDNA_NoWater ................. passed in     0.984387 seconds
         testUnwindAndPolymerizeDNA_NoDNTPs ................. passed in     1.187880 seconds
         testUnwindAndPolymerizeDNA ......................... passed in     1.725509 seconds
         testDissociateFreeSSBComplexes ..................... passed in     0.470236 seconds
         testFreeAndBindSSBs_NoSSBs ......................... passed in     0.977099 seconds
         testFreeAndBindSSBs ................................ passed in     1.141365 seconds
         testInitiateOkazakiFragment_NoBetaClampMonomer ..... passed in     1.052706 seconds
         testInitiateOkazakiFragment_NoWater ................ passed in     0.722597 seconds
         testInitiateOkazakiFragment_NoATP .................. passed in     1.050397 seconds
         testInitiateOkazakiFragment ........................ passed in     1.073950 seconds
         testTerminateOkazakiFragment ....................... passed in     1.119888 seconds
         testLigateDNA_InsufficientEnzymes .................. passed in     0.590579 seconds
         testLigateDNA_InsufficientMetabolites .............. passed in     0.555166 seconds
         testLigateDNA ...................................... passed in     0.713377 seconds
         testInitiationWithSlowATPProduction ................ passed in    25.059439 seconds
         testReplicationTerminationInteractionWithSupercoils  passed in    24.956034 seconds
         testRNAPolymeraseCollision ......................... passed in     2.210262 seconds
         testTerminateReplication ........................... passed in     0.537129 seconds
         testCalculatePrimaseBindingLocations ............... passed in     0.666256 seconds
         testLaggingStrandBoundSSBs ......................... passed in     0.607129 seconds
         testLeadingStrandBoundSSBs ......................... passed in     0.509224 seconds
         testOkazakiFragment ................................ passed in     0.650707 seconds
         testLaggingPosition ................................ passed in     0.787196 seconds
         testLeadingPosition ................................ passed in     0.499339 seconds
         testLaggingPolymerasePosition ...................... passed in     0.477789 seconds
         testLeadingPolymerasePosition ...................... passed in     0.472588 seconds
         testHelicasePosition ............................... passed in     0.473836 seconds
         testStrandDuplicated ............................... passed in     0.680798 seconds
         testNumLigations ................................... passed in     0.923291 seconds
         testLaggingStrandPolymerized ....................... passed in     0.754832 seconds
         testLeadingStrandPolymerized ....................... passed in     0.840078 seconds
         testLaggingStrandElongating ........................ passed in     0.620242 seconds
         testLeadingStrandElongating ........................ passed in     0.492207 seconds
         testGeneEssentiality ............................... passed in    45.985405 seconds
         testEvolveState .................................... passed in     0.505948 seconds
         testInitializeState ................................ passed in     0.462200 seconds
         testCalcResourceRequirements_Current ............... passed in     0.459977 seconds
         testCalcResourceRequirements_LifeCycle ............. passed in     2.146483 seconds
         testAllocateMemoryForState ......................... passed in     0.454660 seconds
         testRandStreamUsage ................................ passed in     1.369646 seconds
         testMassBalance .................................... passed in     0.457823 seconds
      edu.stanford.covert.cell.sim.process.Replication_Test . passed in   365.381262 seconds


      edu.stanford.covert.cell.sim.process.RibosomeAssembly_Test
         testGeneEssentiality ............................... passed in     0.880402 seconds
         testLimitingEnergy ................................. passed in     0.424525 seconds
         testNo50SEnzyme .................................... passed in     0.458212 seconds
         testNo30SEnzyme .................................... passed in     0.466481 seconds
         testLimiting50SMonomer ............................. passed in     0.454357 seconds
         testLimiting30SMonomer ............................. passed in     0.466441 seconds
         testLimiting50SRNA ................................. passed in     0.455203 seconds
         testLimiting30SRNA ................................. passed in     0.481212 seconds
         testNoMonomers ..................................... passed in     0.454482 seconds
         testNoRNAs ......................................... passed in     0.521809 seconds
         testNoEnzymes ...................................... passed in     0.450828 seconds
         testNoEnergy ....................................... passed in     0.542624 seconds
         testNoWater ........................................ passed in     0.450598 seconds
         testSuccessfulAssembly ............................. passed in     0.481485 seconds
         testConstants ...................................... passed in     0.440720 seconds
         testEvolveState .................................... passed in     0.445748 seconds
         testInitializeState ................................ passed in     0.480858 seconds
         testCalcResourceRequirements_Current ............... passed in     0.449625 seconds
         testCalcResourceRequirements_LifeCycle ............. passed in     2.098456 seconds
         testAllocateMemoryForState ......................... passed in     0.460167 seconds
         testRandStreamUsage ................................ passed in     1.348715 seconds
         testMassBalance .................................... passed in     0.461559 seconds
      edu.stanford.covert.cell.sim.process.RibosomeAssembly_Test  passed in    13.543079 seconds


      edu.stanford.covert.cell.sim.process.TerminalOrganelleAssembly_Test
         testGeneEssentiality ............................... passed in     0.900040 seconds
         testNoHMW2 ......................................... passed in     0.412535 seconds
         testNoHMW1 ......................................... passed in     0.517329 seconds
         testNoHMW12 ........................................ passed in     0.456948 seconds
         testNoUnincorporatedProteins ....................... passed in     0.460723 seconds
         testNoIncorporatedProteins ......................... passed in     0.448401 seconds
         testSimpleFixture .................................. passed in     0.473289 seconds
         testEvolveState .................................... passed in     0.449964 seconds
         testInitializeState ................................ passed in     0.452340 seconds
         testCalcResourceRequirements_Current ............... passed in     0.445949 seconds
         testCalcResourceRequirements_LifeCycle ............. passed in     2.150374 seconds
         testAllocateMemoryForState ......................... passed in     0.456063 seconds
         testRandStreamUsage ................................ passed in     1.340040 seconds
         testMassBalance .................................... passed in     0.454673 seconds
      edu.stanford.covert.cell.sim.process.TerminalOrganelleAssembly_Test  passed in     9.670400 seconds


      edu.stanford.covert.cell.sim.process.Transcription_Test
         testExpectations ................................... passed in   192.603280 seconds
         testFairBinding .................................... passed in    40.005400 seconds
         testInitializationConsistency ...................... passed in     0.501928 seconds
         testAntiDirectionalPolymerases ..................... passed in     0.816255 seconds
         testCodirectionalPolymerases_OnDifferentNegStrndTUs  passed in     2.490715 seconds
         testCodirectionalPolymerases_OnDifferentPosStrndTUs  passed in     4.016051 seconds
         testCodirectionalPolymerases_OnSameTU .............. passed in     0.792389 seconds
         testNewPolymerase .................................. passed in     0.757866 seconds
         testChromosomeBinding .............................. passed in   212.658090 seconds
         testSpecificallyBoundPolysUnbinding ................ passed in     0.682237 seconds
         testAccessibleTranscriptionUnits ................... passed in     0.841518 seconds
         testTranscriptionUnitRegulationFoldChange .......... passed in     0.654117 seconds
         testTranscriptionUnitBindingProbabilities .......... passed in     0.664412 seconds
         testTranscriptionUnitPolyASequences ................ passed in     0.666703 seconds
         testRNAPolymeraseStateExpectations_specificallyBound  passed in     0.534917 seconds
         testRNAPolymeraseStateExpectations_nonSpecificallyBound  passed in     0.630802 seconds
         testRNAPolymeraseStateExpectations_free ............ passed in     0.638635 seconds
         testElongationChromosomeIntegration ................ passed in     0.643742 seconds
         testFastElongation ................................. passed in     0.610754 seconds
         testNoElongation ................................... passed in     0.826637 seconds
         testNoCTP .......................................... passed in     1.404097 seconds
         testSaturatingSubstrates ........................... passed in     0.617280 seconds
         testNoEnzymes ...................................... passed in     0.565719 seconds
         testNoWater ........................................ passed in     2.019387 seconds
         testNoSubstrates ................................... passed in     0.670529 seconds
         testConstants ...................................... passed in     0.860529 seconds
         testSimpleFixture .................................. passed in     0.761708 seconds
         testStateTransitions ............................... passed in   115.305853 seconds
         testStateTransitions_AT_SB_NSB_Free ................ passed in    67.440050 seconds
         testStateTransitions_AT_SB_Free .................... passed in    48.496159 seconds
         testStateTransitions_SB_NSB_Free ................... passed in    79.693670 seconds
         testStateTransitions_Free_SB ....................... passed in    54.127636 seconds
         testStateTransitions_SB_Free ....................... passed in    52.663982 seconds
         testStateTransitions_Free_NSB ...................... passed in    34.192298 seconds
         testStateTransitions_NSB_Free ...................... passed in    21.489012 seconds
         testStateTransitions_SB ............................ passed in    23.423946 seconds
         testStateTransitions_NSB ........................... passed in    43.313608 seconds
         testStateTransitions_Free .......................... passed in     1.818503 seconds
         testBindNearDSProteins ............................. passed in     0.675605 seconds
         testNotBindingOverDamage ........................... passed in     0.516182 seconds
         testBindingOppositeDamage .......................... passed in     0.512758 seconds
         testNotDisplacingProteinOnSameStrand ............... passed in     0.585960 seconds
         testNotDisplacingProteinOnOppositeStrand ........... passed in     0.552372 seconds
         testDisplacingProteinOnSameStrand .................. passed in     0.560014 seconds
         testDisplacingProteinOnOppositeStrand .............. passed in     0.516635 seconds
         testGeneEssentiality ............................... passed in    11.375938 seconds
         testEvolveState .................................... passed in     0.628542 seconds
         testInitializeState ................................ passed in     0.591921 seconds
         testCalcResourceRequirements_Current ............... passed in     0.483170 seconds
         testCalcResourceRequirements_LifeCycle ............. passed in     2.436194 seconds
         testAllocateMemoryForState ......................... passed in     0.418831 seconds
         testRandStreamUsage ................................ passed in     1.710463 seconds
         testMassBalance .................................... passed in     0.647749 seconds
      edu.stanford.covert.cell.sim.process.Transcription_Test  passed in  1034.000864 seconds


      edu.stanford.covert.cell.sim.process.TranscriptionalRegulation_Test
         testGeneEssentiality ............................... passed in     1.107801 seconds
         testChromosomeFairness ............................. passed in    75.869569 seconds
         testFairnessOfTranscriptionFactorBinding ........... passed in     2.247113 seconds
         testAllTranscriptionUnitPromotersStayBound ......... passed in     0.526833 seconds
         testTranscriptionFactorBindingSaturated ............ passed in     0.522143 seconds
         testTranscriptionFactorBindingUnsaturated .......... passed in     0.554622 seconds
         testTranscriptionFactorBinding ..................... passed in     0.572091 seconds
         testBindingProbabilityFoldChange ................... passed in     0.524223 seconds
         testNoTFBindingSiteOverlap ......................... passed in     0.465696 seconds
         testAssumptions .................................... passed in     0.463532 seconds
         testEvolveState .................................... passed in     0.458194 seconds
         testInitializeState ................................ passed in     0.463644 seconds
         testCalcResourceRequirements_Current ............... passed in     0.485785 seconds
         testCalcResourceRequirements_LifeCycle ............. passed in     2.102439 seconds
         testAllocateMemoryForState ......................... passed in     0.454846 seconds
         testRandStreamUsage ................................ passed in     1.395490 seconds
         testMassBalance .................................... passed in     0.458090 seconds
      edu.stanford.covert.cell.sim.process.TranscriptionalRegulation_Test  passed in    88.964747 seconds


      edu.stanford.covert.cell.sim.process.Translation_Test
         testGeneEssentiality ............................... passed in    10.543228 seconds
         testNoBiasedPausing ................................ passed in     1.535886 seconds
         testDetailedMassBalance ............................ passed in     0.569906 seconds
         testRibosomeStalling ............................... passed in     0.577317 seconds
         testBindingProbabilities ........................... passed in     0.527174 seconds
         testManyTranscripts ................................ passed in     0.593431 seconds
         testNoSubstrates ................................... passed in     0.500783 seconds
         testNoElongationWithoutWater ....................... passed in     0.466332 seconds
         testNoElongationWithoutEnoughEnergy ................ passed in     0.463192 seconds
         testElongation ..................................... passed in     0.499754 seconds
         testNoInitiationWithOneEnzymeMissing ............... passed in     0.519373 seconds
         testNoInitiationWithoutMRNAs ....................... passed in     0.458231 seconds
         testNoInitiationWithoutAvailableEnergy ............. passed in     0.475298 seconds
         testInitiation ..................................... passed in     0.461732 seconds
         testInitiationFromUncomplexedRibosome30SAndIF3 ..... passed in     0.484175 seconds
         testSimpleFixture .................................. passed in     0.583942 seconds
         testEvolveState .................................... passed in     0.507764 seconds
         testInitializeState ................................ passed in     0.948407 seconds
         testCalcResourceRequirements_Current ............... passed in     0.450756 seconds
         testCalcResourceRequirements_LifeCycle ............. passed in     2.120332 seconds
         testAllocateMemoryForState ......................... passed in     0.460043 seconds
         testRandStreamUsage ................................ passed in     1.468816 seconds
         testMassBalance .................................... passed in     0.534377 seconds
      edu.stanford.covert.cell.sim.process.Translation_Test . passed in    26.125275 seconds


      edu.stanford.covert.cell.sim.process.tRNAAminoacylation_Test
         testGeneEssentiality ............................... passed in     2.331540 seconds
         testFairAllocationOfResources ...................... passed in     0.460065 seconds
         testOneOfEveryRNA .................................. passed in     0.479659 seconds
         testTRNARequiringAmidoTransfer_insufficientEnzyme .. passed in     0.502652 seconds
         testTRNARequiringAmidoTransfer_oneTooFewGlutamate .. passed in     0.502530 seconds
         testTRNARequiringAmidoTransfer_oneTooATP ........... passed in     0.502188 seconds
         testTRNARequiringAmidoTransfer ..................... passed in     0.497086 seconds
         testTRNARequiringFormylTransfer_oneTooFewATP ....... passed in     0.500279 seconds
         testTRNARequiringFormylTransfer_insufficientEnzyme . passed in     0.492596 seconds
         testTRNARequiringFormylTransfer .................... passed in     0.502223 seconds
         testOneAminoacylation_noATP ........................ passed in     0.500888 seconds
         testOneAminoacylation_noEnyzme ..................... passed in     0.497746 seconds
         testOneAminoacylation .............................. passed in     0.504946 seconds
         testEvolveState .................................... passed in     0.808385 seconds
         testInitializeState ................................ passed in     0.520517 seconds
         testCalcResourceRequirements_Current ............... passed in     0.457671 seconds
         testCalcResourceRequirements_LifeCycle ............. passed in     2.201077 seconds
         testAllocateMemoryForState ......................... passed in     0.454223 seconds
         testRandStreamUsage ................................ passed in     2.057284 seconds
         testMassBalance .................................... passed in     0.802514 seconds
      edu.stanford.covert.cell.sim.process.tRNAAminoacylation_Test  passed in    15.930695 seconds

   edu.stanford.covert.cell.sim.process ..................... FAILED in  9190.352500 seconds


   edu.stanford.covert.cell.sim.state

      edu.stanford.covert.cell.sim.state.CellGeometry_Test
         testUpdate_2spheres ................................ passed in     1.314426 seconds
         testUpdate_rodWithSeptum ........................... passed in     0.493196 seconds
         testUpdate_rod ..................................... passed in     0.528474 seconds
         testUpdate_sphere .................................. passed in     0.533033 seconds
         testInitialize_sphere .............................. passed in     0.539640 seconds
         testImplementsStateInterface ....................... passed in     0.505109 seconds
         testDisp ........................................... Cell geometry edu.stanford.covert.cell.sim.state.CellGeometry CellState object with state properties:
 - width
 - pinchedDiameter


s =

Cell geometry edu.stanford.covert.cell.sim.state.CellGeometry CellState object with state properties:
 - width
 - pinchedDiameter

passed in     0.618570 seconds
         testDependentProperties ............................ passed in     0.439291 seconds
         testWeightCalculations ............................. passed in     0.457501 seconds
         testInitialize ..................................... passed in     0.453618 seconds
         testAllocateMemoryForState ......................... passed in     0.453454 seconds
      edu.stanford.covert.cell.sim.state.CellGeometry_Test .. passed in     6.538566 seconds


      edu.stanford.covert.cell.sim.state.CellMass_Test
         testImplementsStateInterface ....................... passed in     0.646803 seconds
         testDisp ........................................... Cell mass edu.stanford.covert.cell.sim.state.CellMass CellState object with no state properties


s =

Cell mass edu.stanford.covert.cell.sim.state.CellMass CellState object with no state properties

passed in     0.476066 seconds
         testDependentProperties ............................ passed in     0.489518 seconds
         testWeightCalculations ............................. passed in     0.457485 seconds
         testInitialize ..................................... passed in     0.471214 seconds
         testAllocateMemoryForState ......................... passed in     0.466099 seconds
      edu.stanford.covert.cell.sim.state.CellMass_Test ...... passed in     3.139567 seconds


      edu.stanford.covert.cell.sim.state.Chromosome_Test
         testIsRegionAccessible ............................. passed in     0.820389 seconds
         testIsSiteAccessible ............................... passed in     0.912654 seconds
         testSampleAccessibleSites .......................... passed in     3.234007 seconds
         testIsRegionUndamaged .............................. passed in     0.645450 seconds
         testIsRegionProteinFree ............................ passed in     0.639990 seconds
         testIsRegionPolymerized ............................ passed in     0.900475 seconds
         testIsRegionSingleDoubleStranded ................... passed in     0.561496 seconds
         testGetAccessibleRegions ........................... passed in     0.835459 seconds
         testGetDNAFootprint ................................ passed in     0.462478 seconds
         testGetStrandView .................................. passed in     0.738429 seconds
         testRM_MunI_Status ................................. passed in     1.023670 seconds
         testStrandBreakClassification ...................... passed in     0.931938 seconds
         testAccessibleTranscriptionUnits ................... passed in     7.456728 seconds
         testAccessibleGenes ................................ passed in    11.638388 seconds
         testGetCopyNumberTranscriptionUnits ................ passed in     0.470452 seconds
         testAreTranscriptionUnitsPolymerized ............... passed in     0.546893 seconds
         testGetCopyNumberGenes ............................. passed in     0.459588 seconds
         testPolymerizedGenes ............................... passed in     0.470906 seconds
         testSetSiteDamaged ................................. passed in     0.579940 seconds
         testSetRegionProteinUnbound ........................ passed in     0.594271 seconds
         testSetSiteProteinBound ............................ passed in     0.973829 seconds
         testSetRegionPolymerized ........................... passed in     2.022857 seconds
         testSetRegionUnwound ............................... passed in     0.946006 seconds
         testJoinSplitOverOriCRegions ....................... passed in     0.877610 seconds
         testJoinSplitRegions ............................... passed in     0.674549 seconds
         testIntersectRegions ............................... passed in     0.454530 seconds
         testExcludeRegions ................................. passed in     0.450318 seconds
         testMergeAdjacentRegions ........................... passed in     0.678416 seconds
         testPloidy ......................................... passed in     0.489335 seconds
         testDoubleStrandBreaks ............................. passed in     0.503343 seconds
         testSingleStrandBreaks ............................. passed in     0.638028 seconds
         testShift35Getters ................................. passed in     0.573053 seconds
         testDependentProperties ............................ passed in     1.188681 seconds
         testShift35 ........................................ passed in     0.476953 seconds
         testImplementsStateInterface ....................... passed in     0.501800 seconds
         testDisp ........................................... Chromosome edu.stanford.covert.cell.sim.state.Chromosome CellState object with state properties:
 - polymerizedRegions
 - linkingNumbers
 - monomerBoundSites
 - complexBoundSites
 - gapSites
 - abasicSites
 - damagedSugarPhosphates
 - damagedBases
 - intrastrandCrossLinks
 - strandBreaks
 - hollidayJunctions
 - segregated

             Damage Type	 No.
========================	====
               Gap Sites	   0
            Abasic Sites	   0
Damaged sugar phosphates	   0
           Damaged bases	365560
 Intrastrand cross links	   0
           Strand breaks	   0
      Holliday junctions	   0

            Strand Break	 No.
========================	====
                      NB	2686
                     SSB	   0
                    SSB+	   0
                    2SSB	   0
                     DSB	   0
                    DSB+	   0
                   DSB++	   0

Damaged Genes
=============
      MG_001	DNA polymerase III, beta subunit
      MG_002	             DnaJ domain protein
      MG_003	           DNA gyrase, B subunit
      MG_004	           DNA gyrase, A subunit
      MG_005	           seryl-tRNA synthetase
      MG_006	              thymidylate kinase
      MG_007	DNA polymerase III delta pri ...
      MG_008	   tRNA modification GTPase TrmE
      MG_009	               deoxyribonuclease
      MG_010	     DNA primase-related protein
      MG_011
      MG_012	        alpha-L-glutamate ligase
      MG_013	methylenetetrahydrofolate de ...
       MG471
       MG472
      MG_014	multidrug ABC transporter, A ...
      MG_015	multidrug ABC transporter, A ...
      MG_018	   SNF2 family helicase putative
      MG_019	          chaperone protein DnaJ
      MG_020	          proline iminopeptidase
      MG_021	       methionyl-tRNA synthetase
      MG_022	DNA-directed RNA polymerase, ...
      MG_023	fructose-1,6-bisphosphate al ...
      MG_024	        GTP-binding protein YchF
      MG_025	       Beta-glycosyl transferase
      MG_026	 translation elongation factor P
      MG_027	transcription termination/an ...
      MG_028
      MG_029	        DJ-1/PfpI family protein
      MG_030	uracil phosphoribosyltransferase
      MG_031	DNA polymerase III, alpha su ...
      MG_032
      MG_033	     glycerol uptake facilitator
      MG_034	                thymidine kinase
      MG_035	        histidyl-tRNA synthetase
      MG_036	        aspartyl-tRNA synthetase
      MG_037	nicotinate phosphoribosyltra ...
      MG_038	                 glycerol kinase
      MG_039	FAD-dependent glycerol-3-pho ...
      MG_040	Monosaccharide (riboside/gal ...
      MG_041	                 PTS system, HPr
      MG_042	spermidine/putrescine (polya ...
      MG_043	spermidine/putrescine (polya ...
      MG_044	spermidine/putrescine (polya ...
      MG_045	spermidine/putrescine (polya ...
      MG_046	            metalloendopeptidase
      MG_047	 S-adenosylmethionine synthetase
      MG_048	signal recognition particle  ...
      MG_049	 purine nucleoside phosphorylase
      MG_050	  deoxyribose-phosphate aldolase
      MG_051	pyrimidine-nucleoside phosph ...
      MG_052	              cytidine deaminase
      MG_053	phosphoglucomutase/phosphoma ...
      MG_054	transcription antiterminatio ...
      MG_055	preprotein translocase, SecE ...
      MG_473	    ribosomal protein L33 type 2
      MG_474
      MG_056	tetrapyrrole (corrin/porphyr ...
      MG_057	      small primase-like protein
      MG_058	ribose-phosphate pyrophospho ...
      MG_059	            SsrA-binding protein
      MG_060	            glycosyl transferase
      MG_061	      Mycoplasma MFS transporter
       MG475
      MG_062	PTS system, fructose-specifi ...
      MG_063	 1-phosphofructokinase, putative
      MG_064	ABC transporter, permease pr ...
      MG_065	ABC transporter, ATP-binding ...
      MG_066	                   transketolase
      MG_067	           lipoprotein, putative
      MG_068	           lipoprotein, putative
      MG_069	PTS system, glucose-specific ...
      MG_070	            ribosomal protein S2
      MG_071	ATPase, P-type (transporting ...
      MG_072	preprotein translocase, SecA ...
      MG_073	     excinuclease ABC, B subunit
      MG_074
      MG_075	         116 kDa surface antigen
      MG_076
      MG_077	oligopeptide ABC transporter ...
      MG_078	oligopeptide ABC transporter ...
      MG_079	oligopeptide ABC transporter ...
      MG_080	oligopeptide ABC transporter ...
      MG_081	           ribosomal protein L11
      MG_082	            ribosomal protein L1
      MG_083	         peptidyl-tRNA hydrolase
      MG_084	   tRNA(Ile)-lysidine synthetase
      MG_085	     HPr(Ser) kinase/phosphatase
      MG_086	prolipoprotein diacylglycery ...
      MG_087	           ribosomal protein S12
      MG_088	            ribosomal protein S7
      MG_089	 translation elongation factor G
      MG_090	            ribosomal protein S6
      MG_091	single-strand binding protei ...
      MG_092	           ribosomal protein S18
      MG_093	            ribosomal protein L9
      MG_094	        replicative DNA helicase
      MG_095	           lipoprotein, putative
      MG_096
      MG_097	uracil-DNA glycosylase, putative
      MG_098	glutamyl-tRNA(Gln) and/or as ...
      MG_099	glutamyl-tRNA(Gln) and/or as ...
      MG_100	glutamyl-tRNA(Gln) and/or as ...
      MG_101	Uncharacterized HTH-type tra ...
      MG_102	 thioredoxin-disulfide reductase
      MG_103
      MG_476	preprotein translocase, SecG ...
      MG_104	                  ribonuclease R
      MG_105	putative DNA integrity scann ...
      MG_106	             peptide deformylase
      MG_107	                guanylate kinase
      MG_108	Ser/Thr protein phosphatase  ...
      MG_109	serine/threonine protein kin ...
      MG_110	ribosome small subunit-depen ...
      MG_111	   glucose-6-phosphate isomerase
      MG_112	  ribulose-phosphate 3-epimerase
      MG_113	     asparaginyl-tRNA synthetase
      MG_114	CDP-diacylglycerol--glycerol ...
      MG_115	competence/damage-inducible  ...
      MG_116
      MG_117
      MG_118	         UDP-glucose 4-epimerase
      MG_119	Monosaccharide (riboside/gal ...
      MG_120	Monosaccharide (riboside/gal ...
      MG_121	Monosaccharide (riboside/gal ...
      MG_122	             DNA topoisomerase I
      MG_123	             arginine deaminasse
      MG_124	                     thioredoxin
      MG_125	    Cof-like hydrolase, putative
      MG_126	    tryptophanyl-tRNA synthetase
      MG_127	           Spx subfamily protein
      MG_128	inorganic polyphosphate/ATP- ...
      MG_129	Putative phosphotransferase  ...
      MG_130
      MG_131	            hypothetical protein
      MG_132	purine nucleoside phosphoram ...
      MG_133	      membrane protein, putative
      MG_134
      MG_135	      membrane protein, putative
      MG_136	           lysyl-tRNA synthetase
      MG_137	      UDP-galactopyranose mutase
      MG_138	 Translation elongation factor 4
      MG_139	                  ribonuclease J
   MGrrnA16S	              16S ribosomal rRNA
   MGrrnA23S	              23S ribosomal rRNA
    MGrrnA5S	               5S ribosomal rRNA
      MG_140	 putative ATP-dependent helicase
      MG_141	transcription termination fa ...
      MG_477
      MG_142	translation initiation facto ...
      MG_143	       ribosome-binding factor A
      MG_144
      MG_145	riboflavin biosynthesis prot ...
      MG_146	                 UPF0053 protein
      MG_147	      membrane protein, putative
      MG_148
      MG_149	           lipoprotein, putative
      MG_478
      MG_150	           ribosomal protein S10
      MG_151	            ribosomal protein L3
      MG_152	  ribosomal protein L4/L1 family
      MG_153	           ribosomal protein L23
      MG_154	            ribosomal protein L2
      MG_155	           ribosomal protein S19
      MG_156	           ribosomal protein L22
      MG_157	            ribosomal protein S3
      MG_158	           ribosomal protein L16
      MG_159	           ribosomal protein L29
      MG_160	           ribosomal protein S17
      MG_161	           ribosomal protein L14
      MG_162	           ribosomal protein L24
      MG_163	            ribosomal protein L5
      MG_164	           ribosomal protein S14
      MG_165	            ribosomal protein S8
      MG_166	            ribosomal protein L6
      MG_167	           ribosomal protein L18
      MG_168	            ribosomal protein S5
      MG_169	           ribosomal protein L15
      MG_170	preprotein translocase, SecY ...
      MG_171	                adenylate kinase
      MG_172	methionine aminopeptidase, t ...
      MG_173	translation initiation facto ...
      MG_174	           ribosomal protein L36
      MG_175	           ribosomal protein S13
      MG_176
      MG_177	DNA-directed RNA polymerase, ...
      MG_178	           ribosomal protein L17
      MG_179	metal ion (cobalt) ABC trans ...
      MG_180	metal ion (cobalt) ABC trans ...
      MG_181	metal ion (cobalt) ABC trans ...
      MG_182	   tRNA pseudouridine synthase A
      MG_183	            oligoendopeptidase F
      MG_184	adenine-specific DNA modific ...
      MG_185	           lipoprotein, putative
      MG_186	Oligosaccharide or polyol AB ...
      MG_187	Oligosaccharide or polyol AB ...
      MG_188	Oligosaccharide or polyol AB ...
      MG_189	Oligosaccharide or polyol AB ...
      MG_190	                 phosphoesterase
      MG_191	                    MgPa adhesin
      MG_192	                    P110 protein
      MG_194	phenylalanyl-tRNA synthetase ...
      MG_195	phenylalanyl-tRNA synthetase ...
      MG_196	translation initiation facto ...
      MG_197	           ribosomal protein L35
      MG_198	           ribosomal protein L20
      MG_199	ribonuclease HIII, putative, ...
      MG_200	             DnaJ domain protein
      MG_201	               co-chaperone GrpE
      MG_202
       MG479
      MG_203	 DNA topoisomerase IV, B subunit
      MG_204	 DNA topoisomerase IV, A subunit
      MG_205	heat-inducible transcription ...
      MG_206	     excinuclease ABC, C subunit
      MG_207	  Ser/Thr protein phosphatase 2A
      MG_208	                   glycoprotease
      MG_209	23S rRNA pseudouridine synth ...
      MG_210	prolipoprotein signal peptid ...
      MG_480
      MG_481	       30S ribosomal protein S21
      MG_211
      MG_482	holo-(acyl-carrier-protein)  ...
      MG_212	1-acyl-sn-glycerol-3-phospha ...
      MG_213	segregation and condensation ...
      MG_214	segregation and condensation ...
      MG_215	           6-phosphofructokinase
      MG_216	                 pyruvate kinase
       MG483
       MG484
       MG485
       MG486
       MG487
       MG488
       MG489
       MG490
      MG_217	                     P65 adhesin
      MG_218	high molecular weight cytadh ...
      MG_491
      MG_219
      MG_220
       MG492
      MG_221	                    mraZ protein
      MG_222	S-adenosyl-methyltransferase ...
      MG_223
      MG_224	      cell division protein FtsZ
      MG_225	amino acid-polyamine-organoc ...
      MG_226	amino acid-polyamine-organoc ...
      MG_227	            thymidylate synthase
      MG_228	         dihydrofolate reductase
      MG_229	ribonucleoside-diphosphate r ...
      MG_230	ribonucleotide reductase sti ...
      MG_231	ribonucleoside-diphosphate r ...
      MG_232	           ribosomal protein L21
      MG_233
      MG_234	           ribosomal protein L27
      MG_235	           apurinic endonuclease
      MG_236	         ferric uptake repressor
      MG_237
      MG_238	                  trigger factor
      MG_239	       ATP-dependent protease La
      MG_240	nicotinamide-nucleotide aden ...
      MG_241
      MG_242
      MG_243	conserved hypothetical prote ...
      MG_244	                   3-5' helicase
      MG_245	5-formyltetrahydrofolate cyc ...
      MG_246	  Ser/Thr protein phosphatase 2A
      MG_247	      membrane protein, putative
      MG_248
      MG_249	RNA polymerase sigma factor RpoD
      MG_250	                     DNA primase
      MG_251	          glycyl-tRNA synthetase
      MG_252	23S rRNA methyltransferase;  ...
      MG_253	       cysteinyl-tRNA synthetase
      MG_254	       DNA ligase, NAD-dependent
       MG493
      MG_255
      MG_494
       MG495
       MG496
      MG_256
      MG_257	           ribosomal protein L31
      MG_258	  peptide chain release factor 1
      MG_259	          modification methylase
      MG_260	           lipoprotein, putative
       MG497
      MG_261	DNA polymerase III, alpha su ...
      MG_262	polI-like 5'-3' exonuclease, ...
      MG_498	formamidopyrimidine-DNA glyc ...
      MG_263	              Cof-like hydrolase
      MG_264	            dephospho-CoA kinase
      MG_265	               sugar phosphatase
      MG_266	          leucyl-tRNA synthetase
      MG_267
      MG_268
     MG_0001	scRNA, signal recognition pa ...
      MG_269
      MG_270	lipoyltransferase/lipoate-pr ...
      MG_271	  dihydrolipoamide dehydrogenase
      MG_272	dihydrolipoamide acetyltrans ...
     MG_0002	                       MG170 RNA
      MG_273	pyruvate dehydrogenase compo ...
      MG_274	pyruvate dehydrogenase compo ...
      MG_275	                    NADH oxidase
      MG_276	adenine phosphoribosyltransf ...
      MG_277	Protein-export membrane prot ...
      MG_278	             GTP diphosphokinase
      MG_279
      MG_280	sensory rhodopsin II transdu ...
      MG_281
       MG499
       MG500
       MG501
       MG502
       MG503
      MG_282	transcription elongation fac ...
      MG_283	          prolyl-tRNA synthetase
      MG_284
      MG_285
      MG_286
      MG_287	            acyl carrier protein
       MG504
      MG_288	                       protein L
      MG_289	phosphonate ABC transporter, ...
      MG_290	phosphonate ABC transporter, ...
      MG_291	phosphonate ABC transporter, ...
      MG_505	putative holliday junction r ...
      MG_292	          alanyl-tRNA synthetase
      MG_293	glycerophosphoryl diester ph ...
      MG_294	major facilitator superfamil ...
      MG_295	      tRNA U34 sulfurtransferase
      MG_296
      MG_297	signal recognition particle  ...
      MG_298	chromosome segregation prote ...
      MG_299	     phosphate acetyltransferase
      MG_300	         phosphoglycerate kinase
      MG_301	glyceraldehyde-3-phosphate d ...
      MG_302	metal ion (cobalt) ABC trans ...
      MG_303	metal ion (cobalt) ABC trans ...
      MG_304	metal ion (cobalt) ABC trans ...
      MG_305	                       chaperone
      MG_306	      membrane protein, putative
      MG_307	           lipoprotein, putative
      MG_308	      ATP-dependent RNA helicase
      MG_309	           lipoprotein, putative
      MG_310	hydrolase, Putative esterase ...
      MG_311	            ribosomal protein S4
      MG_312	high molecular weight cytadh ...
      MG_313	      membrane protein, putative
      MG_314
      MG_315	DNA polymerase III, delta su ...
      MG_316	DNA internalization-related  ...
      MG_317	high molecular weight cytadh ...
      MG_318	                     P32 adhesin
      MG_319
      MG_320	      membrane protein, putative
       MG506
       MG507
      MG_321	oligopeptide ABC transporter ...
       MG508
       MG509
       MG510
       MG511
       MG512
       MG513
       MG514
      MG_322	        potassium uptake protein
      MG_323	        potassium uptake protein
     MG_0003	       Rnase P RNA, MCS5, M1 RNA
     MG_0004	transfer-messenger RNA, tmRN ...
      MG_515
      MG_324	                  aminopeptidase
      MG_325	           ribosomal protein L33
      MG_326	             degV family protein
      MG_327	hydrolase, Putative esterase ...
      MG_328	coiled coil putative structu ...
      MG_329	        GTP-binding protein engA
      MG_330	               cytidylate kinase
      MG_331
      MG_332
      MG_333	FMN-dependent NADH-azoreduct ...
      MG_334	           valyl-tRNA synthetase
      MG_335	GTP-binding protein engB, pu ...
      MG_516
      MG_517	glycosyl transferase, group  ...
      MG_336	            cysteine desulfurase
      MG_337
      MG_338	           lipoprotein, putative
      MG_339	recombination protein, stran ...
      MG_340	DNA-directed RNA polymerase, ...
      MG_341	DNA-directed RNA polymerase, ...
      MG_342	NADPH-dependent FMN reductas ...
      MG_343
      MG_344	hydrolase, Putative esterase ...
      MG_345	       isoleucyl-tRNA synthetase
      MG_346	23S rRNA methyltransferase;  ...
      MG_347	tRNA (guanine-N(7)-)-methylt ...
       MG518
      MG_348	           lipoprotein, putative
       MG519
      MG_349	Replication initiation/membr ...
      MG_350
       MG520
      MG_521	      membrane protein, putative
      MG_351	       inorganic pyrophosphatase
      MG_352	  Holliday junction endonuclease
      MG_353	DNA-binding protein HU, putative
      MG_354
      MG_355	ATP-dependent Clp protease,  ...
      MG_356	choline/ethanolamine kinase, ...
      MG_357	                  acetate kinase
      MG_358	  Holliday junction DNA helicase
      MG_359	Holliday junction DNA helica ...
      MG_360	   ImpB/MucB/SamB family protein
      MG_361	           ribosomal protein L10
      MG_362	        ribosomal protein L7/L12
      MG_363	           ribosomal protein L32
      MG_522	           ribosomal protein S20
      MG_364	Replication initiation/membr ...
      MG_365	methionyl-tRNA formyltransferase
      MG_366
      MG_367	                ribonuclease III
      MG_368	fatty acid/phospholipid synt ...
      MG_369	 DAK2 phosphatase domain protein
      MG_370	23S rRNA pseudouridine synth ...
      MG_371	              DHH family protein
      MG_372	thiamine biosynthesis/tRNA m ...
      MG_373
      MG_374
      MG_375	        threonyl-tRNA synthetase
      MG_376
      MG_377
      MG_378	         arginyl-tRNA synthetase
      MG_379	tRNA uridine 5-carboxymethyl ...
      MG_380	          methyltransferase GidB
      MG_381
       MG523
      MG_382	                  uridine kinase
      MG_383	NH(3)-dependent NAD+ synthet ...
      MG_384	                     GTPase1 Obg
      MG_524
      MG_385	glycerophosphoryl diester ph ...
      MG_386	                    P200 protein
      MG_387	         GTP-binding protein Era
      MG_388	        Putative metalloprotease
      MG_389
      MG_390	toxin ABC transporter, ATP-b ...
      MG_391	          cytosol aminopeptidase
      MG_392	                      chaperonin
      MG_393	              chaperonin, 10 kDa
      MG_394	 serine hydroxymethyltransferase
      MG_395	           lipoprotein, putative
      MG_396	  ribose 5-phosphate isomerase B
      MG_397
      MG_398	ATP synthase F1, epsilon subunit
      MG_399	   ATP synthase F1, beta subunit
      MG_400	  ATP synthase F1, gamma subunit
      MG_401	  ATP synthase F1, alpha subunit
      MG_402	  ATP synthase F1, delta subunit
      MG_403	      ATP synthase F0, B subunit
      MG_404	      ATP synthase F0, C subunit
      MG_405	      ATP synthase F0, A subunit
      MG_406
      MG_407	                         enolase
      MG_408	methionine-S-sulfoxide reductase
      MG_409	phosphate transport system r ...
      MG_410	phosphate ABC transporter, A ...
      MG_411	phosphate ABC transporter, p ...
      MG_412	phosphate ABC transporter, s ...
      MG_414
      MG_525
      MG_417	            ribosomal protein S9
      MG_418	           ribosomal protein L13
      MG_419	DNA polymerase III, subunit  ...
      MG_421	     excinuclease ABC, A subunit
      MG_422
      MG_423	metallo-beta-lactamase super ...
      MG_424	           ribosomal protein S15
      MG_425	      ATP-dependent RNA helicase
      MG_426	           ribosomal protein L28
      MG_427	osmotically inducible peroxidase
      MG_428	LuxR bacterial regulatory pr ...
      MG_429	                  PTS system, E1
      MG_430	2,3-bisphosphoglycerate-inde ...
      MG_431	       triosephosphate isomerase
      MG_432	      membrane protein, putative
      MG_433	translation elongation factor Ts
      MG_434	                uridylate kinase
      MG_435	       ribosome recycling factor
      MG_437	phosphatidate cytidylyltrans ...
      MG_438	type I restriction modificat ...
      MG_439	           lipoprotein, putative
      MG_440	           lipoprotein, putative
      MG_441
      MG_442	     ribosomal biogenesis GTPase
      MG_443	      membrane protein, putative
      MG_444	           ribosomal protein L19
      MG_445	tRNA (guanine-N1)-methyltran ...
      MG_446	           ribosomal protein S16
      MG_447	           multidrug efflux pump
      MG_448	methionine-R-sulfoxide reductase
      MG_449	conserved hypothetical prote ...
      MG_450	             degV family protein
      MG_451	translation elongation factor Tu
      MG_452	      membrane protein, putative
      MG_453	UTP-glucose-1-phosphate urid ...
      MG_454	      thiol-dependent peroxidase
      MG_455	         tyrosyl-tRNA synthetase
      MG_456
      MG_457	ATP-dependent metalloproteas ...
      MG_458	hypoxanthine phosphoribosylt ...
      MG_459	putative 2-C-methyl-D-erythr ...
      MG_460	L-lactate dehydrogenase/mala ...
      MG_461	               HD domain protein
      MG_462	        glutamyl-tRNA synthetase
      MG_463	   dimethyladenosine transferase
      MG_464	inner-membrane protein inser ...
      MG_465	ribonuclease P protein component
      MG_466	           ribosomal protein L34
      MG_467	salivaricin A ABC transporte ...
      MG_468	salivaricin A ABC transporte ...
      MG_526	salivaricin A ABC transporte ...
      MG_469	chromosomal replication init ...
      MG_470	CobQ/CobB/MinD/ParA nucleoti ...

Damaged Transcription Units
===========================
      TU_001	                 MG_001 - MG_002
      TU_002	                 MG_003 - MG_004
      TU_003	                 MG_005 - MG_009
      TU_004	                          MG_010
      TU_005	                 MG_011 - MG_012
      TU_006	                          MG_013
      TU_007	                   MG471 - MG472
      TU_008	                 MG_014 - MG_015
      TU_009	                          MG_018
      TU_010	                 MG_019 - MG_021
      TU_011	                 MG_022 - MG_024
      TU_012	                          MG_025
      TU_013	                 MG_026 - MG_028
      TU_014	                 MG_029 - MG_031
      TU_015	                          MG_032
      TU_016	                          MG_033
      TU_017	                          MG_034
      TU_018	                          MG_035
      TU_019	                          MG_036
      TU_020	                          MG_037
      TU_021	                          MG_038
      TU_022	                          MG_039
      TU_023	                          MG_040
      TU_024	                          MG_041
      TU_025	                 MG_042 - MG_044
      TU_026	                          MG_045
      TU_027	                 MG_046 - MG_047
      TU_028	                          MG_048
      TU_029	                 MG_049 - MG_051
      TU_030	                 MG_052 - MG_053
      TU_031	          MG_054, MG_055, MG_473
      TU_032	          MG_056, MG_057, MG_474
      TU_033	                          MG_058
      TU_034	                          MG_059
      TU_035	                          MG_060
      TU_036	                          MG_061
      TU_037	                           MG475
      TU_038	                          MG_062
      TU_039	                          MG_063
      TU_040	                 MG_064 - MG_065
      TU_041	                          MG_066
      TU_042	                 MG_067 - MG_068
      TU_043	                          MG_069
      TU_044	                          MG_070
      TU_045	                          MG_071
      TU_046	                          MG_072
      TU_047	                          MG_073
      TU_048	                          MG_074
      TU_049	                          MG_075
      TU_050	                          MG_076
      TU_051	                 MG_077 - MG_080
      TU_052	                 MG_081 - MG_082
      TU_053	                          MG_083
      TU_054	                 MG_084 - MG_085
      TU_055	                 MG_086 - MG_089
      TU_056	                          MG_090
      TU_057	                          MG_091
      TU_058	                          MG_092
      TU_059	                 MG_093 - MG_095
      TU_060	                          MG_096
      TU_061	                          MG_097
      TU_062	                 MG_098 - MG_100
      TU_063	                 MG_101 - MG_103
      TU_064	                          MG_476
      TU_065	                          MG_104
      TU_066	                          MG_105
      TU_067	                          MG_106
      TU_068	                 MG_107 - MG_110
      TU_069	                 MG_111 - MG_112
      TU_070	                          MG_113
      TU_071	                          MG_114
      TU_072	                          MG_115
      TU_073	                 MG_116 - MG_118
      TU_074	                 MG_119 - MG_122
      TU_075	                          MG_123
      TU_076	                 MG_124 - MG_125
      TU_077	                          MG_126
      TU_078	                 MG_127 - MG_128
      TU_079	                          MG_129
      TU_080	                          MG_130
      TU_081	                          MG_131
      TU_082	                          MG_132
      TU_083	                          MG_133
      TU_084	                          MG_134
      TU_085	                          MG_135
      TU_086	                 MG_136 - MG_138
      TU_087	                          MG_139
      TU_088	  MGrrnA16S, MGrrnA23S, MGrrnA5S
      TU_089	                          MG_140
      TU_090	                          MG_141
      TU_091	                          MG_477
      TU_092	                 MG_142 - MG_144
      TU_093	                          MG_145
      TU_094	                          MG_146
      TU_095	                          MG_147
      TU_096	                          MG_148
      TU_097	                          MG_149
      TU_098	                          MG_478
      TU_099	                          MG_150
      TU_100	                          MG_151
      TU_101	                 MG_152 - MG_153
      TU_102	                 MG_154 - MG_163
      TU_103	                          MG_164
      TU_104	                 MG_165 - MG_169
      TU_105	                 MG_170 - MG_173
      TU_106	                          MG_174
      TU_107	                 MG_175 - MG_177
      TU_108	                          MG_178
      TU_109	                          MG_179
      TU_110	                          MG_180
      TU_111	                          MG_181
      TU_112	                          MG_182
      TU_113	                 MG_183 - MG_184
      TU_114	                          MG_185
      TU_115	                          MG_186
      TU_116	                 MG_187 - MG_189
      TU_117	                          MG_190
      TU_118	                 MG_191 - MG_192
      TU_119	                 MG_194 - MG_195
      TU_120	                 MG_196 - MG_198
      TU_121	                          MG_199
      TU_122	                 MG_200 - MG_202
      TU_123	                           MG479
      TU_124	                 MG_203 - MG_204
      TU_125	                          MG_205
      TU_126	                          MG_206
      TU_127	                          MG_207
      TU_128	                 MG_208 - MG_210
      TU_129	                          MG_480
      TU_130	                          MG_481
      TU_131	          MG_211, MG_212, MG_482
      TU_132	                 MG_213 - MG_214
      TU_133	                 MG_215 - MG_216
      TU_134	                           MG483
      TU_135	                           MG484
      TU_136	                           MG485
      TU_137	                           MG486
      TU_138	                           MG487
      TU_139	                           MG488
      TU_140	                           MG489
      TU_141	                           MG490
      TU_142	                          MG_217
      TU_143	                  MG_218, MG_491
      TU_144	                          MG_219
      TU_145	                          MG_220
      TU_146	                           MG492
      TU_147	                 MG_221 - MG_223
      TU_148	                          MG_224
      TU_149	                 MG_225 - MG_226
      TU_150	                          MG_227
      TU_151	                 MG_228 - MG_231
      TU_152	                 MG_232 - MG_236
      TU_153	                          MG_237
      TU_154	                          MG_238
      TU_155	                          MG_239
      TU_156	                          MG_240
      TU_157	                          MG_241
      TU_158	                          MG_242
      TU_159	                 MG_243 - MG_244
      TU_160	                          MG_245
      TU_161	                          MG_246
      TU_162	                          MG_247
      TU_163	                 MG_248 - MG_249
      TU_164	                 MG_250 - MG_251
      TU_165	                 MG_252 - MG_254
      TU_166	                           MG493
      TU_167	                  MG_255, MG_494
      TU_168	                   MG495 - MG496
      TU_169	                          MG_256
      TU_170	                 MG_257 - MG_259
      TU_171	                          MG_260
      TU_172	                           MG497
      TU_173	          MG_261, MG_262, MG_498
      TU_174	                          MG_263
      TU_175	                          MG_264
      TU_176	                 MG_265 - MG_267
      TU_177	                          MG_268
      TU_178	                         MG_0001
      TU_179	                          MG_269
      TU_180	                 MG_270 - MG_272
      TU_181	                         MG_0002
      TU_182	                 MG_273 - MG_275
      TU_183	                          MG_276
      TU_184	                          MG_277
      TU_185	                          MG_278
      TU_186	                 MG_279 - MG_281
      TU_187	                   MG499 - MG501
      TU_188	                           MG502
      TU_189	                           MG503
      TU_190	                          MG_282
      TU_191	                          MG_283
      TU_192	                 MG_284 - MG_286
      TU_193	                          MG_287
      TU_194	                           MG504
      TU_195	                          MG_288
      TU_196	                 MG_289 - MG_291
      TU_197	                          MG_505
      TU_198	                 MG_292 - MG_294
      TU_199	                          MG_295
      TU_200	                          MG_296
      TU_201	                          MG_297
      TU_202	                          MG_298
      TU_203	                          MG_299
      TU_204	                 MG_300 - MG_301
      TU_205	                          MG_302
      TU_206	                          MG_303
      TU_207	                          MG_304
      TU_208	                          MG_305
      TU_209	                          MG_306
      TU_210	                          MG_307
      TU_211	                 MG_308 - MG_309
      TU_212	                          MG_310
      TU_213	                          MG_311
      TU_214	                          MG_312
      TU_215	                 MG_313 - MG_315
      TU_216	                          MG_316
      TU_217	                 MG_317 - MG_318
      TU_218	                          MG_319
      TU_219	                          MG_320
      TU_220	                           MG506
      TU_221	                           MG507
      TU_222	                          MG_321
      TU_223	                   MG508 - MG514
      TU_224	                          MG_322
      TU_225	                          MG_323
      TU_226	                         MG_0003
      TU_227	                         MG_0004
      TU_228	          MG_324, MG_325, MG_515
      TU_229	                          MG_326
      TU_230	                          MG_327
      TU_231	                          MG_328
      TU_232	                          MG_329
      TU_233	                 MG_330 - MG_333
      TU_234	                          MG_334
      TU_235	                          MG_335
      TU_236	                          MG_516
      TU_237	                          MG_517
      TU_238	                          MG_336
      TU_239	                          MG_337
      TU_240	                          MG_338
      TU_241	                          MG_339
      TU_242	                 MG_340 - MG_341
      TU_243	                          MG_342
      TU_244	                          MG_343
      TU_245	                          MG_344
      TU_246	                          MG_345
      TU_247	                 MG_346 - MG_347
      TU_248	                           MG518
      TU_249	                          MG_348
      TU_250	                           MG519
      TU_251	                 MG_349 - MG_350
      TU_252	                           MG520
      TU_253	                          MG_521
      TU_254	                          MG_351
      TU_255	                          MG_352
      TU_256	                          MG_353
      TU_257	                          MG_354
      TU_258	                          MG_355
      TU_259	                          MG_356
      TU_260	                          MG_357
      TU_261	                 MG_358 - MG_359
      TU_262	                          MG_360
      TU_263	                 MG_361 - MG_363
      TU_264	                          MG_522
      TU_265	                          MG_364
      TU_266	                          MG_365
      TU_267	                          MG_366
      TU_268	                 MG_367 - MG_369
      TU_269	                          MG_370
      TU_270	                          MG_371
      TU_271	                 MG_372 - MG_375
      TU_272	                          MG_376
      TU_273	                          MG_377
      TU_274	                          MG_378
      TU_275	                 MG_379 - MG_381
      TU_276	                           MG523
      TU_277	                          MG_382
      TU_278	                          MG_383
      TU_279	                          MG_384
      TU_280	                  MG_385, MG_524
      TU_281	                          MG_386
      TU_282	                 MG_387 - MG_388
      TU_283	                          MG_389
      TU_284	                          MG_390
      TU_285	                 MG_391 - MG_393
      TU_286	                          MG_394
      TU_287	                          MG_395
      TU_288	                 MG_396 - MG_397
      TU_289	                          MG_398
      TU_290	                          MG_399
      TU_291	                 MG_400 - MG_401
      TU_292	                 MG_402 - MG_405
      TU_293	                          MG_406
      TU_294	                          MG_407
      TU_295	                          MG_408
      TU_296	                 MG_409 - MG_412
      TU_297	                          MG_414
      TU_298	                          MG_525
      TU_299	                          MG_417
      TU_300	                          MG_418
      TU_301	  MG_419, MG_421, MG_422, MG_423
      TU_302	                          MG_424
      TU_303	                          MG_425
      TU_304	                          MG_426
      TU_305	                          MG_427
      TU_306	                          MG_428
      TU_307	                 MG_429 - MG_431
      TU_308	                          MG_432
      TU_309	                          MG_433
      TU_310	                          MG_434
      TU_311	                          MG_435
      TU_312	                          MG_437
      TU_313	                          MG_438
      TU_314	                          MG_439
      TU_315	                 MG_440 - MG_441
      TU_316	                 MG_442 - MG_443
      TU_317	                 MG_444 - MG_446
      TU_318	                          MG_447
      TU_319	                          MG_448
      TU_320	                          MG_449
      TU_321	                 MG_450 - MG_451
      TU_322	                 MG_452 - MG_453
      TU_323	                          MG_454
      TU_324	                          MG_455
      TU_325	                          MG_456
      TU_326	                          MG_457
      TU_327	                          MG_458
      TU_328	                          MG_459
      TU_329	                          MG_460
      TU_330	                 MG_461 - MG_462
      TU_331	                 MG_463 - MG_465
      TU_332	                          MG_466
      TU_333	                 MG_467 - MG_468
      TU_334	                          MG_526
      TU_335	                 MG_469 - MG_470


s =

Chromosome edu.stanford.covert.cell.sim.state.Chromosome CellState object with state properties:
 - polymerizedRegions
 - linkingNumbers
 - monomerBoundSites
 - complexBoundSites
 - gapSites
 - abasicSites
 - damagedSugarPhosphates
 - damagedBases
 - intrastrandCrossLinks
 - strandBreaks
 - hollidayJunctions
 - segregated

             Damage Type	 No.
========================	====
               Gap Sites	   0
            Abasic Sites	   0
Damaged sugar phosphates	   0
           Damaged bases	365560
 Intrastrand cross links	   0
           Strand breaks	   0
      Holliday junctions	   0

            Strand Break	 No.
========================	====
                      NB	2686
                     SSB	   0
                    SSB+	   0
                    2SSB	   0
                     DSB	   0
                    DSB+	   0
                   DSB++	   0

Damaged Genes
=============
      MG_001	DNA polymerase III, beta subunit
      MG_002	             DnaJ domain protein
      MG_003	           DNA gyrase, B subunit
      MG_004	           DNA gyrase, A subunit
      MG_005	           seryl-tRNA synthetase
      MG_006	              thymidylate kinase
      MG_007	DNA polymerase III delta pri ...
      MG_008	   tRNA modification GTPase TrmE
      MG_009	               deoxyribonuclease
      MG_010	     DNA primase-related protein
      MG_011
      MG_012	        alpha-L-glutamate ligase
      MG_013	methylenetetrahydrofolate de ...
       MG471
       MG472
      MG_014	multidrug ABC transporter, A ...
      MG_015	multidrug ABC transporter, A ...
      MG_018	   SNF2 family helicase putative
      MG_019	          chaperone protein DnaJ
      MG_020	          proline iminopeptidase
      MG_021	       methionyl-tRNA synthetase
      MG_022	DNA-directed RNA polymerase, ...
      MG_023	fructose-1,6-bisphosphate al ...
      MG_024	        GTP-binding protein YchF
      MG_025	       Beta-glycosyl transferase
      MG_026	 translation elongation factor P
      MG_027	transcription termination/an ...
      MG_028
      MG_029	        DJ-1/PfpI family protein
      MG_030	uracil phosphoribosyltransferase
      MG_031	DNA polymerase III, alpha su ...
      MG_032
      MG_033	     glycerol uptake facilitator
      MG_034	                thymidine kinase
      MG_035	        histidyl-tRNA synthetase
      MG_036	        aspartyl-tRNA synthetase
      MG_037	nicotinate phosphoribosyltra ...
      MG_038	                 glycerol kinase
      MG_039	FAD-dependent glycerol-3-pho ...
      MG_040	Monosaccharide (riboside/gal ...
      MG_041	                 PTS system, HPr
      MG_042	spermidine/putrescine (polya ...
      MG_043	spermidine/putrescine (polya ...
      MG_044	spermidine/putrescine (polya ...
      MG_045	spermidine/putrescine (polya ...
      MG_046	            metalloendopeptidase
      MG_047	 S-adenosylmethionine synthetase
      MG_048	signal recognition particle  ...
      MG_049	 purine nucleoside phosphorylase
      MG_050	  deoxyribose-phosphate aldolase
      MG_051	pyrimidine-nucleoside phosph ...
      MG_052	              cytidine deaminase
      MG_053	phosphoglucomutase/phosphoma ...
      MG_054	transcription antiterminatio ...
      MG_055	preprotein translocase, SecE ...
      MG_473	    ribosomal protein L33 type 2
      MG_474
      MG_056	tetrapyrrole (corrin/porphyr ...
      MG_057	      small primase-like protein
      MG_058	ribose-phosphate pyrophospho ...
      MG_059	            SsrA-binding protein
      MG_060	            glycosyl transferase
      MG_061	      Mycoplasma MFS transporter
       MG475
      MG_062	PTS system, fructose-specifi ...
      MG_063	 1-phosphofructokinase, putative
      MG_064	ABC transporter, permease pr ...
      MG_065	ABC transporter, ATP-binding ...
      MG_066	                   transketolase
      MG_067	           lipoprotein, putative
      MG_068	           lipoprotein, putative
      MG_069	PTS system, glucose-specific ...
      MG_070	            ribosomal protein S2
      MG_071	ATPase, P-type (transporting ...
      MG_072	preprotein translocase, SecA ...
      MG_073	     excinuclease ABC, B subunit
      MG_074
      MG_075	         116 kDa surface antigen
      MG_076
      MG_077	oligopeptide ABC transporter ...
      MG_078	oligopeptide ABC transporter ...
      MG_079	oligopeptide ABC transporter ...
      MG_080	oligopeptide ABC transporter ...
      MG_081	           ribosomal protein L11
      MG_082	            ribosomal protein L1
      MG_083	         peptidyl-tRNA hydrolase
      MG_084	   tRNA(Ile)-lysidine synthetase
      MG_085	     HPr(Ser) kinase/phosphatase
      MG_086	prolipoprotein diacylglycery ...
      MG_087	           ribosomal protein S12
      MG_088	            ribosomal protein S7
      MG_089	 translation elongation factor G
      MG_090	            ribosomal protein S6
      MG_091	single-strand binding protei ...
      MG_092	           ribosomal protein S18
      MG_093	            ribosomal protein L9
      MG_094	        replicative DNA helicase
      MG_095	           lipoprotein, putative
      MG_096
      MG_097	uracil-DNA glycosylase, putative
      MG_098	glutamyl-tRNA(Gln) and/or as ...
      MG_099	glutamyl-tRNA(Gln) and/or as ...
      MG_100	glutamyl-tRNA(Gln) and/or as ...
      MG_101	Uncharacterized HTH-type tra ...
      MG_102	 thioredoxin-disulfide reductase
      MG_103
      MG_476	preprotein translocase, SecG ...
      MG_104	                  ribonuclease R
      MG_105	putative DNA integrity scann ...
      MG_106	             peptide deformylase
      MG_107	                guanylate kinase
      MG_108	Ser/Thr protein phosphatase  ...
      MG_109	serine/threonine protein kin ...
      MG_110	ribosome small subunit-depen ...
      MG_111	   glucose-6-phosphate isomerase
      MG_112	  ribulose-phosphate 3-epimerase
      MG_113	     asparaginyl-tRNA synthetase
      MG_114	CDP-diacylglycerol--glycerol ...
      MG_115	competence/damage-inducible  ...
      MG_116
      MG_117
      MG_118	         UDP-glucose 4-epimerase
      MG_119	Monosaccharide (riboside/gal ...
      MG_120	Monosaccharide (riboside/gal ...
      MG_121	Monosaccharide (riboside/gal ...
      MG_122	             DNA topoisomerase I
      MG_123	             arginine deaminasse
      MG_124	                     thioredoxin
      MG_125	    Cof-like hydrolase, putative
      MG_126	    tryptophanyl-tRNA synthetase
      MG_127	           Spx subfamily protein
      MG_128	inorganic polyphosphate/ATP- ...
      MG_129	Putative phosphotransferase  ...
      MG_130
      MG_131	            hypothetical protein
      MG_132	purine nucleoside phosphoram ...
      MG_133	      membrane protein, putative
      MG_134
      MG_135	      membrane protein, putative
      MG_136	           lysyl-tRNA synthetase
      MG_137	      UDP-galactopyranose mutase
      MG_138	 Translation elongation factor 4
      MG_139	                  ribonuclease J
   MGrrnA16S	              16S ribosomal rRNA
   MGrrnA23S	              23S ribosomal rRNA
    MGrrnA5S	               5S ribosomal rRNA
      MG_140	 putative ATP-dependent helicase
      MG_141	transcription termination fa ...
      MG_477
      MG_142	translation initiation facto ...
      MG_143	       ribosome-binding factor A
      MG_144
      MG_145	riboflavin biosynthesis prot ...
      MG_146	                 UPF0053 protein
      MG_147	      membrane protein, putative
      MG_148
      MG_149	           lipoprotein, putative
      MG_478
      MG_150	           ribosomal protein S10
      MG_151	            ribosomal protein L3
      MG_152	  ribosomal protein L4/L1 family
      MG_153	           ribosomal protein L23
      MG_154	            ribosomal protein L2
      MG_155	           ribosomal protein S19
      MG_156	           ribosomal protein L22
      MG_157	            ribosomal protein S3
      MG_158	           ribosomal protein L16
      MG_159	           ribosomal protein L29
      MG_160	           ribosomal protein S17
      MG_161	           ribosomal protein L14
      MG_162	           ribosomal protein L24
      MG_163	            ribosomal protein L5
      MG_164	           ribosomal protein S14
      MG_165	            ribosomal protein S8
      MG_166	            ribosomal protein L6
      MG_167	           ribosomal protein L18
      MG_168	            ribosomal protein S5
      MG_169	           ribosomal protein L15
      MG_170	preprotein translocase, SecY ...
      MG_171	                adenylate kinase
      MG_172	methionine aminopeptidase, t ...
      MG_173	translation initiation facto ...
      MG_174	           ribosomal protein L36
      MG_175	           ribosomal protein S13
      MG_176
      MG_177	DNA-directed RNA polymerase, ...
      MG_178	           ribosomal protein L17
      MG_179	metal ion (cobalt) ABC trans ...
      MG_180	metal ion (cobalt) ABC trans ...
      MG_181	metal ion (cobalt) ABC trans ...
      MG_182	   tRNA pseudouridine synthase A
      MG_183	            oligoendopeptidase F
      MG_184	adenine-specific DNA modific ...
      MG_185	           lipoprotein, putative
      MG_186	Oligosaccharide or polyol AB ...
      MG_187	Oligosaccharide or polyol AB ...
      MG_188	Oligosaccharide or polyol AB ...
      MG_189	Oligosaccharide or polyol AB ...
      MG_190	                 phosphoesterase
      MG_191	                    MgPa adhesin
      MG_192	                    P110 protein
      MG_194	phenylalanyl-tRNA synthetase ...
      MG_195	phenylalanyl-tRNA synthetase ...
      MG_196	translation initiation facto ...
      MG_197	           ribosomal protein L35
      MG_198	           ribosomal protein L20
      MG_199	ribonuclease HIII, putative, ...
      MG_200	             DnaJ domain protein
      MG_201	               co-chaperone GrpE
      MG_202
       MG479
      MG_203	 DNA topoisomerase IV, B subunit
      MG_204	 DNA topoisomerase IV, A subunit
      MG_205	heat-inducible transcription ...
      MG_206	     excinuclease ABC, C subunit
      MG_207	  Ser/Thr protein phosphatase 2A
      MG_208	                   glycoprotease
      MG_209	23S rRNA pseudouridine synth ...
      MG_210	prolipoprotein signal peptid ...
      MG_480
      MG_481	       30S ribosomal protein S21
      MG_211
      MG_482	holo-(acyl-carrier-protein)  ...
      MG_212	1-acyl-sn-glycerol-3-phospha ...
      MG_213	segregation and condensation ...
      MG_214	segregation and condensation ...
      MG_215	           6-phosphofructokinase
      MG_216	                 pyruvate kinase
       MG483
       MG484
       MG485
       MG486
       MG487
       MG488
       MG489
       MG490
      MG_217	                     P65 adhesin
      MG_218	high molecular weight cytadh ...
      MG_491
      MG_219
      MG_220
       MG492
      MG_221	                    mraZ protein
      MG_222	S-adenosyl-methyltransferase ...
      MG_223
      MG_224	      cell division protein FtsZ
      MG_225	amino acid-polyamine-organoc ...
      MG_226	amino acid-polyamine-organoc ...
      MG_227	            thymidylate synthase
      MG_228	         dihydrofolate reductase
      MG_229	ribonucleoside-diphosphate r ...
      MG_230	ribonucleotide reductase sti ...
      MG_231	ribonucleoside-diphosphate r ...
      MG_232	           ribosomal protein L21
      MG_233
      MG_234	           ribosomal protein L27
      MG_235	           apurinic endonuclease
      MG_236	         ferric uptake repressor
      MG_237
      MG_238	                  trigger factor
      MG_239	       ATP-dependent protease La
      MG_240	nicotinamide-nucleotide aden ...
      MG_241
      MG_242
      MG_243	conserved hypothetical prote ...
      MG_244	                   3-5' helicase
      MG_245	5-formyltetrahydrofolate cyc ...
      MG_246	  Ser/Thr protein phosphatase 2A
      MG_247	      membrane protein, putative
      MG_248
      MG_249	RNA polymerase sigma factor RpoD
      MG_250	                     DNA primase
      MG_251	          glycyl-tRNA synthetase
      MG_252	23S rRNA methyltransferase;  ...
      MG_253	       cysteinyl-tRNA synthetase
      MG_254	       DNA ligase, NAD-dependent
       MG493
      MG_255
      MG_494
       MG495
       MG496
      MG_256
      MG_257	           ribosomal protein L31
      MG_258	  peptide chain release factor 1
      MG_259	          modification methylase
      MG_260	           lipoprotein, putative
       MG497
      MG_261	DNA polymerase III, alpha su ...
      MG_262	polI-like 5'-3' exonuclease, ...
      MG_498	formamidopyrimidine-DNA glyc ...
      MG_263	              Cof-like hydrolase
      MG_264	            dephospho-CoA kinase
      MG_265	               sugar phosphatase
      MG_266	          leucyl-tRNA synthetase
      MG_267
      MG_268
     MG_0001	scRNA, signal recognition pa ...
      MG_269
      MG_270	lipoyltransferase/lipoate-pr ...
      MG_271	  dihydrolipoamide dehydrogenase
      MG_272	dihydrolipoamide acetyltrans ...
     MG_0002	                       MG170 RNA
      MG_273	pyruvate dehydrogenase compo ...
      MG_274	pyruvate dehydrogenase compo ...
      MG_275	                    NADH oxidase
      MG_276	adenine phosphoribosyltransf ...
      MG_277	Protein-export membrane prot ...
      MG_278	             GTP diphosphokinase
      MG_279
      MG_280	sensory rhodopsin II transdu ...
      MG_281
       MG499
       MG500
       MG501
       MG502
       MG503
      MG_282	transcription elongation fac ...
      MG_283	          prolyl-tRNA synthetase
      MG_284
      MG_285
      MG_286
      MG_287	            acyl carrier protein
       MG504
      MG_288	                       protein L
      MG_289	phosphonate ABC transporter, ...
      MG_290	phosphonate ABC transporter, ...
      MG_291	phosphonate ABC transporter, ...
      MG_505	putative holliday junction r ...
      MG_292	          alanyl-tRNA synthetase
      MG_293	glycerophosphoryl diester ph ...
      MG_294	major facilitator superfamil ...
      MG_295	      tRNA U34 sulfurtransferase
      MG_296
      MG_297	signal recognition particle  ...
      MG_298	chromosome segregation prote ...
      MG_299	     phosphate acetyltransferase
      MG_300	         phosphoglycerate kinase
      MG_301	glyceraldehyde-3-phosphate d ...
      MG_302	metal ion (cobalt) ABC trans ...
      MG_303	metal ion (cobalt) ABC trans ...
      MG_304	metal ion (cobalt) ABC trans ...
      MG_305	                       chaperone
      MG_306	      membrane protein, putative
      MG_307	           lipoprotein, putative
      MG_308	      ATP-dependent RNA helicase
      MG_309	           lipoprotein, putative
      MG_310	hydrolase, Putative esterase ...
      MG_311	            ribosomal protein S4
      MG_312	high molecular weight cytadh ...
      MG_313	      membrane protein, putative
      MG_314
      MG_315	DNA polymerase III, delta su ...
      MG_316	DNA internalization-related  ...
      MG_317	high molecular weight cytadh ...
      MG_318	                     P32 adhesin
      MG_319
      MG_320	      membrane protein, putative
       MG506
       MG507
      MG_321	oligopeptide ABC transporter ...
       MG508
       MG509
       MG510
       MG511
       MG512
       MG513
       MG514
      MG_322	        potassium uptake protein
      MG_323	        potassium uptake protein
     MG_0003	       Rnase P RNA, MCS5, M1 RNA
     MG_0004	transfer-messenger RNA, tmRN ...
      MG_515
      MG_324	                  aminopeptidase
      MG_325	           ribosomal protein L33
      MG_326	             degV family protein
      MG_327	hydrolase, Putative esterase ...
      MG_328	coiled coil putative structu ...
      MG_329	        GTP-binding protein engA
      MG_330	               cytidylate kinase
      MG_331
      MG_332
      MG_333	FMN-dependent NADH-azoreduct ...
      MG_334	           valyl-tRNA synthetase
      MG_335	GTP-binding protein engB, pu ...
      MG_516
      MG_517	glycosyl transferase, group  ...
      MG_336	            cysteine desulfurase
      MG_337
      MG_338	           lipoprotein, putative
      MG_339	recombination protein, stran ...
      MG_340	DNA-directed RNA polymerase, ...
      MG_341	DNA-directed RNA polymerase, ...
      MG_342	NADPH-dependent FMN reductas ...
      MG_343
      MG_344	hydrolase, Putative esterase ...
      MG_345	       isoleucyl-tRNA synthetase
      MG_346	23S rRNA methyltransferase;  ...
      MG_347	tRNA (guanine-N(7)-)-methylt ...
       MG518
      MG_348	           lipoprotein, putative
       MG519
      MG_349	Replication initiation/membr ...
      MG_350
       MG520
      MG_521	      membrane protein, putative
      MG_351	       inorganic pyrophosphatase
      MG_352	  Holliday junction endonuclease
      MG_353	DNA-binding protein HU, putative
      MG_354
      MG_355	ATP-dependent Clp protease,  ...
      MG_356	choline/ethanolamine kinase, ...
      MG_357	                  acetate kinase
      MG_358	  Holliday junction DNA helicase
      MG_359	Holliday junction DNA helica ...
      MG_360	   ImpB/MucB/SamB family protein
      MG_361	           ribosomal protein L10
      MG_362	        ribosomal protein L7/L12
      MG_363	           ribosomal protein L32
      MG_522	           ribosomal protein S20
      MG_364	Replication initiation/membr ...
      MG_365	methionyl-tRNA formyltransferase
      MG_366
      MG_367	                ribonuclease III
      MG_368	fatty acid/phospholipid synt ...
      MG_369	 DAK2 phosphatase domain protein
      MG_370	23S rRNA pseudouridine synth ...
      MG_371	              DHH family protein
      MG_372	thiamine biosynthesis/tRNA m ...
      MG_373
      MG_374
      MG_375	        threonyl-tRNA synthetase
      MG_376
      MG_377
      MG_378	         arginyl-tRNA synthetase
      MG_379	tRNA uridine 5-carboxymethyl ...
      MG_380	          methyltransferase GidB
      MG_381
       MG523
      MG_382	                  uridine kinase
      MG_383	NH(3)-dependent NAD+ synthet ...
      MG_384	                     GTPase1 Obg
      MG_524
      MG_385	glycerophosphoryl diester ph ...
      MG_386	                    P200 protein
      MG_387	         GTP-binding protein Era
      MG_388	        Putative metalloprotease
      MG_389
      MG_390	toxin ABC transporter, ATP-b ...
      MG_391	          cytosol aminopeptidase
      MG_392	                      chaperonin
      MG_393	              chaperonin, 10 kDa
      MG_394	 serine hydroxymethyltransferase
      MG_395	           lipoprotein, putative
      MG_396	  ribose 5-phosphate isomerase B
      MG_397
      MG_398	ATP synthase F1, epsilon subunit
      MG_399	   ATP synthase F1, beta subunit
      MG_400	  ATP synthase F1, gamma subunit
      MG_401	  ATP synthase F1, alpha subunit
      MG_402	  ATP synthase F1, delta subunit
      MG_403	      ATP synthase F0, B subunit
      MG_404	      ATP synthase F0, C subunit
      MG_405	      ATP synthase F0, A subunit
      MG_406
      MG_407	                         enolase
      MG_408	methionine-S-sulfoxide reductase
      MG_409	phosphate transport system r ...
      MG_410	phosphate ABC transporter, A ...
      MG_411	phosphate ABC transporter, p ...
      MG_412	phosphate ABC transporter, s ...
      MG_414
      MG_525
      MG_417	            ribosomal protein S9
      MG_418	           ribosomal protein L13
      MG_419	DNA polymerase III, subunit  ...
      MG_421	     excinuclease ABC, A subunit
      MG_422
      MG_423	metallo-beta-lactamase super ...
      MG_424	           ribosomal protein S15
      MG_425	      ATP-dependent RNA helicase
      MG_426	           ribosomal protein L28
      MG_427	osmotically inducible peroxidase
      MG_428	LuxR bacterial regulatory pr ...
      MG_429	                  PTS system, E1
      MG_430	2,3-bisphosphoglycerate-inde ...
      MG_431	       triosephosphate isomerase
      MG_432	      membrane protein, putative
      MG_433	translation elongation factor Ts
      MG_434	                uridylate kinase
      MG_435	       ribosome recycling factor
      MG_437	phosphatidate cytidylyltrans ...
      MG_438	type I restriction modificat ...
      MG_439	           lipoprotein, putative
      MG_440	           lipoprotein, putative
      MG_441
      MG_442	     ribosomal biogenesis GTPase
      MG_443	      membrane protein, putative
      MG_444	           ribosomal protein L19
      MG_445	tRNA (guanine-N1)-methyltran ...
      MG_446	           ribosomal protein S16
      MG_447	           multidrug efflux pump
      MG_448	methionine-R-sulfoxide reductase
      MG_449	conserved hypothetical prote ...
      MG_450	             degV family protein
      MG_451	translation elongation factor Tu
      MG_452	      membrane protein, putative
      MG_453	UTP-glucose-1-phosphate urid ...
      MG_454	      thiol-dependent peroxidase
      MG_455	         tyrosyl-tRNA synthetase
      MG_456
      MG_457	ATP-dependent metalloproteas ...
      MG_458	hypoxanthine phosphoribosylt ...
      MG_459	putative 2-C-methyl-D-erythr ...
      MG_460	L-lactate dehydrogenase/mala ...
      MG_461	               HD domain protein
      MG_462	        glutamyl-tRNA synthetase
      MG_463	   dimethyladenosine transferase
      MG_464	inner-membrane protein inser ...
      MG_465	ribonuclease P protein component
      MG_466	           ribosomal protein L34
      MG_467	salivaricin A ABC transporte ...
      MG_468	salivaricin A ABC transporte ...
      MG_526	salivaricin A ABC transporte ...
      MG_469	chromosomal replication init ...
      MG_470	CobQ/CobB/MinD/ParA nucleoti ...

Damaged Transcription Units
===========================
      TU_001	                 MG_001 - MG_002
      TU_002	                 MG_003 - MG_004
      TU_003	                 MG_005 - MG_009
      TU_004	                          MG_010
      TU_005	                 MG_011 - MG_012
      TU_006	                          MG_013
      TU_007	                   MG471 - MG472
      TU_008	                 MG_014 - MG_015
      TU_009	                          MG_018
      TU_010	                 MG_019 - MG_021
      TU_011	                 MG_022 - MG_024
      TU_012	                          MG_025
      TU_013	                 MG_026 - MG_028
      TU_014	                 MG_029 - MG_031
      TU_015	                          MG_032
      TU_016	                          MG_033
      TU_017	                          MG_034
      TU_018	                          MG_035
      TU_019	                          MG_036
      TU_020	                          MG_037
      TU_021	                          MG_038
      TU_022	                          MG_039
      TU_023	                          MG_040
      TU_024	                          MG_041
      TU_025	                 MG_042 - MG_044
      TU_026	                          MG_045
      TU_027	                 MG_046 - MG_047
      TU_028	                          MG_048
      TU_029	                 MG_049 - MG_051
      TU_030	                 MG_052 - MG_053
      TU_031	          MG_054, MG_055, MG_473
      TU_032	          MG_056, MG_057, MG_474
      TU_033	                          MG_058
      TU_034	                          MG_059
      TU_035	                          MG_060
      TU_036	                          MG_061
      TU_037	                           MG475
      TU_038	                          MG_062
      TU_039	                          MG_063
      TU_040	                 MG_064 - MG_065
      TU_041	                          MG_066
      TU_042	                 MG_067 - MG_068
      TU_043	                          MG_069
      TU_044	                          MG_070
      TU_045	                          MG_071
      TU_046	                          MG_072
      TU_047	                          MG_073
      TU_048	                          MG_074
      TU_049	                          MG_075
      TU_050	                          MG_076
      TU_051	                 MG_077 - MG_080
      TU_052	                 MG_081 - MG_082
      TU_053	                          MG_083
      TU_054	                 MG_084 - MG_085
      TU_055	                 MG_086 - MG_089
      TU_056	                          MG_090
      TU_057	                          MG_091
      TU_058	                          MG_092
      TU_059	                 MG_093 - MG_095
      TU_060	                          MG_096
      TU_061	                          MG_097
      TU_062	                 MG_098 - MG_100
      TU_063	                 MG_101 - MG_103
      TU_064	                          MG_476
      TU_065	                          MG_104
      TU_066	                          MG_105
      TU_067	                          MG_106
      TU_068	                 MG_107 - MG_110
      TU_069	                 MG_111 - MG_112
      TU_070	                          MG_113
      TU_071	                          MG_114
      TU_072	                          MG_115
      TU_073	                 MG_116 - MG_118
      TU_074	                 MG_119 - MG_122
      TU_075	                          MG_123
      TU_076	                 MG_124 - MG_125
      TU_077	                          MG_126
      TU_078	                 MG_127 - MG_128
      TU_079	                          MG_129
      TU_080	                          MG_130
      TU_081	                          MG_131
      TU_082	                          MG_132
      TU_083	                          MG_133
      TU_084	                          MG_134
      TU_085	                          MG_135
      TU_086	                 MG_136 - MG_138
      TU_087	                          MG_139
      TU_088	  MGrrnA16S, MGrrnA23S, MGrrnA5S
      TU_089	                          MG_140
      TU_090	                          MG_141
      TU_091	                          MG_477
      TU_092	                 MG_142 - MG_144
      TU_093	                          MG_145
      TU_094	                          MG_146
      TU_095	                          MG_147
      TU_096	                          MG_148
      TU_097	                          MG_149
      TU_098	                          MG_478
      TU_099	                          MG_150
      TU_100	                          MG_151
      TU_101	                 MG_152 - MG_153
      TU_102	                 MG_154 - MG_163
      TU_103	                          MG_164
      TU_104	                 MG_165 - MG_169
      TU_105	                 MG_170 - MG_173
      TU_106	                          MG_174
      TU_107	                 MG_175 - MG_177
      TU_108	                          MG_178
      TU_109	                          MG_179
      TU_110	                          MG_180
      TU_111	                          MG_181
      TU_112	                          MG_182
      TU_113	                 MG_183 - MG_184
      TU_114	                          MG_185
      TU_115	                          MG_186
      TU_116	                 MG_187 - MG_189
      TU_117	                          MG_190
      TU_118	                 MG_191 - MG_192
      TU_119	                 MG_194 - MG_195
      TU_120	                 MG_196 - MG_198
      TU_121	                          MG_199
      TU_122	                 MG_200 - MG_202
      TU_123	                           MG479
      TU_124	                 MG_203 - MG_204
      TU_125	                          MG_205
      TU_126	                          MG_206
      TU_127	                          MG_207
      TU_128	                 MG_208 - MG_210
      TU_129	                          MG_480
      TU_130	                          MG_481
      TU_131	          MG_211, MG_212, MG_482
      TU_132	                 MG_213 - MG_214
      TU_133	                 MG_215 - MG_216
      TU_134	                           MG483
      TU_135	                           MG484
      TU_136	                           MG485
      TU_137	                           MG486
      TU_138	                           MG487
      TU_139	                           MG488
      TU_140	                           MG489
      TU_141	                           MG490
      TU_142	                          MG_217
      TU_143	                  MG_218, MG_491
      TU_144	                          MG_219
      TU_145	                          MG_220
      TU_146	                           MG492
      TU_147	                 MG_221 - MG_223
      TU_148	                          MG_224
      TU_149	                 MG_225 - MG_226
      TU_150	                          MG_227
      TU_151	                 MG_228 - MG_231
      TU_152	                 MG_232 - MG_236
      TU_153	                          MG_237
      TU_154	                          MG_238
      TU_155	                          MG_239
      TU_156	                          MG_240
      TU_157	                          MG_241
      TU_158	                          MG_242
      TU_159	                 MG_243 - MG_244
      TU_160	                          MG_245
      TU_161	                          MG_246
      TU_162	                          MG_247
      TU_163	                 MG_248 - MG_249
      TU_164	                 MG_250 - MG_251
      TU_165	                 MG_252 - MG_254
      TU_166	                           MG493
      TU_167	                  MG_255, MG_494
      TU_168	                   MG495 - MG496
      TU_169	                          MG_256
      TU_170	                 MG_257 - MG_259
      TU_171	                          MG_260
      TU_172	                           MG497
      TU_173	          MG_261, MG_262, MG_498
      TU_174	                          MG_263
      TU_175	                          MG_264
      TU_176	                 MG_265 - MG_267
      TU_177	                          MG_268
      TU_178	                         MG_0001
      TU_179	                          MG_269
      TU_180	                 MG_270 - MG_272
      TU_181	                         MG_0002
      TU_182	                 MG_273 - MG_275
      TU_183	                          MG_276
      TU_184	                          MG_277
      TU_185	                          MG_278
      TU_186	                 MG_279 - MG_281
      TU_187	                   MG499 - MG501
      TU_188	                           MG502
      TU_189	                           MG503
      TU_190	                          MG_282
      TU_191	                          MG_283
      TU_192	                 MG_284 - MG_286
      TU_193	                          MG_287
      TU_194	                           MG504
      TU_195	                          MG_288
      TU_196	                 MG_289 - MG_291
      TU_197	                          MG_505
      TU_198	                 MG_292 - MG_294
      TU_199	                          MG_295
      TU_200	                          MG_296
      TU_201	                          MG_297
      TU_202	                          MG_298
      TU_203	                          MG_299
      TU_204	                 MG_300 - MG_301
      TU_205	                          MG_302
      TU_206	                          MG_303
      TU_207	                          MG_304
      TU_208	                          MG_305
      TU_209	                          MG_306
      TU_210	                          MG_307
      TU_211	                 MG_308 - MG_309
      TU_212	                          MG_310
      TU_213	                          MG_311
      TU_214	                          MG_312
      TU_215	                 MG_313 - MG_315
      TU_216	                          MG_316
      TU_217	                 MG_317 - MG_318
      TU_218	                          MG_319
      TU_219	                          MG_320
      TU_220	                           MG506
      TU_221	                           MG507
      TU_222	                          MG_321
      TU_223	                   MG508 - MG514
      TU_224	                          MG_322
      TU_225	                          MG_323
      TU_226	                         MG_0003
      TU_227	                         MG_0004
      TU_228	          MG_324, MG_325, MG_515
      TU_229	                          MG_326
      TU_230	                          MG_327
      TU_231	                          MG_328
      TU_232	                          MG_329
      TU_233	                 MG_330 - MG_333
      TU_234	                          MG_334
      TU_235	                          MG_335
      TU_236	                          MG_516
      TU_237	                          MG_517
      TU_238	                          MG_336
      TU_239	                          MG_337
      TU_240	                          MG_338
      TU_241	                          MG_339
      TU_242	                 MG_340 - MG_341
      TU_243	                          MG_342
      TU_244	                          MG_343
      TU_245	                          MG_344
      TU_246	                          MG_345
      TU_247	                 MG_346 - MG_347
      TU_248	                           MG518
      TU_249	                          MG_348
      TU_250	                           MG519
      TU_251	                 MG_349 - MG_350
      TU_252	                           MG520
      TU_253	                          MG_521
      TU_254	                          MG_351
      TU_255	                          MG_352
      TU_256	                          MG_353
      TU_257	                          MG_354
      TU_258	                          MG_355
      TU_259	                          MG_356
      TU_260	                          MG_357
      TU_261	                 MG_358 - MG_359
      TU_262	                          MG_360
      TU_263	                 MG_361 - MG_363
      TU_264	                          MG_522
      TU_265	                          MG_364
      TU_266	                          MG_365
      TU_267	                          MG_366
      TU_268	                 MG_367 - MG_369
      TU_269	                          MG_370
      TU_270	                          MG_371
      TU_271	                 MG_372 - MG_375
      TU_272	                          MG_376
      TU_273	                          MG_377
      TU_274	                          MG_378
      TU_275	                 MG_379 - MG_381
      TU_276	                           MG523
      TU_277	                          MG_382
      TU_278	                          MG_383
      TU_279	                          MG_384
      TU_280	                  MG_385, MG_524
      TU_281	                          MG_386
      TU_282	                 MG_387 - MG_388
      TU_283	                          MG_389
      TU_284	                          MG_390
      TU_285	                 MG_391 - MG_393
      TU_286	                          MG_394
      TU_287	                          MG_395
      TU_288	                 MG_396 - MG_397
      TU_289	                          MG_398
      TU_290	                          MG_399
      TU_291	                 MG_400 - MG_401
      TU_292	                 MG_402 - MG_405
      TU_293	                          MG_406
      TU_294	                          MG_407
      TU_295	                          MG_408
      TU_296	                 MG_409 - MG_412
      TU_297	                          MG_414
      TU_298	                          MG_525
      TU_299	                          MG_417
      TU_300	                          MG_418
      TU_301	  MG_419, MG_421, MG_422, MG_423
      TU_302	                          MG_424
      TU_303	                          MG_425
      TU_304	                          MG_426
      TU_305	                          MG_427
      TU_306	                          MG_428
      TU_307	                 MG_429 - MG_431
      TU_308	                          MG_432
      TU_309	                          MG_433
      TU_310	                          MG_434
      TU_311	                          MG_435
      TU_312	                          MG_437
      TU_313	                          MG_438
      TU_314	                          MG_439
      TU_315	                 MG_440 - MG_441
      TU_316	                 MG_442 - MG_443
      TU_317	                 MG_444 - MG_446
      TU_318	                          MG_447
      TU_319	                          MG_448
      TU_320	                          MG_449
      TU_321	                 MG_450 - MG_451
      TU_322	                 MG_452 - MG_453
      TU_323	                          MG_454
      TU_324	                          MG_455
      TU_325	                          MG_456
      TU_326	                          MG_457
      TU_327	                          MG_458
      TU_328	                          MG_459
      TU_329	                          MG_460
      TU_330	                 MG_461 - MG_462
      TU_331	                 MG_463 - MG_465
      TU_332	                          MG_466
      TU_333	                 MG_467 - MG_468
      TU_334	                          MG_526
      TU_335	                 MG_469 - MG_470

passed in     4.831794 seconds
         testWeightCalculations ............................. passed in     0.469378 seconds
         testInitialize ..................................... passed in     0.561677 seconds
         testAllocateMemoryForState ......................... passed in     0.484835 seconds
      edu.stanford.covert.cell.sim.state.Chromosome_Test .... passed in    52.304442 seconds


      edu.stanford.covert.cell.sim.state.FtsZRing_Test
         testImplementsStateInterface ....................... passed in     0.098244 seconds
         testDisp ........................................... FtsZ ring edu.stanford.covert.cell.sim.state.FtsZRing CellState object with state properties:
 - numEdgesOneStraight
 - numEdgesTwoStraight
 - numEdgesTwoBent
 - numResidualBent


s =

FtsZ ring edu.stanford.covert.cell.sim.state.FtsZRing CellState object with state properties:
 - numEdgesOneStraight
 - numEdgesTwoStraight
 - numEdgesTwoBent
 - numResidualBent

passed in     0.097307 seconds
         testDependentProperties ............................ passed in     0.027305 seconds
         testWeightCalculations ............................. passed in     0.021693 seconds
         testInitialize ..................................... passed in     0.019101 seconds
         testAllocateMemoryForState ......................... passed in     0.019274 seconds
      edu.stanford.covert.cell.sim.state.FtsZRing_Test ...... passed in     0.407503 seconds


      edu.stanford.covert.cell.sim.state.Host_Test
         testImplementsStateInterface ....................... passed in     0.101478 seconds
         testDisp ........................................... Host edu.stanford.covert.cell.sim.state.Host CellState object with state properties:
 - isBacteriumAdherent
 - isTLRActivated
 - isNFkBActivated
 - isInflammatoryResponseActivated


s =

Host edu.stanford.covert.cell.sim.state.Host CellState object with state properties:
 - isBacteriumAdherent
 - isTLRActivated
 - isNFkBActivated
 - isInflammatoryResponseActivated

passed in     0.085404 seconds
         testDependentProperties ............................ passed in     0.023966 seconds
         testWeightCalculations ............................. passed in     0.017321 seconds
         testInitialize ..................................... passed in     0.017888 seconds
         testAllocateMemoryForState ......................... passed in     0.017551 seconds
      edu.stanford.covert.cell.sim.state.Host_Test .......... passed in     0.403109 seconds


      edu.stanford.covert.cell.sim.state.MetabolicReaction_Test
         testImplementsStateInterface ....................... passed in     0.114241 seconds
         testDisp ........................................... Metabolic reaction edu.stanford.covert.cell.sim.state.MetabolicReaction CellState object with state
         properties:
 - growth
 - fluxs


s =

Metabolic reaction edu.stanford.covert.cell.sim.state.MetabolicReaction CellState object with state properties:
 - growth
 - fluxs

passed in     0.088423 seconds
         testDependentProperties ............................ passed in     0.026032 seconds
         testWeightCalculations ............................. passed in     0.028572 seconds
         testInitialize ..................................... passed in     0.019488 seconds
         testAllocateMemoryForState ......................... passed in     0.019173 seconds
      edu.stanford.covert.cell.sim.state.MetabolicReaction_Test  passed in     0.423442 seconds


      edu.stanford.covert.cell.sim.state.Metabolite_Test
         testImplementsStateInterface ....................... passed in     0.142685 seconds
         testDisp ........................................... Metabolite edu.stanford.covert.cell.sim.state.Metabolite CellState object with state properties:
 - counts
 - processRequirements
 - processAllocations
 - processUsages


s =

Metabolite edu.stanford.covert.cell.sim.state.Metabolite CellState object with state properties:
 - counts
 - processRequirements
 - processAllocations
 - processUsages

passed in     0.093080 seconds
         testDependentProperties ............................ passed in     0.097472 seconds
         testWeightCalculations ............................. passed in     0.024846 seconds
         testInitialize ..................................... passed in     0.027457 seconds
         testAllocateMemoryForState ......................... passed in     0.027756 seconds
      edu.stanford.covert.cell.sim.state.Metabolite_Test .... passed in     0.545548 seconds


      edu.stanford.covert.cell.sim.state.Polypeptide_Test
         testImplementsStateInterface ....................... passed in     0.235568 seconds
         testDisp ........................................... Polypeptide edu.stanford.covert.cell.sim.state.Polypeptide CellState object with state properties:
 - boundMRNAs
 - nascentMonomerLengths
 - proteolysisTagLengths
 - abortedPolypeptides


s =

Polypeptide edu.stanford.covert.cell.sim.state.Polypeptide CellState object with state properties:
 - boundMRNAs
 - nascentMonomerLengths
 - proteolysisTagLengths
 - abortedPolypeptides

passed in     0.103975 seconds
         testDependentProperties ............................ passed in     0.212050 seconds
         testWeightCalculations ............................. passed in     0.045512 seconds
         testInitialize ..................................... passed in     0.037033 seconds
         testAllocateMemoryForState ......................... passed in     0.034990 seconds
      edu.stanford.covert.cell.sim.state.Polypeptide_Test ... passed in     0.795381 seconds


      edu.stanford.covert.cell.sim.state.ProteinComplex_Test
         testMolecularWeights ............................... passed in     2.359436 seconds
         testImplementsStateInterface ....................... passed in     0.484724 seconds
         testDisp ........................................... Protein Complex edu.stanford.covert.cell.sim.state.ProteinComplex CellState object with state
         properties:
 - counts


s =

Protein Complex edu.stanford.covert.cell.sim.state.ProteinComplex CellState object with state properties:
 - counts

passed in     0.541760 seconds
         testDependentProperties ............................ passed in     0.469222 seconds
         testWeightCalculations ............................. passed in     0.446196 seconds
         testInitialize ..................................... passed in     0.447401 seconds
         testAllocateMemoryForState ......................... passed in     0.601383 seconds
      edu.stanford.covert.cell.sim.state.ProteinComplex_Test  passed in     5.500486 seconds


      edu.stanford.covert.cell.sim.state.ProteinMonomer_Test
         testMolecularWeights ............................... passed in     0.677838 seconds
         testImplementsStateInterface ....................... passed in     0.613841 seconds
         testDisp ........................................... Protein Monomer edu.stanford.covert.cell.sim.state.ProteinMonomer CellState object with state
         properties:
 - counts


s =

Protein Monomer edu.stanford.covert.cell.sim.state.ProteinMonomer CellState object with state properties:
 - counts

passed in     0.515325 seconds
         testDependentProperties ............................ passed in     0.472336 seconds
         testWeightCalculations ............................. passed in     0.445929 seconds
         testInitialize ..................................... passed in     0.450462 seconds
         testAllocateMemoryForState ......................... passed in     0.489202 seconds
      edu.stanford.covert.cell.sim.state.ProteinMonomer_Test  passed in     3.840402 seconds


      edu.stanford.covert.cell.sim.state.RNAPolymerase_Test
         testImplementsStateInterface ....................... passed in     0.697419 seconds
         testDisp ........................................... RNA Polymerase edu.stanford.covert.cell.sim.state.RNAPolymerase CellState object with state
         properties:
 - states
 - positionStrands
 - transcriptionFactorBindingProbFoldChange
 - supercoilingBindingProbFoldChange


s =

RNA Polymerase edu.stanford.covert.cell.sim.state.RNAPolymerase CellState object with state properties:
 - states
 - positionStrands
 - transcriptionFactorBindingProbFoldChange
 - supercoilingBindingProbFoldChange

passed in     0.486629 seconds
         testDependentProperties ............................ passed in     0.470555 seconds
         testWeightCalculations ............................. passed in     0.444735 seconds
         testInitialize ..................................... passed in     0.447780 seconds
         testAllocateMemoryForState ......................... passed in     0.449762 seconds
      edu.stanford.covert.cell.sim.state.RNAPolymerase_Test . passed in     3.124979 seconds


      edu.stanford.covert.cell.sim.state.Ribosome_Test
         testImplementsStateInterface ....................... passed in     0.618823 seconds
         testDisp ........................................... Ribosome edu.stanford.covert.cell.sim.state.Ribosome CellState object with state properties:
 - states
 - boundMRNAs
 - mRNAPositions
 - tmRNAPositions


s =

Ribosome edu.stanford.covert.cell.sim.state.Ribosome CellState object with state properties:
 - states
 - boundMRNAs
 - mRNAPositions
 - tmRNAPositions

passed in     0.519912 seconds
         testDependentProperties ............................ passed in     0.467564 seconds
         testWeightCalculations ............................. passed in     0.441512 seconds
         testInitialize ..................................... passed in     0.444351 seconds
         testAllocateMemoryForState ......................... passed in     0.442738 seconds
      edu.stanford.covert.cell.sim.state.Ribosome_Test ...... passed in     3.060384 seconds


      edu.stanford.covert.cell.sim.state.Rna_Test
         testMolecularWeights ............................... passed in     0.665761 seconds
         testImplementsStateInterface ....................... passed in     0.489376 seconds
         testDisp ........................................... RNA edu.stanford.covert.cell.sim.state.Rna CellState object with state properties:
 - counts


s =

RNA edu.stanford.covert.cell.sim.state.Rna CellState object with state properties:
 - counts

passed in     0.507916 seconds
         testDependentProperties ............................ passed in     0.507965 seconds
         testWeightCalculations ............................. passed in     0.442898 seconds
         testInitialize ..................................... passed in     0.445849 seconds
         testAllocateMemoryForState ......................... passed in     0.443874 seconds
      edu.stanford.covert.cell.sim.state.Rna_Test ........... passed in     3.638736 seconds


      edu.stanford.covert.cell.sim.state.Stimulus_Test
         testImplementsStateInterface ....................... passed in     0.106229 seconds
         testDisp ........................................... Stimulus edu.stanford.covert.cell.sim.state.Stimulus CellState object with state properties:
 - values


s =

Stimulus edu.stanford.covert.cell.sim.state.Stimulus CellState object with state properties:
 - values

passed in     0.064594 seconds
         testDependentProperties ............................ passed in     0.012304 seconds
         testWeightCalculations ............................. passed in     0.007081 seconds
         testInitialize ..................................... passed in     0.007823 seconds
         testAllocateMemoryForState ......................... passed in     0.017817 seconds
      edu.stanford.covert.cell.sim.state.Stimulus_Test ...... passed in     0.325563 seconds


      edu.stanford.covert.cell.sim.state.Time_Test
         testImplementsStateInterface ....................... passed in     0.124334 seconds
         testDisp ........................................... Time edu.stanford.covert.cell.sim.state.Time CellState object with state properties:
 - values


s =

Time edu.stanford.covert.cell.sim.state.Time CellState object with state properties:
 - values

passed in     0.082421 seconds
         testDependentProperties ............................ passed in     0.021982 seconds
         testWeightCalculations ............................. passed in     0.018517 seconds
         testInitialize ..................................... passed in     0.017389 seconds
         testAllocateMemoryForState ......................... passed in     0.017646 seconds
      edu.stanford.covert.cell.sim.state.Time_Test .......... passed in     0.410410 seconds


      edu.stanford.covert.cell.sim.state.Transcript_Test
         testImplementsStateInterface ....................... passed in     0.615306 seconds
         testDisp ........................................... Transcript edu.stanford.covert.cell.sim.state.Transcript CellState object with state properties:
 - boundTranscriptionUnits
 - boundTranscriptProgress
 - boundTranscriptChromosome
 - abortedTranscripts


s =

Transcript edu.stanford.covert.cell.sim.state.Transcript CellState object with state properties:
 - boundTranscriptionUnits
 - boundTranscriptProgress
 - boundTranscriptChromosome
 - abortedTranscripts

passed in     0.518273 seconds
         testDependentProperties ............................ passed in     0.483595 seconds
         testWeightCalculations ............................. passed in     0.451142 seconds
         testInitialize ..................................... passed in     0.444779 seconds
         testAllocateMemoryForState ......................... passed in     0.444672 seconds
      edu.stanford.covert.cell.sim.state.Transcript_Test .... passed in     3.091163 seconds

   edu.stanford.covert.cell.sim.state ....................... passed in    87.961508 seconds


   edu.stanford.covert.cell.sim.util

      edu.stanford.covert.cell.sim.util.ConditionSet_Test
         testParseConditionSet .............................. passed in     2.031852 seconds
         testGenerateSingleGeneDeletionConditionSet ......... passed in     1.812948 seconds
         testGenerateConditionSet ........................... passed in     2.113518 seconds
      edu.stanford.covert.cell.sim.util.ConditionSet_Test ... passed in     6.050884 seconds


      edu.stanford.covert.cell.sim.util.DatabaseLogger_Test
         testEarlyTermination ............................... Warning: The following error was caught while executing 'edu.stanford.covert.db.MySQLDatabase' class
         destructor:
Attempt to reference field of non-structure array.
> In edu.stanford.covert.cell.sim.util.DatabaseLogger_Test/testEarlyTermination (line 164)
  In TestCase/run (line 74)
  In TestSuite/run (line 85)
  In TestSuite/run (line 85)
  In TestSuite/run (line 85)
  In edu.stanford.covert.test.runtests (line 92)
  In runSmallTests (line 18)
FAILED in    45.453647 seconds
         testLogging ........................................ Warning: The following error was caught while executing 'edu.stanford.covert.db.MySQLDatabase' class
         destructor:
Attempt to reference field of non-structure array.
> In edu.stanford.covert.cell.sim.util.DatabaseLogger_Test/testLogging (line 28)
  In TestCase/run (line 74)
  In TestSuite/run (line 85)
  In TestSuite/run (line 85)
  In TestSuite/run (line 85)
  In edu.stanford.covert.test.runtests (line 92)
  In runSmallTests (line 18)
FAILED in    64.076051 seconds
      edu.stanford.covert.cell.sim.util.DatabaseLogger_Test . FAILED in   109.581797 seconds


      edu.stanford.covert.cell.sim.util.DiskLogger_Test
         testEarlyTermination ............................... passed in    12.915541 seconds
         testLogging ........................................ FAILED in    40.055644 seconds
      edu.stanford.covert.cell.sim.util.DiskLogger_Test ..... FAILED in    53.029401 seconds


      edu.stanford.covert.cell.sim.util.FbaLPWriter_Test
         testWriter ......................................... passed in    46.834785 seconds
      edu.stanford.covert.cell.sim.util.FbaLPWriter_Test .... passed in    46.916771 seconds


      edu.stanford.covert.cell.sim.util.FitConstants_Test
         testFitAnalytically ................................ skiped in     0.000000 seconds
         testCalcResourceRequirements_IonWeightFraction ..... passed in    40.355759 seconds
         testCalcResourceRequirements_VitaminWeightFraction . passed in    38.201792 seconds
         testCalcResourceRequirements_CarbohydrateWeightFraction  passed in    39.945258 seconds
         testCalcResourceRequirements_PolyamineWeightFraction  passed in    38.627174 seconds
         testCalcResourceRequirements_LipidWeightFraction ... passed in    38.711833 seconds
         testCalcResourceRequirements_ProteinWeightFraction . passed in    46.279849 seconds
         testCalcResourceRequirements_RNAWeightFraction ..... passed in    41.156040 seconds
         testCalcResourceRequirements_DNAWeightFraction ..... passed in    40.478724 seconds
         testCalcResourceRequirements ....................... passed in   162.098668 seconds
         testFitHeuristically ............................... FAILED in   207.736282 seconds
         testConstants ...................................... passed in     1.482457 seconds
      edu.stanford.covert.cell.sim.util.FitConstants_Test ... FAILED in   695.312743 seconds


      edu.stanford.covert.cell.sim.util.MacromoleculeUtil_Test
         testGetMacromoleculeCounts ......................... FAILED in     1.252080 seconds
         testGetMacromoleculeIndexsIDsNames ................. passed in     0.970405 seconds
      edu.stanford.covert.cell.sim.util.MacromoleculeUtil_Test  FAILED in     2.303352 seconds


      edu.stanford.covert.cell.sim.util.SummaryLogger_Test
         testEarlyTermination ...............................                           Metabolites
         RNAs                          Monomers    Complexes                         Replisome
                          ========================================================================================= ============================= ===========
                          ===========                       =========================================
Time  RT  Mass Growth     ATP      ADP      AMP      NTPs     Min NTP   AAs      Min AA    Lipids   Polysaccharides Tot  Nasc mRNA rRNA sRNA tRNA Nasct Matur Nasct
Matur Sup DnaA    R1-5      Helicase Pos  Leading Pos   Lagging Pos   Ploidy FtsZ    FtsZ Ring   Pinch Diam
===== === ==== ========== ======== ======== ======== ======== ========= ======== ========= ======== =============== ==== ==== ==== ==== ==== ==== ===== ===== =====
===== === ======= ========= ============= ============= ============= ====== ======= =========== ==========
    0   6 0.99 1.914e-05    35756     3576     1430    71512     0 CTP   129014   389 CYS   194829           21477 1977    0   58    3   26 1890     0 20478     0
    4452   1   0   0 0 0 0 0 0      0      0      0      0      0      0  1.000   0   0  0  0  0  0 2.827e-07
    2  26 0.99 1.914e-05    35756     3576     1430    71512     0 CTP   129014   389 CYS   194829           21477 1977    0   58    3   26 1890     0 20478     0
    4452   1   0   0 0 0 0 0 0      0      0      0      0      0      0  1.000   0   0  0  0  0  0 2.827e-07
    4   2 0.99 1.914e-05    35756     3576     1430    71512     0 CTP   129014   389 CYS   194829           21477 1977    0   58    3   26 1890     0 20478     0
    4452   1   0   0 0 0 0 0 0      0      0      0      0      0      0  1.000   0   0  0  0  0  0 2.827e-07
    5   2 0.99 1.914e-05    35756     3576     1430    71512     0 CTP   129014   389 CYS   194829           21477 1977    0   58    3   26 1890     0 20478     0
    4452   1   0   0 0 0 0 0 0      0      0      0      0      0      0  1.000   0   0  0  0  0  0 2.827e-07
Total simulation time: 5 s
Total runtime: 36.319 s

passed in    85.825498 seconds
         testLogging ........................................                           Metabolites
         RNAs                          Monomers    Complexes                         Replisome
                          ========================================================================================= ============================= ===========
                          ===========                       =========================================
Time  RT  Mass Growth     ATP      ADP      AMP      NTPs     Min NTP   AAs      Min AA    Lipids   Polysaccharides Tot  Nasc mRNA rRNA sRNA tRNA Nasct Matur Nasct
Matur Sup DnaA    R1-5      Helicase Pos  Leading Pos   Lagging Pos   Ploidy FtsZ    FtsZ Ring   Pinch Diam
===== === ==== ========== ======== ======== ======== ======== ========= ======== ========= ======== =============== ==== ==== ==== ==== ==== ==== ===== ===== =====
===== === ======= ========= ============= ============= ============= ====== ======= =========== ==========
    0   0 1.04 0.000e+00    37615     3762     1505    75230     0 CTP    76799     0 CYS   204956           22593 2695    0   75  244  101 2275     0 42201     0
    0   1   0   0 0 0 0 0 0      0      0      0      0      0      0  1.000   0   0  0  0  0  0 2.876e-07
    2   3 1.04 0.000e+00    37615     3762     1505    75230     0 CTP    76799     0 CYS   204956           22593 2695    0   75  244  101 2275     0 42201     0
    0   1   0   0 0 0 0 0 0      0      0      0      0      0      0  1.000   0   0  0  0  0  0 2.876e-07
    4   2 1.04 0.000e+00    37615     3762     1505    75230     0 CTP    76799     0 CYS   204956           22593 2695    0   75  244  101 2275     0 42201     0
    0   1   0   0 0 0 0 0 0      0      0      0      0      0      0  1.000   0   0  0  0  0  0 2.876e-07
    6   2 1.04 0.000e+00    37615     3762     1505    75230     0 CTP    76799     0 CYS   204956           22593 2695    0   75  244  101 2275     0 42201     0
    0   1   0   0 0 0 0 0 0      0      0      0      0      0      0  1.000   0   0  0  0  0  0 2.876e-07
    8   2 1.04 0.000e+00    37615     3762     1505    75230     0 CTP    76799     0 CYS   204956           22593 2695    0   75  244  101 2275     0 42201     0
    0   1   0   0 0 0 0 0 0      0      0      0      0      0      0  1.000   0   0  0  0  0  0 2.876e-07
   10   2 1.04 0.000e+00    37615     3762     1505    75230     0 CTP    76799     0 CYS   204956           22593 2695    0   75  244  101 2275     0 42201     0
   0   1   0   0 0 0 0 0 0      0      0      0      0      0      0  1.000   0   0  0  0  0  0 2.876e-07
Total simulation time: 10 s
Total runtime: 11.703 s

passed in    21.349356 seconds
      edu.stanford.covert.cell.sim.util.SummaryLogger_Test .. passed in   107.245602 seconds


      edu.stanford.covert.cell.sim.util.polymerizeTest
         testNoElongationOfFullyPolymerizedSequences ........ passed in     0.042983 seconds
         testAllAvailableBases .............................. passed in     0.031321 seconds
         testFairness ....................................... passed in     0.015702 seconds
         testEnergyLimited .................................. passed in     0.075675 seconds
         testNoSequences .................................... passed in     0.048308 seconds
      edu.stanford.covert.cell.sim.util.polymerizeTest ...... passed in     0.344695 seconds

   edu.stanford.covert.cell.sim.util ........................ FAILED in  1021.009144 seconds


   edu.stanford.covert.cell.kb

      edu.stanford.covert.cell.kb.KnowledgeBaseUtil_Test
         testNewContact ..................................... Warning: The following error was caught while executing 'edu.stanford.covert.db.MySQLDatabase' class
         destructor:
Attempt to reference field of non-structure array.
> In edu.stanford.covert.cell.kb.KnowledgeBaseUtil_Test/setUp (line 12)
  In TestCase/run (line 69)
  In TestSuite/run (line 85)
  In TestSuite/run (line 85)
  In TestSuite/run (line 85)
  In edu.stanford.covert.test.runtests (line 92)
  In runSmallTests (line 18)
FAILED in    84.331735 seconds
         testGetContact ..................................... Warning: The following error was caught while executing 'edu.stanford.covert.db.MySQLDatabase' class
         destructor:
Attempt to reference field of non-structure array.
> In edu.stanford.covert.cell.kb.KnowledgeBaseUtil_Test/setUp (line 12)
  In TestCase/run (line 69)
  In TestSuite/run (line 85)
  In TestSuite/run (line 85)
  In TestSuite/run (line 85)
  In edu.stanford.covert.test.runtests (line 92)
  In runSmallTests (line 18)
FAILED in   103.960996 seconds
         testGetSimulationCodeArchive ....................... Warning: The following error was caught while executing 'edu.stanford.covert.db.MySQLDatabase' class
         destructor:
Attempt to reference field of non-structure array.
> In edu.stanford.covert.cell.kb.KnowledgeBaseUtil_Test/setUp (line 12)
  In TestCase/run (line 69)
  In TestSuite/run (line 85)
  In TestSuite/run (line 85)
  In TestSuite/run (line 85)
  In edu.stanford.covert.test.runtests (line 92)
  In runSmallTests (line 18)
FAILED in   125.546254 seconds
         testSelectLatestSimulation ......................... Warning: The following error was caught while executing 'edu.stanford.covert.db.MySQLDatabase' class
         destructor:
Attempt to reference field of non-structure array.
> In edu.stanford.covert.cell.kb.KnowledgeBaseUtil_Test/setUp (line 12)
  In TestCase/run (line 69)
  In TestSuite/run (line 85)
  In TestSuite/run (line 85)
  In TestSuite/run (line 85)
  In edu.stanford.covert.test.runtests (line 92)
  In runSmallTests (line 18)
FAILED in   146.825801 seconds
         testSelectLatestKnowledgeBase ...................... Warning: The following error was caught while executing 'edu.stanford.covert.db.MySQLDatabase' class
         destructor:
Attempt to reference field of non-structure array.
> In edu.stanford.covert.cell.kb.KnowledgeBaseUtil_Test/setUp (line 12)
  In TestCase/run (line 69)
  In TestSuite/run (line 85)
  In TestSuite/run (line 85)
  In TestSuite/run (line 85)
  In edu.stanford.covert.test.runtests (line 92)
  In runSmallTests (line 18)
FAILED in   152.532688 seconds
      edu.stanford.covert.cell.kb.KnowledgeBaseUtil_Test .... FAILED in   613.257703 seconds

   edu.stanford.covert.cell.kb .............................. FAILED in   613.291845 seconds


   edu.stanford.covert.db

      edu.stanford.covert.db.MySQLDatabase_Test
         testIsValid ........................................ Warning: The following error was caught while executing 'edu.stanford.covert.db.MySQLDatabase' class
         destructor:
Attempt to reference field of non-structure array.
> In edu.stanford.covert.db.MySQLDatabase_Test/setUp (line 23)
  In TestCase/run (line 69)
  In TestSuite/run (line 85)
  In TestSuite/run (line 85)
  In TestSuite/run (line 85)
  In edu.stanford.covert.test.runtests (line 92)
  In runSmallTests (line 18)
FAILED in   181.203666 seconds
         testIsClosed ....................................... Warning: The following error was caught while executing 'edu.stanford.covert.db.MySQLDatabase' class
         destructor:
Attempt to reference field of non-structure array.
> In edu.stanford.covert.db.MySQLDatabase_Test/setUp (line 23)
  In TestCase/run (line 69)
  In TestSuite/run (line 85)
  In TestSuite/run (line 85)
  In TestSuite/run (line 85)
  In edu.stanford.covert.test.runtests (line 92)
  In runSmallTests (line 18)
FAILED in   210.163695 seconds
         testReopen ......................................... Warning: The following error was caught while executing 'edu.stanford.covert.db.MySQLDatabase' class
         destructor:
Attempt to reference field of non-structure array.
> In edu.stanford.covert.db.MySQLDatabase_Test/setUp (line 23)
  In TestCase/run (line 69)
  In TestSuite/run (line 85)
  In TestSuite/run (line 85)
  In TestSuite/run (line 85)
  In edu.stanford.covert.test.runtests (line 92)
  In runSmallTests (line 18)
FAILED in   231.142729 seconds
         testBlobStoringLoading ............................. Warning: The following error was caught while executing 'edu.stanford.covert.db.MySQLDatabase' class
         destructor:
Attempt to reference field of non-structure array.
> In edu.stanford.covert.db.MySQLDatabase_Test/setUp (line 23)
  In TestCase/run (line 69)
  In TestSuite/run (line 85)
  In TestSuite/run (line 85)
  In TestSuite/run (line 85)
  In edu.stanford.covert.test.runtests (line 92)
  In runSmallTests (line 18)
FAILED in   250.031515 seconds
      edu.stanford.covert.db.MySQLDatabase_Test ............. FAILED in   872.564324 seconds

   edu.stanford.covert.db ................................... FAILED in   872.565930 seconds


   edu.stanford.covert.io

      edu.stanford.covert.io.editMatFileHeaderTest
         testEditMatFileTimestamp ........................... passed in     0.838148 seconds
      edu.stanford.covert.io.editMatFileHeaderTest .......... passed in     0.910720 seconds


      edu.stanford.covert.io.jsonFormatTest
         testClass .......................................... passed in     0.170241 seconds
         testStruct ......................................... passed in     0.075857 seconds
         testCellArray ...................................... passed in     0.018359 seconds
         testUint64 ......................................... passed in     0.119421 seconds
         testUint32 ......................................... passed in     0.044955 seconds
         testUint16 ......................................... passed in     0.040053 seconds
         testUint8 .......................................... passed in     0.044657 seconds
         testInt64 .......................................... passed in     0.038225 seconds
         testInt32 .......................................... passed in     0.037402 seconds
         testInt16 .......................................... passed in     0.038653 seconds
         testInt8 ........................................... passed in     0.041584 seconds
         testSingle ......................................... passed in     0.216373 seconds
         testDouble ......................................... passed in     0.023420 seconds
         testLogical ........................................ passed in     0.032710 seconds
         testChar ........................................... passed in     0.030332 seconds
      edu.stanford.covert.io.jsonFormatTest ................. passed in     1.225956 seconds


      edu.stanford.covert.io.jsonParseTest
         testClass .......................................... passed in     0.227830 seconds
         testStruct ......................................... passed in     0.025924 seconds
         testCellArray ...................................... passed in     0.023584 seconds
         testUint64 ......................................... passed in     0.029643 seconds
         testUint32 ......................................... passed in     0.055779 seconds
         testUint16 ......................................... passed in     0.337103 seconds
         testUint8 .......................................... passed in     0.126358 seconds
         testInt64 .......................................... passed in     0.125552 seconds
         testInt32 .......................................... passed in     0.045196 seconds
         testInt16 .......................................... passed in     0.025735 seconds
         testInt8 ........................................... passed in     0.026350 seconds
         testSingle ......................................... passed in     0.040938 seconds
         testDouble ......................................... passed in     0.035783 seconds
         testLogical ........................................ passed in     0.021582 seconds
         testChar ........................................... passed in     0.023134 seconds
      edu.stanford.covert.io.jsonParseTest .................. passed in     1.468479 seconds

   edu.stanford.covert.io ................................... passed in     3.689764 seconds


   edu.stanford.covert.test

      edu.stanford.covert.test.mockTest
         testBindingOfFunctionHandles ....................... passed in     0.035255 seconds
         testCurlyBracesInSubsAsgn .......................... passed in     0.025452 seconds
         testParenthesesInSubsAsgn .......................... passed in     0.022101 seconds
         testCastToStructure ................................ passed in     0.020244 seconds
         testPassByReference ................................ passed in     0.018148 seconds
         testNewPropertyByAssignment ........................ passed in     0.021614 seconds
         testNestedStructures ............................... passed in     0.016829 seconds
         testConstructionAndPropertyAccess .................. passed in     0.017776 seconds
      edu.stanford.covert.test.mockTest ..................... passed in     0.341097 seconds

   edu.stanford.covert.test ................................. passed in     0.404946 seconds


   edu.stanford.covert.util

      edu.stanford.covert.util.Absolutepath_Test
         testAbsolutepath ................................... FAILED in     0.070162 seconds
      edu.stanford.covert.util.Absolutepath_Test ............ FAILED in     0.146474 seconds


      edu.stanford.covert.util.BuiltinTest
         testRandsample ..................................... passed in     0.029552 seconds
      edu.stanford.covert.util.BuiltinTest .................. passed in     0.101323 seconds


      edu.stanford.covert.util.CircularMat_Test
         testTypeCasting .................................... passed in     0.161908 seconds
         testIss ............................................ passed in     0.021559 seconds
         testReduction ...................................... passed in     0.344528 seconds
         testAnyAll ......................................... passed in     0.043461 seconds
         testSetOperators ................................... passed in     0.037841 seconds
         testComplexNumbers ................................. passed in     0.256399 seconds
         testScalarFunctions ................................ passed in     0.282892 seconds
         testLessThanOrEqualTo .............................. passed in     0.031972 seconds
         testLessThan ....................................... passed in     0.031752 seconds
         testGreaterThanOrEqualTo ........................... passed in     0.107119 seconds
         testGreaterThan .................................... passed in     0.043414 seconds
         testInequality ..................................... passed in     0.031450 seconds
         testEquality ....................................... passed in     0.028633 seconds
         testMultiplyDivideExponentiate ..................... passed in     0.441959 seconds
         testPlusMinus ...................................... passed in     0.045096 seconds
         testAndOrXorNot .................................... passed in     0.103411 seconds
         testConcatenation .................................. passed in     0.299575 seconds
         testFind ........................................... passed in     0.056144 seconds
         testSize ........................................... FAILED in     0.140903 seconds
         testEnd ............................................ passed in     0.022662 seconds
         testSubscriptReferenceAssignment ................... passed in     0.030854 seconds
         testConstructor .................................... passed in     0.015718 seconds
      edu.stanford.covert.util.CircularMat_Test ............. FAILED in     2.958110 seconds


      edu.stanford.covert.util.CircularSparseMat_Test
         testDeserializationFromStruct ...................... passed in     0.023185 seconds
         testSubscriptReferenceAssignment ................... passed in     0.075981 seconds
      edu.stanford.covert.util.CircularSparseMat_Test ....... passed in     0.179160 seconds


      edu.stanford.covert.util.EmpiricalFormula_Test
         testDisplay ........................................ 1x1 EmpiricalFormula
   1.	H2O4R3
6x1 EmpiricalFormula
   1.	H2O4R3
   2.	H2O4R3
   3.	H2O4R3
   4.	H2O4R3
   5.	H2O4R3
   6.	H2O4R3
passed in     0.238983 seconds
         testTypeCasting .................................... passed in     0.198124 seconds
         testWeightMassNumber ............................... passed in     0.151957 seconds
         testSum ............................................ passed in     0.194137 seconds
         testMultiplicationDivision ......................... passed in     1.239820 seconds
         testAdditionSubtraction ............................ passed in     1.012820 seconds
         testEquality ....................................... passed in     0.358617 seconds
         testConstructor .................................... passed in     0.217323 seconds
      edu.stanford.covert.util.EmpiricalFormula_Test ........ passed in     3.786311 seconds


      edu.stanford.covert.util.IOUtil_Test
         testBinaryArray .................................... FAILED in     0.196150 seconds
         testDoubleArray .................................... FAILED in     0.022155 seconds
         testSingleArray .................................... FAILED in     0.024834 seconds
         testInt32Array ..................................... FAILED in     0.022292 seconds
         testInt16Array ..................................... FAILED in     0.022262 seconds
         testInt8Array ...................................... FAILED in     0.022833 seconds
         testUint32Array .................................... FAILED in     0.023010 seconds
         testUint16Array .................................... FAILED in     0.026981 seconds
         testUint8Array ..................................... FAILED in     0.024313 seconds
         testCellStringArray ................................ FAILED in     0.151736 seconds
         testStringArray .................................... FAILED in     0.024803 seconds
         testMemmapFileReadWrite ............................ passed in     0.876489 seconds
      edu.stanford.covert.util.IOUtil_Test .................. FAILED in     1.642050 seconds


      edu.stanford.covert.util.InterfaceUtil_Test
         testAssertInterface ................................ passed in     6.207126 seconds
      edu.stanford.covert.util.InterfaceUtil_Test ........... passed in     6.277744 seconds


      edu.stanford.covert.util.RandStream_Test
         testReproducibility ................................ FAILED in     0.184153 seconds
         testEquality ....................................... passed in     0.027509 seconds
         testSetters ........................................ passed in     0.039330 seconds
         testGetters ........................................ passed in     0.022382 seconds
         testRandCounts ..................................... passed in     0.195992 seconds
         testRandomlyNSelectRows ............................ passed in     0.427069 seconds
         testRandomlySelectRows ............................. passed in     0.591529 seconds
         testRandsample ..................................... passed in     0.114253 seconds
      edu.stanford.covert.util.RandStream_Test .............. FAILED in     1.767400 seconds


      edu.stanford.covert.util.SetUtil_Test
         testIsUnique ....................................... passed in     0.019568 seconds
      edu.stanford.covert.util.SetUtil_Test ................. passed in     0.090059 seconds


      edu.stanford.covert.util.SparseMat_Test
         testDiskIO ......................................... passed in    11.158830 seconds
         testSort_subs ...................................... passed in     4.346362 seconds
         testTypeCasting .................................... passed in     0.087372 seconds
         testIss ............................................ passed in     0.023265 seconds
         testSum ............................................ passed in     0.020932 seconds
         testReduction ...................................... passed in     0.481724 seconds
         testAnyAll ......................................... passed in     0.052171 seconds
         testSetOperators ................................... FAILED in     0.046412 seconds
         testComplexNumbers ................................. passed in     0.114019 seconds
         testScalarFunctions ................................ passed in     0.038165 seconds
         testLessThanOrEqualTo .............................. passed in     0.104262 seconds
         testLessThan ....................................... passed in     0.260602 seconds
         testGreaterThanOrEqualTo ........................... passed in     0.100515 seconds
         testGreaterThan .................................... passed in     0.056235 seconds
         testInequality ..................................... passed in     0.062137 seconds
         testEquality ....................................... passed in     0.090099 seconds
         testMultiplyDivideExponentiate ..................... passed in     0.473700 seconds
         testPlusMinus ...................................... passed in     0.096213 seconds
         testAndOrXorNot .................................... passed in     0.245472 seconds
         testConcatenation .................................. passed in     0.256952 seconds
         testRandomlySelectZeros ............................ passed in     0.053025 seconds
         testFind ........................................... passed in     0.019692 seconds
         testRepeatMatrix ................................... passed in     0.100914 seconds
         testSize ........................................... passed in     0.051808 seconds
         testInd2sub ........................................ passed in     0.020963 seconds
         testSub2ind ........................................ passed in     0.017613 seconds
         testEnd ............................................ passed in     0.025031 seconds
         testInternalConsistency ............................ passed in     0.057383 seconds
         testConsistentBehavior ............................. passed in     0.040374 seconds
         testSubscriptAssignmentReference ................... passed in     0.399138 seconds
         testSubscriptReferenceAssignment ................... passed in     0.119192 seconds
         testSubscriptAssignment ............................ passed in     0.082078 seconds
         testSubscriptReference ............................. passed in     0.052906 seconds
         testConstructor .................................... passed in     0.026245 seconds
      edu.stanford.covert.util.SparseMat_Test ............... FAILED in    19.731969 seconds


      edu.stanford.covert.util.computerInfoTest
         testComputerInformation ............................ passed in     0.077554 seconds
      edu.stanford.covert.util.computerInfoTest ............. passed in     0.146971 seconds


      edu.stanford.covert.util.findNonInteractingRowsAndColumnsTest
         test3 .............................................. passed in     0.018374 seconds
         test2 .............................................. passed in     0.016171 seconds
         test1 .............................................. passed in     0.016454 seconds
      edu.stanford.covert.util.findNonInteractingRowsAndColumnsTest  passed in     0.144454 seconds


      edu.stanford.covert.util.parseDoublesTest
         testLongTrailingDelimiter .......................... passed in     0.071074 seconds
         testLongDelimiter .................................. passed in     0.016132 seconds
         testThreeValuesTrailingDelimiter ................... passed in     0.017376 seconds
         testThreeValues .................................... passed in     0.015849 seconds
         testOneValueTrailingDelimiter ...................... passed in     0.015523 seconds
         testOneValue ....................................... passed in     0.015785 seconds
         testNoValues ....................................... passed in     0.015747 seconds
      edu.stanford.covert.util.parseDoublesTest ............. passed in     0.333182 seconds


      edu.stanford.covert.util.revisionTest
         testRevision ....................................... passed in     3.873955 seconds
      edu.stanford.covert.util.revisionTest ................. passed in     3.942305 seconds


      edu.stanford.covert.util.substrTest
         testPartOfStringFromEnd ............................ passed in     0.019171 seconds
         testPartOfString ................................... passed in     0.015560 seconds
         testWholeString .................................... passed in     0.015431 seconds
         testEmptyString .................................... passed in     0.132850 seconds
      edu.stanford.covert.util.substrTest ................... passed in     0.291886 seconds

   edu.stanford.covert.util ................................. FAILED in    41.939106 seconds

 ............................................................ FAILED in 11871.954501 seconds


===== Test Case Failure =====
Location: C:\Users\Jovan_Limited\Documents\MATLAB\WholeCell\src_test\+edu\+stanford\+covert\+cell\+sim\+process\ReplicationInitiation_Test.m
Name:     testDuration

C:\Users\Jovan_Limited\Documents\MATLAB\WholeCell\src_test\+edu\+stanford\+covert\+cell\+sim\+process\ReplicationInitiation_Test.m at line 1097

Input elements are not all equal within relative tolerance: 0.75

First input:
       12960

Second input:
     1


===== Test Case Failure =====
Location: C:\Users\Jovan_Limited\Documents\MATLAB\WholeCell\src_test\+edu\+stanford\+covert\+cell\+sim\+util\DatabaseLogger_Test.m
Name:     testEarlyTermination

C:\Users\Jovan_Limited\Documents\MATLAB\WholeCell\src\+edu\+stanford\+covert\+db\MySQLDatabase.m at line 367
C:\Users\Jovan_Limited\Documents\MATLAB\WholeCell\src\+edu\+stanford\+covert\+db\MySQLDatabase.m at line 69
C:\Users\Jovan_Limited\Documents\MATLAB\WholeCell\src_test\+edu\+stanford\+covert\+cell\+sim\+util\DatabaseLogger_Test.m at line 164

Java exception occurred:
com.mysql.jdbc.exceptions.jdbc4.CommunicationsException: Communications link failure

Last packet sent to the server was 0 ms ago.

	at sun.reflect.NativeConstructorAccessorImpl.newInstance0(Native Method)

	at sun.reflect.NativeConstructorAccessorImpl.newInstance(Unknown Source)

	at sun.reflect.DelegatingConstructorAccessorImpl.newInstance(Unknown Source)

	at java.lang.reflect.Constructor.newInstance(Unknown Source)

	at com.mysql.jdbc.Util.handleNewInstance(Util.java:406)

	at com.mysql.jdbc.SQLError.createCommunicationsException(SQLError.java:1074)

	at com.mysql.jdbc.ConnectionImpl.createNewIO(ConnectionImpl.java:2103)

	at com.mysql.jdbc.ConnectionImpl.<init>(ConnectionImpl.java:718)

	at com.mysql.jdbc.JDBC4Connection.<init>(JDBC4Connection.java:46)

	at sun.reflect.NativeConstructorAccessorImpl.newInstance0(Native Method)

	at sun.reflect.NativeConstructorAccessorImpl.newInstance(Unknown Source)

	at sun.reflect.DelegatingConstructorAccessorImpl.newInstance(Unknown Source)

	at java.lang.reflect.Constructor.newInstance(Unknown Source)

	at com.mysql.jdbc.Util.handleNewInstance(Util.java:406)

	at com.mysql.jdbc.ConnectionImpl.getInstance(ConnectionImpl.java:302)

	at com.mysql.jdbc.NonRegisteringDriver.connect(NonRegisteringDriver.java:282)

	at java.sql.DriverManager.getConnection(Unknown Source)

	at java.sql.DriverManager.getConnection(Unknown Source)

	at MySQLLoader.makeConnection(MySQLLoader.java:13)

Caused by: java.net.ConnectException: Connection timed out: connect

	at java.net.DualStackPlainSocketImpl.connect0(Native Method)

	at java.net.DualStackPlainSocketImpl.socketConnect(Unknown Source)

	at java.net.AbstractPlainSocketImpl.doConnect(Unknown Source)

	at java.net.AbstractPlainSocketImpl.connectToAddress(Unknown Source)

	at java.net.AbstractPlainSocketImpl.connect(Unknown Source)

	at java.net.PlainSocketImpl.connect(Unknown Source)

	at java.net.SocksSocketImpl.connect(Unknown Source)

	at java.net.Socket.connect(Unknown Source)

	at java.net.Socket.connect(Unknown Source)

	at java.net.Socket.<init>(Unknown Source)

	at java.net.Socket.<init>(Unknown Source)

	at com.mysql.jdbc.StandardSocketFactory.connect(StandardSocketFactory.java:253)

	at com.mysql.jdbc.MysqlIO.<init>(MysqlIO.java:280)

	at com.mysql.jdbc.ConnectionImpl.createNewIO(ConnectionImpl.java:2026)

	... 12 more



===== Test Case Failure =====
Location: C:\Users\Jovan_Limited\Documents\MATLAB\WholeCell\src_test\+edu\+stanford\+covert\+cell\+sim\+util\DatabaseLogger_Test.m
Name:     testLogging

C:\Users\Jovan_Limited\Documents\MATLAB\WholeCell\src\+edu\+stanford\+covert\+db\MySQLDatabase.m at line 367
C:\Users\Jovan_Limited\Documents\MATLAB\WholeCell\src\+edu\+stanford\+covert\+db\MySQLDatabase.m at line 69
C:\Users\Jovan_Limited\Documents\MATLAB\WholeCell\src_test\+edu\+stanford\+covert\+cell\+sim\+util\DatabaseLogger_Test.m at line 28

Java exception occurred:
com.mysql.jdbc.exceptions.jdbc4.CommunicationsException: Communications link failure

Last packet sent to the server was 0 ms ago.

	at sun.reflect.NativeConstructorAccessorImpl.newInstance0(Native Method)

	at sun.reflect.NativeConstructorAccessorImpl.newInstance(Unknown Source)

	at sun.reflect.DelegatingConstructorAccessorImpl.newInstance(Unknown Source)

	at java.lang.reflect.Constructor.newInstance(Unknown Source)

	at com.mysql.jdbc.Util.handleNewInstance(Util.java:406)

	at com.mysql.jdbc.SQLError.createCommunicationsException(SQLError.java:1074)

	at com.mysql.jdbc.ConnectionImpl.createNewIO(ConnectionImpl.java:2103)

	at com.mysql.jdbc.ConnectionImpl.<init>(ConnectionImpl.java:718)

	at com.mysql.jdbc.JDBC4Connection.<init>(JDBC4Connection.java:46)

	at sun.reflect.NativeConstructorAccessorImpl.newInstance0(Native Method)

	at sun.reflect.NativeConstructorAccessorImpl.newInstance(Unknown Source)

	at sun.reflect.DelegatingConstructorAccessorImpl.newInstance(Unknown Source)

	at java.lang.reflect.Constructor.newInstance(Unknown Source)

	at com.mysql.jdbc.Util.handleNewInstance(Util.java:406)

	at com.mysql.jdbc.ConnectionImpl.getInstance(ConnectionImpl.java:302)

	at com.mysql.jdbc.NonRegisteringDriver.connect(NonRegisteringDriver.java:282)

	at java.sql.DriverManager.getConnection(Unknown Source)

	at java.sql.DriverManager.getConnection(Unknown Source)

	at MySQLLoader.makeConnection(MySQLLoader.java:13)

Caused by: java.net.ConnectException: Connection timed out: connect

	at java.net.DualStackPlainSocketImpl.connect0(Native Method)

	at java.net.DualStackPlainSocketImpl.socketConnect(Unknown Source)

	at java.net.AbstractPlainSocketImpl.doConnect(Unknown Source)

	at java.net.AbstractPlainSocketImpl.connectToAddress(Unknown Source)

	at java.net.AbstractPlainSocketImpl.connect(Unknown Source)

	at java.net.PlainSocketImpl.connect(Unknown Source)

	at java.net.SocksSocketImpl.connect(Unknown Source)

	at java.net.Socket.connect(Unknown Source)

	at java.net.Socket.connect(Unknown Source)

	at java.net.Socket.<init>(Unknown Source)

	at java.net.Socket.<init>(Unknown Source)

	at com.mysql.jdbc.StandardSocketFactory.connect(StandardSocketFactory.java:253)

	at com.mysql.jdbc.MysqlIO.<init>(MysqlIO.java:280)

	at com.mysql.jdbc.ConnectionImpl.createNewIO(ConnectionImpl.java:2026)

	... 12 more



===== Test Case Failure =====
Location: C:\Users\Jovan_Limited\Documents\MATLAB\WholeCell\src_test\+edu\+stanford\+covert\+cell\+sim\+util\DiskLogger_Test.m
Name:     testLogging

C:\Users\Jovan_Limited\Documents\MATLAB\WholeCell\src\+edu\+stanford\+covert\+cell\+sim\+util\CachedSimulationObjectUtil.m at line 33
C:\Users\Jovan_Limited\Documents\MATLAB\WholeCell\loadSimulation.m at line 32
C:\Users\Jovan_Limited\Documents\MATLAB\WholeCell\src_test\+edu\+stanford\+covert\+cell\+sim\+util\DiskLogger_Test.m at line 111

No cached simulation object matches revision NaN


===== Test Case Failure =====
Location: C:\Users\Jovan_Limited\Documents\MATLAB\WholeCell\src_test\+edu\+stanford\+covert\+cell\+sim\+util\FitConstants_Test.m
Name:     testFitHeuristically

C:\Users\Jovan_Limited\Documents\MATLAB\WholeCell\src_test\+edu\+stanford\+covert\+cell\+sim\+util\FitConstants_Test.m at line 211
C:\Users\Jovan_Limited\Documents\MATLAB\WholeCell\src_test\+edu\+stanford\+covert\+cell\+sim\+util\FitConstants_Test.m at line 88

Element 1: 1.0695 outside interval [11.76 Inf]


===== Test Case Failure =====
Location: C:\Users\Jovan_Limited\Documents\MATLAB\WholeCell\src_test\+edu\+stanford\+covert\+cell\+sim\+util\MacromoleculeUtil_Test.m
Name:     testGetMacromoleculeCounts

C:\Users\Jovan_Limited\Documents\MATLAB\WholeCell\src\+edu\+stanford\+covert\+cell\+sim\+util\DiskLogger.m at line 938
C:\Users\Jovan_Limited\Documents\MATLAB\WholeCell\src\+edu\+stanford\+covert\+cell\+sim\+util\DiskLogger.m at line 403
C:\Users\Jovan_Limited\Documents\MATLAB\WholeCell\src\+edu\+stanford\+covert\+cell\+sim\+util\SimulationDiskUtil.m at line 102
C:\Users\Jovan_Limited\Documents\MATLAB\WholeCell\src_test\+edu\+stanford\+covert\+cell\+sim\+util\MacromoleculeUtil_Test.m at line 128

Unable to read file 'C:\1/metadata.mat'. No such file or directory.


===== Test Case Error =====
Location: C:\Users\Jovan_Limited\Documents\MATLAB\WholeCell\src_test\+edu\+stanford\+covert\+cell\+kb\KnowledgeBaseUtil_Test.m
Name:     testNewContact

C:\Users\Jovan_Limited\Documents\MATLAB\WholeCell\src\+edu\+stanford\+covert\+db\MySQLDatabase.m at line 367
C:\Users\Jovan_Limited\Documents\MATLAB\WholeCell\src\+edu\+stanford\+covert\+db\MySQLDatabase.m at line 69
C:\Users\Jovan_Limited\Documents\MATLAB\WholeCell\src_test\+edu\+stanford\+covert\+cell\+kb\KnowledgeBaseUtil_Test.m at line 12

Java exception occurred:
com.mysql.jdbc.exceptions.jdbc4.CommunicationsException: Communications link failure

Last packet sent to the server was 0 ms ago.

	at sun.reflect.NativeConstructorAccessorImpl.newInstance0(Native Method)

	at sun.reflect.NativeConstructorAccessorImpl.newInstance(Unknown Source)

	at sun.reflect.DelegatingConstructorAccessorImpl.newInstance(Unknown Source)

	at java.lang.reflect.Constructor.newInstance(Unknown Source)

	at com.mysql.jdbc.Util.handleNewInstance(Util.java:406)

	at com.mysql.jdbc.SQLError.createCommunicationsException(SQLError.java:1074)

	at com.mysql.jdbc.ConnectionImpl.createNewIO(ConnectionImpl.java:2103)

	at com.mysql.jdbc.ConnectionImpl.<init>(ConnectionImpl.java:718)

	at com.mysql.jdbc.JDBC4Connection.<init>(JDBC4Connection.java:46)

	at sun.reflect.NativeConstructorAccessorImpl.newInstance0(Native Method)

	at sun.reflect.NativeConstructorAccessorImpl.newInstance(Unknown Source)

	at sun.reflect.DelegatingConstructorAccessorImpl.newInstance(Unknown Source)

	at java.lang.reflect.Constructor.newInstance(Unknown Source)

	at com.mysql.jdbc.Util.handleNewInstance(Util.java:406)

	at com.mysql.jdbc.ConnectionImpl.getInstance(ConnectionImpl.java:302)

	at com.mysql.jdbc.NonRegisteringDriver.connect(NonRegisteringDriver.java:282)

	at java.sql.DriverManager.getConnection(Unknown Source)

	at java.sql.DriverManager.getConnection(Unknown Source)

	at MySQLLoader.makeConnection(MySQLLoader.java:13)

Caused by: java.net.ConnectException: Connection timed out: connect

	at java.net.DualStackPlainSocketImpl.connect0(Native Method)

	at java.net.DualStackPlainSocketImpl.socketConnect(Unknown Source)

	at java.net.AbstractPlainSocketImpl.doConnect(Unknown Source)

	at java.net.AbstractPlainSocketImpl.connectToAddress(Unknown Source)

	at java.net.AbstractPlainSocketImpl.connect(Unknown Source)

	at java.net.PlainSocketImpl.connect(Unknown Source)

	at java.net.SocksSocketImpl.connect(Unknown Source)

	at java.net.Socket.connect(Unknown Source)

	at java.net.Socket.connect(Unknown Source)

	at java.net.Socket.<init>(Unknown Source)

	at java.net.Socket.<init>(Unknown Source)

	at com.mysql.jdbc.StandardSocketFactory.connect(StandardSocketFactory.java:253)

	at com.mysql.jdbc.MysqlIO.<init>(MysqlIO.java:280)

	at com.mysql.jdbc.ConnectionImpl.createNewIO(ConnectionImpl.java:2026)

	... 12 more



===== Test Case Error =====
Location: C:\Users\Jovan_Limited\Documents\MATLAB\WholeCell\src_test\+edu\+stanford\+covert\+cell\+kb\KnowledgeBaseUtil_Test.m
Name:     testGetContact

C:\Users\Jovan_Limited\Documents\MATLAB\WholeCell\src\+edu\+stanford\+covert\+db\MySQLDatabase.m at line 367
C:\Users\Jovan_Limited\Documents\MATLAB\WholeCell\src\+edu\+stanford\+covert\+db\MySQLDatabase.m at line 69
C:\Users\Jovan_Limited\Documents\MATLAB\WholeCell\src_test\+edu\+stanford\+covert\+cell\+kb\KnowledgeBaseUtil_Test.m at line 12

Java exception occurred:
com.mysql.jdbc.exceptions.jdbc4.CommunicationsException: Communications link failure

Last packet sent to the server was 0 ms ago.

	at sun.reflect.NativeConstructorAccessorImpl.newInstance0(Native Method)

	at sun.reflect.NativeConstructorAccessorImpl.newInstance(Unknown Source)

	at sun.reflect.DelegatingConstructorAccessorImpl.newInstance(Unknown Source)

	at java.lang.reflect.Constructor.newInstance(Unknown Source)

	at com.mysql.jdbc.Util.handleNewInstance(Util.java:406)

	at com.mysql.jdbc.SQLError.createCommunicationsException(SQLError.java:1074)

	at com.mysql.jdbc.ConnectionImpl.createNewIO(ConnectionImpl.java:2103)

	at com.mysql.jdbc.ConnectionImpl.<init>(ConnectionImpl.java:718)

	at com.mysql.jdbc.JDBC4Connection.<init>(JDBC4Connection.java:46)

	at sun.reflect.NativeConstructorAccessorImpl.newInstance0(Native Method)

	at sun.reflect.NativeConstructorAccessorImpl.newInstance(Unknown Source)

	at sun.reflect.DelegatingConstructorAccessorImpl.newInstance(Unknown Source)

	at java.lang.reflect.Constructor.newInstance(Unknown Source)

	at com.mysql.jdbc.Util.handleNewInstance(Util.java:406)

	at com.mysql.jdbc.ConnectionImpl.getInstance(ConnectionImpl.java:302)

	at com.mysql.jdbc.NonRegisteringDriver.connect(NonRegisteringDriver.java:282)

	at java.sql.DriverManager.getConnection(Unknown Source)

	at java.sql.DriverManager.getConnection(Unknown Source)

	at MySQLLoader.makeConnection(MySQLLoader.java:13)

Caused by: java.net.ConnectException: Connection timed out: connect

	at java.net.DualStackPlainSocketImpl.connect0(Native Method)

	at java.net.DualStackPlainSocketImpl.socketConnect(Unknown Source)

	at java.net.AbstractPlainSocketImpl.doConnect(Unknown Source)

	at java.net.AbstractPlainSocketImpl.connectToAddress(Unknown Source)

	at java.net.AbstractPlainSocketImpl.connect(Unknown Source)

	at java.net.PlainSocketImpl.connect(Unknown Source)

	at java.net.SocksSocketImpl.connect(Unknown Source)

	at java.net.Socket.connect(Unknown Source)

	at java.net.Socket.connect(Unknown Source)

	at java.net.Socket.<init>(Unknown Source)

	at java.net.Socket.<init>(Unknown Source)

	at com.mysql.jdbc.StandardSocketFactory.connect(StandardSocketFactory.java:253)

	at com.mysql.jdbc.MysqlIO.<init>(MysqlIO.java:280)

	at com.mysql.jdbc.ConnectionImpl.createNewIO(ConnectionImpl.java:2026)

	... 12 more



===== Test Case Error =====
Location: C:\Users\Jovan_Limited\Documents\MATLAB\WholeCell\src_test\+edu\+stanford\+covert\+cell\+kb\KnowledgeBaseUtil_Test.m
Name:     testGetSimulationCodeArchive

C:\Users\Jovan_Limited\Documents\MATLAB\WholeCell\src\+edu\+stanford\+covert\+db\MySQLDatabase.m at line 367
C:\Users\Jovan_Limited\Documents\MATLAB\WholeCell\src\+edu\+stanford\+covert\+db\MySQLDatabase.m at line 69
C:\Users\Jovan_Limited\Documents\MATLAB\WholeCell\src_test\+edu\+stanford\+covert\+cell\+kb\KnowledgeBaseUtil_Test.m at line 12

Java exception occurred:
com.mysql.jdbc.exceptions.jdbc4.CommunicationsException: Communications link failure

Last packet sent to the server was 0 ms ago.

	at sun.reflect.NativeConstructorAccessorImpl.newInstance0(Native Method)

	at sun.reflect.NativeConstructorAccessorImpl.newInstance(Unknown Source)

	at sun.reflect.DelegatingConstructorAccessorImpl.newInstance(Unknown Source)

	at java.lang.reflect.Constructor.newInstance(Unknown Source)

	at com.mysql.jdbc.Util.handleNewInstance(Util.java:406)

	at com.mysql.jdbc.SQLError.createCommunicationsException(SQLError.java:1074)

	at com.mysql.jdbc.ConnectionImpl.createNewIO(ConnectionImpl.java:2103)

	at com.mysql.jdbc.ConnectionImpl.<init>(ConnectionImpl.java:718)

	at com.mysql.jdbc.JDBC4Connection.<init>(JDBC4Connection.java:46)

	at sun.reflect.NativeConstructorAccessorImpl.newInstance0(Native Method)

	at sun.reflect.NativeConstructorAccessorImpl.newInstance(Unknown Source)

	at sun.reflect.DelegatingConstructorAccessorImpl.newInstance(Unknown Source)

	at java.lang.reflect.Constructor.newInstance(Unknown Source)

	at com.mysql.jdbc.Util.handleNewInstance(Util.java:406)

	at com.mysql.jdbc.ConnectionImpl.getInstance(ConnectionImpl.java:302)

	at com.mysql.jdbc.NonRegisteringDriver.connect(NonRegisteringDriver.java:282)

	at java.sql.DriverManager.getConnection(Unknown Source)

	at java.sql.DriverManager.getConnection(Unknown Source)

	at MySQLLoader.makeConnection(MySQLLoader.java:13)

Caused by: java.net.ConnectException: Connection timed out: connect

	at java.net.DualStackPlainSocketImpl.connect0(Native Method)

	at java.net.DualStackPlainSocketImpl.socketConnect(Unknown Source)

	at java.net.AbstractPlainSocketImpl.doConnect(Unknown Source)

	at java.net.AbstractPlainSocketImpl.connectToAddress(Unknown Source)

	at java.net.AbstractPlainSocketImpl.connect(Unknown Source)

	at java.net.PlainSocketImpl.connect(Unknown Source)

	at java.net.SocksSocketImpl.connect(Unknown Source)

	at java.net.Socket.connect(Unknown Source)

	at java.net.Socket.connect(Unknown Source)

	at java.net.Socket.<init>(Unknown Source)

	at java.net.Socket.<init>(Unknown Source)

	at com.mysql.jdbc.StandardSocketFactory.connect(StandardSocketFactory.java:253)

	at com.mysql.jdbc.MysqlIO.<init>(MysqlIO.java:280)

	at com.mysql.jdbc.ConnectionImpl.createNewIO(ConnectionImpl.java:2026)

	... 12 more



===== Test Case Error =====
Location: C:\Users\Jovan_Limited\Documents\MATLAB\WholeCell\src_test\+edu\+stanford\+covert\+cell\+kb\KnowledgeBaseUtil_Test.m
Name:     testSelectLatestSimulation

C:\Users\Jovan_Limited\Documents\MATLAB\WholeCell\src\+edu\+stanford\+covert\+db\MySQLDatabase.m at line 367
C:\Users\Jovan_Limited\Documents\MATLAB\WholeCell\src\+edu\+stanford\+covert\+db\MySQLDatabase.m at line 69
C:\Users\Jovan_Limited\Documents\MATLAB\WholeCell\src_test\+edu\+stanford\+covert\+cell\+kb\KnowledgeBaseUtil_Test.m at line 12

Java exception occurred:
com.mysql.jdbc.exceptions.jdbc4.CommunicationsException: Communications link failure

Last packet sent to the server was 0 ms ago.

	at sun.reflect.GeneratedConstructorAccessor24.newInstance(Unknown Source)

	at sun.reflect.DelegatingConstructorAccessorImpl.newInstance(Unknown Source)

	at java.lang.reflect.Constructor.newInstance(Unknown Source)

	at com.mysql.jdbc.Util.handleNewInstance(Util.java:406)

	at com.mysql.jdbc.SQLError.createCommunicationsException(SQLError.java:1074)

	at com.mysql.jdbc.ConnectionImpl.createNewIO(ConnectionImpl.java:2103)

	at com.mysql.jdbc.ConnectionImpl.<init>(ConnectionImpl.java:718)

	at com.mysql.jdbc.JDBC4Connection.<init>(JDBC4Connection.java:46)

	at sun.reflect.GeneratedConstructorAccessor21.newInstance(Unknown Source)

	at sun.reflect.DelegatingConstructorAccessorImpl.newInstance(Unknown Source)

	at java.lang.reflect.Constructor.newInstance(Unknown Source)

	at com.mysql.jdbc.Util.handleNewInstance(Util.java:406)

	at com.mysql.jdbc.ConnectionImpl.getInstance(ConnectionImpl.java:302)

	at com.mysql.jdbc.NonRegisteringDriver.connect(NonRegisteringDriver.java:282)

	at java.sql.DriverManager.getConnection(Unknown Source)

	at java.sql.DriverManager.getConnection(Unknown Source)

	at MySQLLoader.makeConnection(MySQLLoader.java:13)

Caused by: java.net.ConnectException: Connection timed out: connect

	at java.net.DualStackPlainSocketImpl.connect0(Native Method)

	at java.net.DualStackPlainSocketImpl.socketConnect(Unknown Source)

	at java.net.AbstractPlainSocketImpl.doConnect(Unknown Source)

	at java.net.AbstractPlainSocketImpl.connectToAddress(Unknown Source)

	at java.net.AbstractPlainSocketImpl.connect(Unknown Source)

	at java.net.PlainSocketImpl.connect(Unknown Source)

	at java.net.SocksSocketImpl.connect(Unknown Source)

	at java.net.Socket.connect(Unknown Source)

	at java.net.Socket.connect(Unknown Source)

	at java.net.Socket.<init>(Unknown Source)

	at java.net.Socket.<init>(Unknown Source)

	at com.mysql.jdbc.StandardSocketFactory.connect(StandardSocketFactory.java:253)

	at com.mysql.jdbc.MysqlIO.<init>(MysqlIO.java:280)

	at com.mysql.jdbc.ConnectionImpl.createNewIO(ConnectionImpl.java:2026)

	... 11 more



===== Test Case Error =====
Location: C:\Users\Jovan_Limited\Documents\MATLAB\WholeCell\src_test\+edu\+stanford\+covert\+cell\+kb\KnowledgeBaseUtil_Test.m
Name:     testSelectLatestKnowledgeBase

C:\Users\Jovan_Limited\Documents\MATLAB\WholeCell\src\+edu\+stanford\+covert\+db\MySQLDatabase.m at line 367
C:\Users\Jovan_Limited\Documents\MATLAB\WholeCell\src\+edu\+stanford\+covert\+db\MySQLDatabase.m at line 69
C:\Users\Jovan_Limited\Documents\MATLAB\WholeCell\src_test\+edu\+stanford\+covert\+cell\+kb\KnowledgeBaseUtil_Test.m at line 12

Java exception occurred:
com.mysql.jdbc.exceptions.jdbc4.CommunicationsException: Communications link failure

Last packet sent to the server was 0 ms ago.

	at sun.reflect.GeneratedConstructorAccessor24.newInstance(Unknown Source)

	at sun.reflect.DelegatingConstructorAccessorImpl.newInstance(Unknown Source)

	at java.lang.reflect.Constructor.newInstance(Unknown Source)

	at com.mysql.jdbc.Util.handleNewInstance(Util.java:406)

	at com.mysql.jdbc.SQLError.createCommunicationsException(SQLError.java:1074)

	at com.mysql.jdbc.ConnectionImpl.createNewIO(ConnectionImpl.java:2103)

	at com.mysql.jdbc.ConnectionImpl.<init>(ConnectionImpl.java:718)

	at com.mysql.jdbc.JDBC4Connection.<init>(JDBC4Connection.java:46)

	at sun.reflect.GeneratedConstructorAccessor21.newInstance(Unknown Source)

	at sun.reflect.DelegatingConstructorAccessorImpl.newInstance(Unknown Source)

	at java.lang.reflect.Constructor.newInstance(Unknown Source)

	at com.mysql.jdbc.Util.handleNewInstance(Util.java:406)

	at com.mysql.jdbc.ConnectionImpl.getInstance(ConnectionImpl.java:302)

	at com.mysql.jdbc.NonRegisteringDriver.connect(NonRegisteringDriver.java:282)

	at java.sql.DriverManager.getConnection(Unknown Source)

	at java.sql.DriverManager.getConnection(Unknown Source)

	at MySQLLoader.makeConnection(MySQLLoader.java:13)

Caused by: java.net.ConnectException: Connection refused: connect

	at java.net.DualStackPlainSocketImpl.connect0(Native Method)

	at java.net.DualStackPlainSocketImpl.socketConnect(Unknown Source)

	at java.net.AbstractPlainSocketImpl.doConnect(Unknown Source)

	at java.net.AbstractPlainSocketImpl.connectToAddress(Unknown Source)

	at java.net.AbstractPlainSocketImpl.connect(Unknown Source)

	at java.net.PlainSocketImpl.connect(Unknown Source)

	at java.net.SocksSocketImpl.connect(Unknown Source)

	at java.net.Socket.connect(Unknown Source)

	at java.net.Socket.connect(Unknown Source)

	at java.net.Socket.<init>(Unknown Source)

	at java.net.Socket.<init>(Unknown Source)

	at com.mysql.jdbc.StandardSocketFactory.connect(StandardSocketFactory.java:253)

	at com.mysql.jdbc.MysqlIO.<init>(MysqlIO.java:280)

	at com.mysql.jdbc.ConnectionImpl.createNewIO(ConnectionImpl.java:2026)

	... 11 more



===== Test Case Error =====
Location: C:\Users\Jovan_Limited\Documents\MATLAB\WholeCell\src_test\+edu\+stanford\+covert\+db\MySQLDatabase_Test.m
Name:     testIsValid

C:\Users\Jovan_Limited\Documents\MATLAB\WholeCell\src\+edu\+stanford\+covert\+db\MySQLDatabase.m at line 367
C:\Users\Jovan_Limited\Documents\MATLAB\WholeCell\src\+edu\+stanford\+covert\+db\MySQLDatabase.m at line 69
C:\Users\Jovan_Limited\Documents\MATLAB\WholeCell\src_test\+edu\+stanford\+covert\+db\MySQLDatabase_Test.m at line 23

Java exception occurred:
com.mysql.jdbc.exceptions.jdbc4.CommunicationsException: Communications link failure

Last packet sent to the server was 0 ms ago.

	at sun.reflect.GeneratedConstructorAccessor24.newInstance(Unknown Source)

	at sun.reflect.DelegatingConstructorAccessorImpl.newInstance(Unknown Source)

	at java.lang.reflect.Constructor.newInstance(Unknown Source)

	at com.mysql.jdbc.Util.handleNewInstance(Util.java:406)

	at com.mysql.jdbc.SQLError.createCommunicationsException(SQLError.java:1074)

	at com.mysql.jdbc.ConnectionImpl.createNewIO(ConnectionImpl.java:2103)

	at com.mysql.jdbc.ConnectionImpl.<init>(ConnectionImpl.java:718)

	at com.mysql.jdbc.JDBC4Connection.<init>(JDBC4Connection.java:46)

	at sun.reflect.GeneratedConstructorAccessor21.newInstance(Unknown Source)

	at sun.reflect.DelegatingConstructorAccessorImpl.newInstance(Unknown Source)

	at java.lang.reflect.Constructor.newInstance(Unknown Source)

	at com.mysql.jdbc.Util.handleNewInstance(Util.java:406)

	at com.mysql.jdbc.ConnectionImpl.getInstance(ConnectionImpl.java:302)

	at com.mysql.jdbc.NonRegisteringDriver.connect(NonRegisteringDriver.java:282)

	at java.sql.DriverManager.getConnection(Unknown Source)

	at java.sql.DriverManager.getConnection(Unknown Source)

	at MySQLLoader.makeConnection(MySQLLoader.java:13)

Caused by: java.net.ConnectException: Connection timed out: connect

	at java.net.DualStackPlainSocketImpl.connect0(Native Method)

	at java.net.DualStackPlainSocketImpl.socketConnect(Unknown Source)

	at java.net.AbstractPlainSocketImpl.doConnect(Unknown Source)

	at java.net.AbstractPlainSocketImpl.connectToAddress(Unknown Source)

	at java.net.AbstractPlainSocketImpl.connect(Unknown Source)

	at java.net.PlainSocketImpl.connect(Unknown Source)

	at java.net.SocksSocketImpl.connect(Unknown Source)

	at java.net.Socket.connect(Unknown Source)

	at java.net.Socket.connect(Unknown Source)

	at java.net.Socket.<init>(Unknown Source)

	at java.net.Socket.<init>(Unknown Source)

	at com.mysql.jdbc.StandardSocketFactory.connect(StandardSocketFactory.java:253)

	at com.mysql.jdbc.MysqlIO.<init>(MysqlIO.java:280)

	at com.mysql.jdbc.ConnectionImpl.createNewIO(ConnectionImpl.java:2026)

	... 11 more



===== Test Case Error =====
Location: C:\Users\Jovan_Limited\Documents\MATLAB\WholeCell\src_test\+edu\+stanford\+covert\+db\MySQLDatabase_Test.m
Name:     testIsClosed

C:\Users\Jovan_Limited\Documents\MATLAB\WholeCell\src\+edu\+stanford\+covert\+db\MySQLDatabase.m at line 367
C:\Users\Jovan_Limited\Documents\MATLAB\WholeCell\src\+edu\+stanford\+covert\+db\MySQLDatabase.m at line 69
C:\Users\Jovan_Limited\Documents\MATLAB\WholeCell\src_test\+edu\+stanford\+covert\+db\MySQLDatabase_Test.m at line 23

Java exception occurred:
com.mysql.jdbc.exceptions.jdbc4.CommunicationsException: Communications link failure

Last packet sent to the server was 0 ms ago.

	at sun.reflect.GeneratedConstructorAccessor24.newInstance(Unknown Source)

	at sun.reflect.DelegatingConstructorAccessorImpl.newInstance(Unknown Source)

	at java.lang.reflect.Constructor.newInstance(Unknown Source)

	at com.mysql.jdbc.Util.handleNewInstance(Util.java:406)

	at com.mysql.jdbc.SQLError.createCommunicationsException(SQLError.java:1074)

	at com.mysql.jdbc.ConnectionImpl.createNewIO(ConnectionImpl.java:2103)

	at com.mysql.jdbc.ConnectionImpl.<init>(ConnectionImpl.java:718)

	at com.mysql.jdbc.JDBC4Connection.<init>(JDBC4Connection.java:46)

	at sun.reflect.GeneratedConstructorAccessor21.newInstance(Unknown Source)

	at sun.reflect.DelegatingConstructorAccessorImpl.newInstance(Unknown Source)

	at java.lang.reflect.Constructor.newInstance(Unknown Source)

	at com.mysql.jdbc.Util.handleNewInstance(Util.java:406)

	at com.mysql.jdbc.ConnectionImpl.getInstance(ConnectionImpl.java:302)

	at com.mysql.jdbc.NonRegisteringDriver.connect(NonRegisteringDriver.java:282)

	at java.sql.DriverManager.getConnection(Unknown Source)

	at java.sql.DriverManager.getConnection(Unknown Source)

	at MySQLLoader.makeConnection(MySQLLoader.java:13)

Caused by: java.net.ConnectException: Connection timed out: connect

	at java.net.DualStackPlainSocketImpl.connect0(Native Method)

	at java.net.DualStackPlainSocketImpl.socketConnect(Unknown Source)

	at java.net.AbstractPlainSocketImpl.doConnect(Unknown Source)

	at java.net.AbstractPlainSocketImpl.connectToAddress(Unknown Source)

	at java.net.AbstractPlainSocketImpl.connect(Unknown Source)

	at java.net.PlainSocketImpl.connect(Unknown Source)

	at java.net.SocksSocketImpl.connect(Unknown Source)

	at java.net.Socket.connect(Unknown Source)

	at java.net.Socket.connect(Unknown Source)

	at java.net.Socket.<init>(Unknown Source)

	at java.net.Socket.<init>(Unknown Source)

	at com.mysql.jdbc.StandardSocketFactory.connect(StandardSocketFactory.java:253)

	at com.mysql.jdbc.MysqlIO.<init>(MysqlIO.java:280)

	at com.mysql.jdbc.ConnectionImpl.createNewIO(ConnectionImpl.java:2026)

	... 11 more



===== Test Case Error =====
Location: C:\Users\Jovan_Limited\Documents\MATLAB\WholeCell\src_test\+edu\+stanford\+covert\+db\MySQLDatabase_Test.m
Name:     testReopen

C:\Users\Jovan_Limited\Documents\MATLAB\WholeCell\src\+edu\+stanford\+covert\+db\MySQLDatabase.m at line 367
C:\Users\Jovan_Limited\Documents\MATLAB\WholeCell\src\+edu\+stanford\+covert\+db\MySQLDatabase.m at line 69
C:\Users\Jovan_Limited\Documents\MATLAB\WholeCell\src_test\+edu\+stanford\+covert\+db\MySQLDatabase_Test.m at line 23

Java exception occurred:
com.mysql.jdbc.exceptions.jdbc4.CommunicationsException: Communications link failure

Last packet sent to the server was 0 ms ago.

	at sun.reflect.GeneratedConstructorAccessor24.newInstance(Unknown Source)

	at sun.reflect.DelegatingConstructorAccessorImpl.newInstance(Unknown Source)

	at java.lang.reflect.Constructor.newInstance(Unknown Source)

	at com.mysql.jdbc.Util.handleNewInstance(Util.java:406)

	at com.mysql.jdbc.SQLError.createCommunicationsException(SQLError.java:1074)

	at com.mysql.jdbc.ConnectionImpl.createNewIO(ConnectionImpl.java:2103)

	at com.mysql.jdbc.ConnectionImpl.<init>(ConnectionImpl.java:718)

	at com.mysql.jdbc.JDBC4Connection.<init>(JDBC4Connection.java:46)

	at sun.reflect.GeneratedConstructorAccessor21.newInstance(Unknown Source)

	at sun.reflect.DelegatingConstructorAccessorImpl.newInstance(Unknown Source)

	at java.lang.reflect.Constructor.newInstance(Unknown Source)

	at com.mysql.jdbc.Util.handleNewInstance(Util.java:406)

	at com.mysql.jdbc.ConnectionImpl.getInstance(ConnectionImpl.java:302)

	at com.mysql.jdbc.NonRegisteringDriver.connect(NonRegisteringDriver.java:282)

	at java.sql.DriverManager.getConnection(Unknown Source)

	at java.sql.DriverManager.getConnection(Unknown Source)

	at MySQLLoader.makeConnection(MySQLLoader.java:13)

Caused by: java.net.ConnectException: Connection timed out: connect

	at java.net.DualStackPlainSocketImpl.connect0(Native Method)

	at java.net.DualStackPlainSocketImpl.socketConnect(Unknown Source)

	at java.net.AbstractPlainSocketImpl.doConnect(Unknown Source)

	at java.net.AbstractPlainSocketImpl.connectToAddress(Unknown Source)

	at java.net.AbstractPlainSocketImpl.connect(Unknown Source)

	at java.net.PlainSocketImpl.connect(Unknown Source)

	at java.net.SocksSocketImpl.connect(Unknown Source)

	at java.net.Socket.connect(Unknown Source)

	at java.net.Socket.connect(Unknown Source)

	at java.net.Socket.<init>(Unknown Source)

	at java.net.Socket.<init>(Unknown Source)

	at com.mysql.jdbc.StandardSocketFactory.connect(StandardSocketFactory.java:253)

	at com.mysql.jdbc.MysqlIO.<init>(MysqlIO.java:280)

	at com.mysql.jdbc.ConnectionImpl.createNewIO(ConnectionImpl.java:2026)

	... 11 more



===== Test Case Error =====
Location: C:\Users\Jovan_Limited\Documents\MATLAB\WholeCell\src_test\+edu\+stanford\+covert\+db\MySQLDatabase_Test.m
Name:     testBlobStoringLoading

C:\Users\Jovan_Limited\Documents\MATLAB\WholeCell\src\+edu\+stanford\+covert\+db\MySQLDatabase.m at line 367
C:\Users\Jovan_Limited\Documents\MATLAB\WholeCell\src\+edu\+stanford\+covert\+db\MySQLDatabase.m at line 69
C:\Users\Jovan_Limited\Documents\MATLAB\WholeCell\src_test\+edu\+stanford\+covert\+db\MySQLDatabase_Test.m at line 23

Java exception occurred:
com.mysql.jdbc.exceptions.jdbc4.CommunicationsException: Communications link failure

Last packet sent to the server was 0 ms ago.

	at sun.reflect.GeneratedConstructorAccessor24.newInstance(Unknown Source)

	at sun.reflect.DelegatingConstructorAccessorImpl.newInstance(Unknown Source)

	at java.lang.reflect.Constructor.newInstance(Unknown Source)

	at com.mysql.jdbc.Util.handleNewInstance(Util.java:406)

	at com.mysql.jdbc.SQLError.createCommunicationsException(SQLError.java:1074)

	at com.mysql.jdbc.ConnectionImpl.createNewIO(ConnectionImpl.java:2103)

	at com.mysql.jdbc.ConnectionImpl.<init>(ConnectionImpl.java:718)

	at com.mysql.jdbc.JDBC4Connection.<init>(JDBC4Connection.java:46)

	at sun.reflect.GeneratedConstructorAccessor21.newInstance(Unknown Source)

	at sun.reflect.DelegatingConstructorAccessorImpl.newInstance(Unknown Source)

	at java.lang.reflect.Constructor.newInstance(Unknown Source)

	at com.mysql.jdbc.Util.handleNewInstance(Util.java:406)

	at com.mysql.jdbc.ConnectionImpl.getInstance(ConnectionImpl.java:302)

	at com.mysql.jdbc.NonRegisteringDriver.connect(NonRegisteringDriver.java:282)

	at java.sql.DriverManager.getConnection(Unknown Source)

	at java.sql.DriverManager.getConnection(Unknown Source)

	at MySQLLoader.makeConnection(MySQLLoader.java:13)

Caused by: java.net.ConnectException: Connection timed out: connect

	at java.net.DualStackPlainSocketImpl.connect0(Native Method)

	at java.net.DualStackPlainSocketImpl.socketConnect(Unknown Source)

	at java.net.AbstractPlainSocketImpl.doConnect(Unknown Source)

	at java.net.AbstractPlainSocketImpl.connectToAddress(Unknown Source)

	at java.net.AbstractPlainSocketImpl.connect(Unknown Source)

	at java.net.PlainSocketImpl.connect(Unknown Source)

	at java.net.SocksSocketImpl.connect(Unknown Source)

	at java.net.Socket.connect(Unknown Source)

	at java.net.Socket.connect(Unknown Source)

	at java.net.Socket.<init>(Unknown Source)

	at java.net.Socket.<init>(Unknown Source)

	at com.mysql.jdbc.StandardSocketFactory.connect(StandardSocketFactory.java:253)

	at com.mysql.jdbc.MysqlIO.<init>(MysqlIO.java:280)

	at com.mysql.jdbc.ConnectionImpl.createNewIO(ConnectionImpl.java:2026)

	... 11 more



===== Test Case Failure =====
Location: C:\Users\Jovan_Limited\Documents\MATLAB\WholeCell\src_test\+edu\+stanford\+covert\+util\Absolutepath_Test.m
Name:     testAbsolutepath

C:\Users\Jovan_Limited\Documents\MATLAB\WholeCell\lib\absolutepath\absolutepath.m at line 53
C:\Users\Jovan_Limited\Documents\MATLAB\WholeCell\src_test\+edu\+stanford\+covert\+util\Absolutepath_Test.m at line 13

The path C:\Users\Jovan_Limited\Documents\MATLAB\simulation\runSmallTests.m or file C:\Users\Jovan_Limited\Documents\MATLAB\simulation\runSmallTests.m doesn't exist


===== Test Case Failure =====
Location: C:\Users\Jovan_Limited\Documents\MATLAB\WholeCell\src_test\+edu\+stanford\+covert\+util\CircularMat_Test.m
Name:     testSize

C:\Users\Jovan_Limited\Documents\MATLAB\WholeCell\src_test\+edu\+stanford\+covert\+util\CircularMat_Test.m at line 139

Inputs are not equal.

First input:
4x3x2 CircularMat of type double with no circular dimensions

(:,:,1) =

     0   NaN     0
     0  -Inf     0
     4   Inf     0
     0     0    -1


(:,:,2) =

     3     0     0
     0     0     0
     0     2     0
     0     0     0

Second input:
4x3x2 CircularMat of type double with no circular dimensions

(:,:,1) =

     0   NaN     0
     0  -Inf     0
     4   Inf     0
     0     0    -1


(:,:,2) =

     3     0     0
     0     0     0
     0     2     0
     0     0     0


===== Test Case Failure =====
Location: C:\Users\Jovan_Limited\Documents\MATLAB\WholeCell\src_test\+edu\+stanford\+covert\+util\IOUtil_Test.m
Name:     testBinaryArray

C:\Users\Jovan_Limited\Documents\MATLAB\WholeCell\src\+edu\+stanford\+covert\+util\IOUtil.m at line 69
C:\Users\Jovan_Limited\Documents\MATLAB\WholeCell\src\+edu\+stanford\+covert\+util\IOUtil.m at line 39
C:\Users\Jovan_Limited\Documents\MATLAB\WholeCell\src_test\+edu\+stanford\+covert\+util\IOUtil_Test.m at line 88

Invalid file identifier. Use fopen to generate a valid file identifier.


===== Test Case Failure =====
Location: C:\Users\Jovan_Limited\Documents\MATLAB\WholeCell\src_test\+edu\+stanford\+covert\+util\IOUtil_Test.m
Name:     testDoubleArray

C:\Users\Jovan_Limited\Documents\MATLAB\WholeCell\src\+edu\+stanford\+covert\+util\IOUtil.m at line 69
C:\Users\Jovan_Limited\Documents\MATLAB\WholeCell\src\+edu\+stanford\+covert\+util\IOUtil.m at line 39
C:\Users\Jovan_Limited\Documents\MATLAB\WholeCell\src_test\+edu\+stanford\+covert\+util\IOUtil_Test.m at line 81

Invalid file identifier. Use fopen to generate a valid file identifier.


===== Test Case Failure =====
Location: C:\Users\Jovan_Limited\Documents\MATLAB\WholeCell\src_test\+edu\+stanford\+covert\+util\IOUtil_Test.m
Name:     testSingleArray

C:\Users\Jovan_Limited\Documents\MATLAB\WholeCell\src\+edu\+stanford\+covert\+util\IOUtil.m at line 69
C:\Users\Jovan_Limited\Documents\MATLAB\WholeCell\src\+edu\+stanford\+covert\+util\IOUtil.m at line 39
C:\Users\Jovan_Limited\Documents\MATLAB\WholeCell\src_test\+edu\+stanford\+covert\+util\IOUtil_Test.m at line 74

Invalid file identifier. Use fopen to generate a valid file identifier.


===== Test Case Failure =====
Location: C:\Users\Jovan_Limited\Documents\MATLAB\WholeCell\src_test\+edu\+stanford\+covert\+util\IOUtil_Test.m
Name:     testInt32Array

C:\Users\Jovan_Limited\Documents\MATLAB\WholeCell\src\+edu\+stanford\+covert\+util\IOUtil.m at line 69
C:\Users\Jovan_Limited\Documents\MATLAB\WholeCell\src\+edu\+stanford\+covert\+util\IOUtil.m at line 39
C:\Users\Jovan_Limited\Documents\MATLAB\WholeCell\src_test\+edu\+stanford\+covert\+util\IOUtil_Test.m at line 67

Invalid file identifier. Use fopen to generate a valid file identifier.


===== Test Case Failure =====
Location: C:\Users\Jovan_Limited\Documents\MATLAB\WholeCell\src_test\+edu\+stanford\+covert\+util\IOUtil_Test.m
Name:     testInt16Array

C:\Users\Jovan_Limited\Documents\MATLAB\WholeCell\src\+edu\+stanford\+covert\+util\IOUtil.m at line 69
C:\Users\Jovan_Limited\Documents\MATLAB\WholeCell\src\+edu\+stanford\+covert\+util\IOUtil.m at line 39
C:\Users\Jovan_Limited\Documents\MATLAB\WholeCell\src_test\+edu\+stanford\+covert\+util\IOUtil_Test.m at line 60

Invalid file identifier. Use fopen to generate a valid file identifier.


===== Test Case Failure =====
Location: C:\Users\Jovan_Limited\Documents\MATLAB\WholeCell\src_test\+edu\+stanford\+covert\+util\IOUtil_Test.m
Name:     testInt8Array

C:\Users\Jovan_Limited\Documents\MATLAB\WholeCell\src\+edu\+stanford\+covert\+util\IOUtil.m at line 69
C:\Users\Jovan_Limited\Documents\MATLAB\WholeCell\src\+edu\+stanford\+covert\+util\IOUtil.m at line 39
C:\Users\Jovan_Limited\Documents\MATLAB\WholeCell\src_test\+edu\+stanford\+covert\+util\IOUtil_Test.m at line 53

Invalid file identifier. Use fopen to generate a valid file identifier.


===== Test Case Failure =====
Location: C:\Users\Jovan_Limited\Documents\MATLAB\WholeCell\src_test\+edu\+stanford\+covert\+util\IOUtil_Test.m
Name:     testUint32Array

C:\Users\Jovan_Limited\Documents\MATLAB\WholeCell\src\+edu\+stanford\+covert\+util\IOUtil.m at line 69
C:\Users\Jovan_Limited\Documents\MATLAB\WholeCell\src\+edu\+stanford\+covert\+util\IOUtil.m at line 39
C:\Users\Jovan_Limited\Documents\MATLAB\WholeCell\src_test\+edu\+stanford\+covert\+util\IOUtil_Test.m at line 46

Invalid file identifier. Use fopen to generate a valid file identifier.


===== Test Case Failure =====
Location: C:\Users\Jovan_Limited\Documents\MATLAB\WholeCell\src_test\+edu\+stanford\+covert\+util\IOUtil_Test.m
Name:     testUint16Array

C:\Users\Jovan_Limited\Documents\MATLAB\WholeCell\src\+edu\+stanford\+covert\+util\IOUtil.m at line 69
C:\Users\Jovan_Limited\Documents\MATLAB\WholeCell\src\+edu\+stanford\+covert\+util\IOUtil.m at line 39
C:\Users\Jovan_Limited\Documents\MATLAB\WholeCell\src_test\+edu\+stanford\+covert\+util\IOUtil_Test.m at line 39

Invalid file identifier. Use fopen to generate a valid file identifier.


===== Test Case Failure =====
Location: C:\Users\Jovan_Limited\Documents\MATLAB\WholeCell\src_test\+edu\+stanford\+covert\+util\IOUtil_Test.m
Name:     testUint8Array

C:\Users\Jovan_Limited\Documents\MATLAB\WholeCell\src\+edu\+stanford\+covert\+util\IOUtil.m at line 69
C:\Users\Jovan_Limited\Documents\MATLAB\WholeCell\src\+edu\+stanford\+covert\+util\IOUtil.m at line 39
C:\Users\Jovan_Limited\Documents\MATLAB\WholeCell\src_test\+edu\+stanford\+covert\+util\IOUtil_Test.m at line 32

Invalid file identifier. Use fopen to generate a valid file identifier.


===== Test Case Failure =====
Location: C:\Users\Jovan_Limited\Documents\MATLAB\WholeCell\src_test\+edu\+stanford\+covert\+util\IOUtil_Test.m
Name:     testCellStringArray

C:\Users\Jovan_Limited\Documents\MATLAB\WholeCell\src\+edu\+stanford\+covert\+util\IOUtil.m at line 69
C:\Users\Jovan_Limited\Documents\MATLAB\WholeCell\src\+edu\+stanford\+covert\+util\IOUtil.m at line 39
C:\Users\Jovan_Limited\Documents\MATLAB\WholeCell\src_test\+edu\+stanford\+covert\+util\IOUtil_Test.m at line 25

Invalid file identifier. Use fopen to generate a valid file identifier.


===== Test Case Failure =====
Location: C:\Users\Jovan_Limited\Documents\MATLAB\WholeCell\src_test\+edu\+stanford\+covert\+util\IOUtil_Test.m
Name:     testStringArray

C:\Users\Jovan_Limited\Documents\MATLAB\WholeCell\src\+edu\+stanford\+covert\+util\IOUtil.m at line 69
C:\Users\Jovan_Limited\Documents\MATLAB\WholeCell\src\+edu\+stanford\+covert\+util\IOUtil.m at line 39
C:\Users\Jovan_Limited\Documents\MATLAB\WholeCell\src_test\+edu\+stanford\+covert\+util\IOUtil_Test.m at line 18

Invalid file identifier. Use fopen to generate a valid file identifier.


===== Test Case Failure =====
Location: C:\Users\Jovan_Limited\Documents\MATLAB\WholeCell\src_test\+edu\+stanford\+covert\+util\RandStream_Test.m
Name:     testReproducibility

C:\Users\Jovan_Limited\Documents\MATLAB\WholeCell\src_test\+edu\+stanford\+covert\+util\RandStream_Test.m at line 212

The class RandStream has no property or method named 'getDefaultStream'.


===== Test Case Failure =====
Location: C:\Users\Jovan_Limited\Documents\MATLAB\WholeCell\src_test\+edu\+stanford\+covert\+util\SparseMat_Test.m
Name:     testSetOperators

C:\Users\Jovan_Limited\Documents\MATLAB\WholeCell\src_test\+edu\+stanford\+covert\+util\SparseMat_Test.m at line 1709

Inputs are not equal.

First input:
1x0 edu.stanford.covert.util.SparseMat of type double with 0 non-zeros

Second input:
0x1 edu.stanford.covert.util.SparseMat of type double with 0 non-zeros

>>
